{"total": {"lines":{"total":3489,"covered":358,"skipped":0,"pct":10.26},"statements":{"total":3587,"covered":365,"skipped":0,"pct":10.17},"functions":{"total":875,"covered":117,"skipped":0,"pct":13.37},"branches":{"total":2275,"covered":184,"skipped":0,"pct":8.08},"branchesTrue":{"total":0,"covered":0,"skipped":0,"pct":100}}
,"/home/user0/projects/selendra-biz/selendra/selendra-sdk/typescript/src/sdk.ts": {"lines":{"total":106,"covered":0,"skipped":0,"pct":0},"functions":{"total":33,"covered":0,"skipped":0,"pct":0},"statements":{"total":113,"covered":0,"skipped":0,"pct":0},"branches":{"total":72,"covered":0,"skipped":0,"pct":0}}
,"/home/user0/projects/selendra-biz/selendra/selendra-sdk/typescript/src/evm/account.ts": {"lines":{"total":104,"covered":0,"skipped":0,"pct":0},"functions":{"total":45,"covered":0,"skipped":0,"pct":0},"statements":{"total":107,"covered":0,"skipped":0,"pct":0},"branches":{"total":65,"covered":0,"skipped":0,"pct":0}}
,"/home/user0/projects/selendra-biz/selendra/selendra-sdk/typescript/src/evm/client.ts": {"lines":{"total":280,"covered":0,"skipped":0,"pct":0},"functions":{"total":89,"covered":0,"skipped":0,"pct":0},"statements":{"total":284,"covered":0,"skipped":0,"pct":0},"branches":{"total":149,"covered":0,"skipped":0,"pct":0}}
,"/home/user0/projects/selendra-biz/selendra/selendra-sdk/typescript/src/evm/config.ts": {"lines":{"total":38,"covered":0,"skipped":0,"pct":0},"functions":{"total":10,"covered":0,"skipped":0,"pct":0},"statements":{"total":38,"covered":0,"skipped":0,"pct":0},"branches":{"total":26,"covered":0,"skipped":0,"pct":0}}
,"/home/user0/projects/selendra-biz/selendra/selendra-sdk/typescript/src/evm/contract.ts": {"lines":{"total":218,"covered":0,"skipped":0,"pct":0},"functions":{"total":77,"covered":0,"skipped":0,"pct":0},"statements":{"total":222,"covered":0,"skipped":0,"pct":0},"branches":{"total":170,"covered":0,"skipped":0,"pct":0}}
,"/home/user0/projects/selendra-biz/selendra/selendra-sdk/typescript/src/evm/events.ts": {"lines":{"total":230,"covered":0,"skipped":0,"pct":0},"functions":{"total":42,"covered":0,"skipped":0,"pct":0},"statements":{"total":234,"covered":0,"skipped":0,"pct":0},"branches":{"total":195,"covered":0,"skipped":0,"pct":0}}
,"/home/user0/projects/selendra-biz/selendra/selendra-sdk/typescript/src/evm/index.ts": {"lines":{"total":0,"covered":0,"skipped":0,"pct":0},"functions":{"total":0,"covered":0,"skipped":0,"pct":0},"statements":{"total":0,"covered":0,"skipped":0,"pct":0},"branches":{"total":0,"covered":0,"skipped":0,"pct":0}}
,"/home/user0/projects/selendra-biz/selendra/selendra-sdk/typescript/src/evm/transaction.ts": {"lines":{"total":233,"covered":0,"skipped":0,"pct":0},"functions":{"total":54,"covered":0,"skipped":0,"pct":0},"statements":{"total":233,"covered":0,"skipped":0,"pct":0},"branches":{"total":169,"covered":0,"skipped":0,"pct":0}}
,"/home/user0/projects/selendra-biz/selendra/selendra-sdk/typescript/src/evm/types.ts": {"lines":{"total":0,"covered":0,"skipped":0,"pct":0},"functions":{"total":0,"covered":0,"skipped":0,"pct":0},"statements":{"total":0,"covered":0,"skipped":0,"pct":0},"branches":{"total":0,"covered":0,"skipped":0,"pct":0}}
,"/home/user0/projects/selendra-biz/selendra/selendra-sdk/typescript/src/evm/examples/usage.ts": {"lines":{"total":126,"covered":0,"skipped":0,"pct":0},"functions":{"total":18,"covered":0,"skipped":0,"pct":0},"statements":{"total":126,"covered":0,"skipped":0,"pct":0},"branches":{"total":6,"covered":0,"skipped":0,"pct":0}}
,"/home/user0/projects/selendra-biz/selendra/selendra-sdk/typescript/src/react/hooks-substrate.ts": {"lines":{"total":300,"covered":0,"skipped":0,"pct":0},"functions":{"total":65,"covered":0,"skipped":0,"pct":0},"statements":{"total":333,"covered":0,"skipped":0,"pct":0},"branches":{"total":166,"covered":0,"skipped":0,"pct":0}}
,"/home/user0/projects/selendra-biz/selendra/selendra-sdk/typescript/src/react/hooks.ts": {"lines":{"total":294,"covered":0,"skipped":0,"pct":0},"functions":{"total":66,"covered":0,"skipped":0,"pct":0},"statements":{"total":301,"covered":0,"skipped":0,"pct":0},"branches":{"total":151,"covered":0,"skipped":0,"pct":0}}
,"/home/user0/projects/selendra-biz/selendra/selendra-sdk/typescript/src/react/index.ts": {"lines":{"total":0,"covered":0,"skipped":0,"pct":0},"functions":{"total":0,"covered":0,"skipped":0,"pct":0},"statements":{"total":0,"covered":0,"skipped":0,"pct":0},"branches":{"total":0,"covered":0,"skipped":0,"pct":0}}
,"/home/user0/projects/selendra-biz/selendra/selendra-sdk/typescript/src/react/types.ts": {"lines":{"total":0,"covered":0,"skipped":0,"pct":0},"functions":{"total":0,"covered":0,"skipped":0,"pct":0},"statements":{"total":0,"covered":0,"skipped":0,"pct":0},"branches":{"total":0,"covered":0,"skipped":0,"pct":0}}
,"/home/user0/projects/selendra-biz/selendra/selendra-sdk/typescript/src/react/utils.ts": {"lines":{"total":254,"covered":0,"skipped":0,"pct":0},"functions":{"total":39,"covered":0,"skipped":0,"pct":0},"statements":{"total":265,"covered":0,"skipped":0,"pct":0},"branches":{"total":208,"covered":0,"skipped":0,"pct":0}}
,"/home/user0/projects/selendra-biz/selendra/selendra-sdk/typescript/src/react/examples/index.ts": {"lines":{"total":0,"covered":0,"skipped":0,"pct":0},"functions":{"total":0,"covered":0,"skipped":0,"pct":0},"statements":{"total":0,"covered":0,"skipped":0,"pct":0},"branches":{"total":0,"covered":0,"skipped":0,"pct":0}}
,"/home/user0/projects/selendra-biz/selendra/selendra-sdk/typescript/src/sdk/connection.ts": {"lines":{"total":56,"covered":0,"skipped":0,"pct":0},"functions":{"total":10,"covered":0,"skipped":0,"pct":0},"statements":{"total":56,"covered":0,"skipped":0,"pct":0},"branches":{"total":44,"covered":0,"skipped":0,"pct":0}}
,"/home/user0/projects/selendra-biz/selendra/selendra-sdk/typescript/src/sdk/evm.ts": {"lines":{"total":61,"covered":0,"skipped":0,"pct":0},"functions":{"total":18,"covered":0,"skipped":0,"pct":0},"statements":{"total":61,"covered":0,"skipped":0,"pct":0},"branches":{"total":55,"covered":0,"skipped":0,"pct":0}}
,"/home/user0/projects/selendra-biz/selendra/selendra-sdk/typescript/src/sdk/index.ts": {"lines":{"total":63,"covered":0,"skipped":0,"pct":0},"functions":{"total":26,"covered":0,"skipped":0,"pct":0},"statements":{"total":63,"covered":0,"skipped":0,"pct":0},"branches":{"total":12,"covered":0,"skipped":0,"pct":0}}
,"/home/user0/projects/selendra-biz/selendra/selendra-sdk/typescript/src/sdk/substrate.ts": {"lines":{"total":87,"covered":0,"skipped":0,"pct":0},"functions":{"total":22,"covered":0,"skipped":0,"pct":0},"statements":{"total":89,"covered":0,"skipped":0,"pct":0},"branches":{"total":51,"covered":0,"skipped":0,"pct":0}}
,"/home/user0/projects/selendra-biz/selendra/selendra-sdk/typescript/src/sdk/unified.ts": {"lines":{"total":61,"covered":0,"skipped":0,"pct":0},"functions":{"total":16,"covered":0,"skipped":0,"pct":0},"statements":{"total":61,"covered":0,"skipped":0,"pct":0},"branches":{"total":57,"covered":0,"skipped":0,"pct":0}}
,"/home/user0/projects/selendra-biz/selendra/selendra-sdk/typescript/src/substrate/aleph.ts": {"lines":{"total":129,"covered":75,"skipped":0,"pct":58.13},"functions":{"total":31,"covered":24,"skipped":0,"pct":77.41},"statements":{"total":133,"covered":77,"skipped":0,"pct":57.89},"branches":{"total":78,"covered":33,"skipped":0,"pct":42.3}}
,"/home/user0/projects/selendra-biz/selendra/selendra-sdk/typescript/src/substrate/democracy.ts": {"lines":{"total":173,"covered":99,"skipped":0,"pct":57.22},"functions":{"total":31,"covered":31,"skipped":0,"pct":100},"statements":{"total":175,"covered":101,"skipped":0,"pct":57.71},"branches":{"total":119,"covered":52,"skipped":0,"pct":43.69}}
,"/home/user0/projects/selendra-biz/selendra/selendra-sdk/typescript/src/substrate/elections.ts": {"lines":{"total":71,"covered":40,"skipped":0,"pct":56.33},"functions":{"total":23,"covered":19,"skipped":0,"pct":82.6},"statements":{"total":73,"covered":42,"skipped":0,"pct":57.53},"branches":{"total":35,"covered":15,"skipped":0,"pct":42.85}}
,"/home/user0/projects/selendra-biz/selendra/selendra-sdk/typescript/src/substrate/index.ts": {"lines":{"total":0,"covered":0,"skipped":0,"pct":0},"functions":{"total":0,"covered":0,"skipped":0,"pct":0},"statements":{"total":0,"covered":0,"skipped":0,"pct":0},"branches":{"total":0,"covered":0,"skipped":0,"pct":0}}
,"/home/user0/projects/selendra-biz/selendra/selendra-sdk/typescript/src/substrate/staking.ts": {"lines":{"total":99,"covered":50,"skipped":0,"pct":50.5},"functions":{"total":35,"covered":19,"skipped":0,"pct":54.28},"statements":{"total":104,"covered":51,"skipped":0,"pct":49.03},"branches":{"total":73,"covered":21,"skipped":0,"pct":28.76}}
,"/home/user0/projects/selendra-biz/selendra/selendra-sdk/typescript/src/types/address.ts": {"lines":{"total":41,"covered":0,"skipped":0,"pct":0},"functions":{"total":5,"covered":0,"skipped":0,"pct":0},"statements":{"total":41,"covered":0,"skipped":0,"pct":0},"branches":{"total":38,"covered":0,"skipped":0,"pct":0}}
,"/home/user0/projects/selendra-biz/selendra/selendra-sdk/typescript/src/types/balance.ts": {"lines":{"total":60,"covered":0,"skipped":0,"pct":0},"functions":{"total":10,"covered":0,"skipped":0,"pct":0},"statements":{"total":60,"covered":0,"skipped":0,"pct":0},"branches":{"total":47,"covered":0,"skipped":0,"pct":0}}
,"/home/user0/projects/selendra-biz/selendra/selendra-sdk/typescript/src/types/chain-info.ts": {"lines":{"total":29,"covered":0,"skipped":0,"pct":0},"functions":{"total":9,"covered":0,"skipped":0,"pct":0},"statements":{"total":29,"covered":0,"skipped":0,"pct":0},"branches":{"total":25,"covered":0,"skipped":0,"pct":0}}
,"/home/user0/projects/selendra-biz/selendra/selendra-sdk/typescript/src/types/common.ts": {"lines":{"total":0,"covered":0,"skipped":0,"pct":0},"functions":{"total":0,"covered":0,"skipped":0,"pct":0},"statements":{"total":0,"covered":0,"skipped":0,"pct":0},"branches":{"total":0,"covered":0,"skipped":0,"pct":0}}
,"/home/user0/projects/selendra-biz/selendra/selendra-sdk/typescript/src/types/connection.ts": {"lines":{"total":14,"covered":0,"skipped":0,"pct":0},"functions":{"total":5,"covered":0,"skipped":0,"pct":0},"statements":{"total":14,"covered":0,"skipped":0,"pct":0},"branches":{"total":0,"covered":0,"skipped":0,"pct":100}}
,"/home/user0/projects/selendra-biz/selendra/selendra-sdk/typescript/src/types/error.ts": {"lines":{"total":48,"covered":0,"skipped":0,"pct":0},"functions":{"total":16,"covered":0,"skipped":0,"pct":0},"statements":{"total":48,"covered":0,"skipped":0,"pct":0},"branches":{"total":50,"covered":0,"skipped":0,"pct":0}}
,"/home/user0/projects/selendra-biz/selendra/selendra-sdk/typescript/src/types/evm.ts": {"lines":{"total":0,"covered":0,"skipped":0,"pct":0},"functions":{"total":0,"covered":0,"skipped":0,"pct":0},"statements":{"total":0,"covered":0,"skipped":0,"pct":0},"branches":{"total":0,"covered":0,"skipped":0,"pct":0}}
,"/home/user0/projects/selendra-biz/selendra/selendra-sdk/typescript/src/types/hash.ts": {"lines":{"total":86,"covered":0,"skipped":0,"pct":0},"functions":{"total":16,"covered":0,"skipped":0,"pct":0},"statements":{"total":91,"covered":0,"skipped":0,"pct":0},"branches":{"total":56,"covered":0,"skipped":0,"pct":0}}
,"/home/user0/projects/selendra-biz/selendra/selendra-sdk/typescript/src/types/index.ts": {"lines":{"total":0,"covered":0,"skipped":0,"pct":0},"functions":{"total":0,"covered":0,"skipped":0,"pct":0},"statements":{"total":0,"covered":0,"skipped":0,"pct":0},"branches":{"total":0,"covered":0,"skipped":0,"pct":0}}
,"/home/user0/projects/selendra-biz/selendra/selendra-sdk/typescript/src/types/network.ts": {"lines":{"total":8,"covered":0,"skipped":0,"pct":0},"functions":{"total":9,"covered":0,"skipped":0,"pct":0},"statements":{"total":10,"covered":0,"skipped":0,"pct":0},"branches":{"total":0,"covered":0,"skipped":0,"pct":100}}
,"/home/user0/projects/selendra-biz/selendra/selendra-sdk/typescript/src/types/sdk-types.ts": {"lines":{"total":0,"covered":0,"skipped":0,"pct":0},"functions":{"total":0,"covered":0,"skipped":0,"pct":0},"statements":{"total":0,"covered":0,"skipped":0,"pct":0},"branches":{"total":0,"covered":0,"skipped":0,"pct":0}}
,"/home/user0/projects/selendra-biz/selendra/selendra-sdk/typescript/src/types/signature.ts": {"lines":{"total":68,"covered":0,"skipped":0,"pct":0},"functions":{"total":20,"covered":0,"skipped":0,"pct":0},"statements":{"total":71,"covered":0,"skipped":0,"pct":0},"branches":{"total":59,"covered":0,"skipped":0,"pct":0}}
,"/home/user0/projects/selendra-biz/selendra/selendra-sdk/typescript/src/types/substrate.ts": {"lines":{"total":0,"covered":0,"skipped":0,"pct":0},"functions":{"total":0,"covered":0,"skipped":0,"pct":0},"statements":{"total":0,"covered":0,"skipped":0,"pct":0},"branches":{"total":0,"covered":0,"skipped":0,"pct":0}}
,"/home/user0/projects/selendra-biz/selendra/selendra-sdk/typescript/src/unified/accounts.ts": {"lines":{"total":152,"covered":94,"skipped":0,"pct":61.84},"functions":{"total":35,"covered":24,"skipped":0,"pct":68.57},"statements":{"total":152,"covered":94,"skipped":0,"pct":61.84},"branches":{"total":99,"covered":63,"skipped":0,"pct":63.63}}
,"/home/user0/projects/selendra-biz/selendra/selendra-sdk/typescript/src/unified/index.ts": {"lines":{"total":0,"covered":0,"skipped":0,"pct":0},"functions":{"total":0,"covered":0,"skipped":0,"pct":0},"statements":{"total":0,"covered":0,"skipped":0,"pct":0},"branches":{"total":0,"covered":0,"skipped":0,"pct":0}}
}
