{"total": {"lines":{"total":4011,"covered":782,"skipped":0,"pct":19.49},"statements":{"total":4129,"covered":806,"skipped":0,"pct":19.52},"functions":{"total":953,"covered":165,"skipped":0,"pct":17.31},"branches":{"total":2307,"covered":281,"skipped":0,"pct":12.18},"branchesTrue":{"total":0,"covered":0,"skipped":0,"pct":100}}
,"/home/user0/projects/selendra-biz/selendra/selendra-sdk/typescript/src/sdk.ts": {"lines":{"total":114,"covered":38,"skipped":0,"pct":33.33},"functions":{"total":33,"covered":6,"skipped":0,"pct":18.18},"statements":{"total":121,"covered":38,"skipped":0,"pct":31.4},"branches":{"total":72,"covered":8,"skipped":0,"pct":11.11}}
,"/home/user0/projects/selendra-biz/selendra/selendra-sdk/typescript/src/evm/account.ts": {"lines":{"total":118,"covered":7,"skipped":0,"pct":5.93},"functions":{"total":45,"covered":0,"skipped":0,"pct":0},"statements":{"total":121,"covered":7,"skipped":0,"pct":5.78},"branches":{"total":65,"covered":0,"skipped":0,"pct":0}}
,"/home/user0/projects/selendra-biz/selendra/selendra-sdk/typescript/src/evm/client.ts": {"lines":{"total":296,"covered":11,"skipped":0,"pct":3.71},"functions":{"total":89,"covered":0,"skipped":0,"pct":0},"statements":{"total":300,"covered":11,"skipped":0,"pct":3.66},"branches":{"total":149,"covered":0,"skipped":0,"pct":0}}
,"/home/user0/projects/selendra-biz/selendra/selendra-sdk/typescript/src/evm/config.ts": {"lines":{"total":48,"covered":13,"skipped":0,"pct":27.08},"functions":{"total":10,"covered":0,"skipped":0,"pct":0},"statements":{"total":48,"covered":13,"skipped":0,"pct":27.08},"branches":{"total":26,"covered":0,"skipped":0,"pct":0}}
,"/home/user0/projects/selendra-biz/selendra/selendra-sdk/typescript/src/evm/contract.ts": {"lines":{"total":241,"covered":8,"skipped":0,"pct":3.31},"functions":{"total":77,"covered":0,"skipped":0,"pct":0},"statements":{"total":245,"covered":8,"skipped":0,"pct":3.26},"branches":{"total":170,"covered":0,"skipped":0,"pct":0}}
,"/home/user0/projects/selendra-biz/selendra/selendra-sdk/typescript/src/evm/events.ts": {"lines":{"total":243,"covered":6,"skipped":0,"pct":2.46},"functions":{"total":42,"covered":0,"skipped":0,"pct":0},"statements":{"total":247,"covered":6,"skipped":0,"pct":2.42},"branches":{"total":195,"covered":0,"skipped":0,"pct":0}}
,"/home/user0/projects/selendra-biz/selendra/selendra-sdk/typescript/src/evm/index.ts": {"lines":{"total":42,"covered":42,"skipped":0,"pct":100},"functions":{"total":39,"covered":0,"skipped":0,"pct":0},"statements":{"total":47,"covered":47,"skipped":0,"pct":100},"branches":{"total":0,"covered":0,"skipped":0,"pct":100}}
,"/home/user0/projects/selendra-biz/selendra/selendra-sdk/typescript/src/evm/transaction.ts": {"lines":{"total":259,"covered":14,"skipped":0,"pct":5.4},"functions":{"total":55,"covered":1,"skipped":0,"pct":1.81},"statements":{"total":259,"covered":14,"skipped":0,"pct":5.4},"branches":{"total":171,"covered":2,"skipped":0,"pct":1.16}}
,"/home/user0/projects/selendra-biz/selendra/selendra-sdk/typescript/src/evm/types.ts": {"lines":{"total":1,"covered":1,"skipped":0,"pct":100},"functions":{"total":0,"covered":0,"skipped":0,"pct":100},"statements":{"total":1,"covered":1,"skipped":0,"pct":100},"branches":{"total":0,"covered":0,"skipped":0,"pct":100}}
,"/home/user0/projects/selendra-biz/selendra/selendra-sdk/typescript/src/evm/examples/usage.ts": {"lines":{"total":137,"covered":0,"skipped":0,"pct":0},"functions":{"total":18,"covered":0,"skipped":0,"pct":0},"statements":{"total":137,"covered":0,"skipped":0,"pct":0},"branches":{"total":4,"covered":0,"skipped":0,"pct":0}}
,"/home/user0/projects/selendra-biz/selendra/selendra-sdk/typescript/src/react/hooks-substrate.ts": {"lines":{"total":308,"covered":8,"skipped":0,"pct":2.59},"functions":{"total":65,"covered":0,"skipped":0,"pct":0},"statements":{"total":341,"covered":8,"skipped":0,"pct":2.34},"branches":{"total":166,"covered":0,"skipped":0,"pct":0}}
,"/home/user0/projects/selendra-biz/selendra/selendra-sdk/typescript/src/react/hooks.ts": {"lines":{"total":311,"covered":17,"skipped":0,"pct":5.46},"functions":{"total":67,"covered":0,"skipped":0,"pct":0},"statements":{"total":319,"covered":18,"skipped":0,"pct":5.64},"branches":{"total":151,"covered":0,"skipped":0,"pct":0}}
,"/home/user0/projects/selendra-biz/selendra/selendra-sdk/typescript/src/react/index.ts": {"lines":{"total":6,"covered":6,"skipped":0,"pct":100},"functions":{"total":9,"covered":0,"skipped":0,"pct":0},"statements":{"total":15,"covered":15,"skipped":0,"pct":100},"branches":{"total":0,"covered":0,"skipped":0,"pct":100}}
,"/home/user0/projects/selendra-biz/selendra/selendra-sdk/typescript/src/react/utils.ts": {"lines":{"total":287,"covered":0,"skipped":0,"pct":0},"functions":{"total":39,"covered":0,"skipped":0,"pct":0},"statements":{"total":298,"covered":0,"skipped":0,"pct":0},"branches":{"total":208,"covered":0,"skipped":0,"pct":0}}
,"/home/user0/projects/selendra-biz/selendra/selendra-sdk/typescript/src/react/examples/index.ts": {"lines":{"total":4,"covered":0,"skipped":0,"pct":0},"functions":{"total":4,"covered":0,"skipped":0,"pct":0},"statements":{"total":8,"covered":0,"skipped":0,"pct":0},"branches":{"total":0,"covered":0,"skipped":0,"pct":100}}
,"/home/user0/projects/selendra-biz/selendra/selendra-sdk/typescript/src/sdk/connection.ts": {"lines":{"total":63,"covered":0,"skipped":0,"pct":0},"functions":{"total":10,"covered":0,"skipped":0,"pct":0},"statements":{"total":63,"covered":0,"skipped":0,"pct":0},"branches":{"total":44,"covered":0,"skipped":0,"pct":0}}
,"/home/user0/projects/selendra-biz/selendra/selendra-sdk/typescript/src/sdk/evm.ts": {"lines":{"total":65,"covered":0,"skipped":0,"pct":0},"functions":{"total":18,"covered":0,"skipped":0,"pct":0},"statements":{"total":65,"covered":0,"skipped":0,"pct":0},"branches":{"total":55,"covered":0,"skipped":0,"pct":0}}
,"/home/user0/projects/selendra-biz/selendra/selendra-sdk/typescript/src/sdk/index.ts": {"lines":{"total":77,"covered":0,"skipped":0,"pct":0},"functions":{"total":26,"covered":0,"skipped":0,"pct":0},"statements":{"total":77,"covered":0,"skipped":0,"pct":0},"branches":{"total":12,"covered":0,"skipped":0,"pct":0}}
,"/home/user0/projects/selendra-biz/selendra/selendra-sdk/typescript/src/sdk/substrate.ts": {"lines":{"total":100,"covered":0,"skipped":0,"pct":0},"functions":{"total":22,"covered":0,"skipped":0,"pct":0},"statements":{"total":102,"covered":0,"skipped":0,"pct":0},"branches":{"total":51,"covered":0,"skipped":0,"pct":0}}
,"/home/user0/projects/selendra-biz/selendra/selendra-sdk/typescript/src/sdk/unified.ts": {"lines":{"total":64,"covered":0,"skipped":0,"pct":0},"functions":{"total":16,"covered":0,"skipped":0,"pct":0},"statements":{"total":64,"covered":0,"skipped":0,"pct":0},"branches":{"total":57,"covered":0,"skipped":0,"pct":0}}
,"/home/user0/projects/selendra-biz/selendra/selendra-sdk/typescript/src/substrate/aleph.ts": {"lines":{"total":131,"covered":57,"skipped":0,"pct":43.51},"functions":{"total":31,"covered":23,"skipped":0,"pct":74.19},"statements":{"total":135,"covered":58,"skipped":0,"pct":42.96},"branches":{"total":78,"covered":22,"skipped":0,"pct":28.2}}
,"/home/user0/projects/selendra-biz/selendra/selendra-sdk/typescript/src/substrate/democracy.ts": {"lines":{"total":183,"covered":110,"skipped":0,"pct":60.1},"functions":{"total":32,"covered":32,"skipped":0,"pct":100},"statements":{"total":185,"covered":112,"skipped":0,"pct":60.54},"branches":{"total":121,"covered":55,"skipped":0,"pct":45.45}}
,"/home/user0/projects/selendra-biz/selendra/selendra-sdk/typescript/src/substrate/elections.ts": {"lines":{"total":76,"covered":38,"skipped":0,"pct":50},"functions":{"total":24,"covered":18,"skipped":0,"pct":75},"statements":{"total":78,"covered":40,"skipped":0,"pct":51.28},"branches":{"total":37,"covered":14,"skipped":0,"pct":37.83}}
,"/home/user0/projects/selendra-biz/selendra/selendra-sdk/typescript/src/substrate/index.ts": {"lines":{"total":4,"covered":4,"skipped":0,"pct":100},"functions":{"total":0,"covered":0,"skipped":0,"pct":100},"statements":{"total":4,"covered":4,"skipped":0,"pct":100},"branches":{"total":0,"covered":0,"skipped":0,"pct":100}}
,"/home/user0/projects/selendra-biz/selendra/selendra-sdk/typescript/src/substrate/staking.ts": {"lines":{"total":94,"covered":40,"skipped":0,"pct":42.55},"functions":{"total":34,"covered":16,"skipped":0,"pct":47.05},"statements":{"total":98,"covered":40,"skipped":0,"pct":40.81},"branches":{"total":61,"covered":8,"skipped":0,"pct":13.11}}
,"/home/user0/projects/selendra-biz/selendra/selendra-sdk/typescript/src/types/address.ts": {"lines":{"total":61,"covered":44,"skipped":0,"pct":72.13},"functions":{"total":8,"covered":7,"skipped":0,"pct":87.5},"statements":{"total":61,"covered":44,"skipped":0,"pct":72.13},"branches":{"total":44,"covered":20,"skipped":0,"pct":45.45}}
,"/home/user0/projects/selendra-biz/selendra/selendra-sdk/typescript/src/types/balance.ts": {"lines":{"total":73,"covered":0,"skipped":0,"pct":0},"functions":{"total":11,"covered":0,"skipped":0,"pct":0},"statements":{"total":73,"covered":0,"skipped":0,"pct":0},"branches":{"total":49,"covered":0,"skipped":0,"pct":0}}
,"/home/user0/projects/selendra-biz/selendra/selendra-sdk/typescript/src/types/chain-info.ts": {"lines":{"total":47,"covered":18,"skipped":0,"pct":38.29},"functions":{"total":12,"covered":3,"skipped":0,"pct":25},"statements":{"total":47,"covered":18,"skipped":0,"pct":38.29},"branches":{"total":31,"covered":6,"skipped":0,"pct":19.35}}
,"/home/user0/projects/selendra-biz/selendra/selendra-sdk/typescript/src/types/common.ts": {"lines":{"total":7,"covered":0,"skipped":0,"pct":0},"functions":{"total":1,"covered":0,"skipped":0,"pct":0},"statements":{"total":7,"covered":0,"skipped":0,"pct":0},"branches":{"total":2,"covered":0,"skipped":0,"pct":0}}
,"/home/user0/projects/selendra-biz/selendra/selendra-sdk/typescript/src/types/connection.ts": {"lines":{"total":37,"covered":0,"skipped":0,"pct":0},"functions":{"total":7,"covered":0,"skipped":0,"pct":0},"statements":{"total":37,"covered":0,"skipped":0,"pct":0},"branches":{"total":4,"covered":0,"skipped":0,"pct":0}}
,"/home/user0/projects/selendra-biz/selendra/selendra-sdk/typescript/src/types/error.ts": {"lines":{"total":125,"covered":89,"skipped":0,"pct":71.2},"functions":{"total":18,"covered":8,"skipped":0,"pct":44.44},"statements":{"total":125,"covered":89,"skipped":0,"pct":71.2},"branches":{"total":52,"covered":31,"skipped":0,"pct":59.61}}
,"/home/user0/projects/selendra-biz/selendra/selendra-sdk/typescript/src/types/evm.ts": {"lines":{"total":4,"covered":4,"skipped":0,"pct":100},"functions":{"total":1,"covered":1,"skipped":0,"pct":100},"statements":{"total":4,"covered":4,"skipped":0,"pct":100},"branches":{"total":2,"covered":2,"skipped":0,"pct":100}}
,"/home/user0/projects/selendra-biz/selendra/selendra-sdk/typescript/src/types/hash.ts": {"lines":{"total":94,"covered":24,"skipped":0,"pct":25.53},"functions":{"total":17,"covered":5,"skipped":0,"pct":29.41},"statements":{"total":99,"covered":24,"skipped":0,"pct":24.24},"branches":{"total":58,"covered":17,"skipped":0,"pct":29.31}}
,"/home/user0/projects/selendra-biz/selendra/selendra-sdk/typescript/src/types/index.ts": {"lines":{"total":7,"covered":7,"skipped":0,"pct":100},"functions":{"total":2,"covered":2,"skipped":0,"pct":100},"statements":{"total":9,"covered":9,"skipped":0,"pct":100},"branches":{"total":0,"covered":0,"skipped":0,"pct":100}}
,"/home/user0/projects/selendra-biz/selendra/selendra-sdk/typescript/src/types/network.ts": {"lines":{"total":34,"covered":27,"skipped":0,"pct":79.41},"functions":{"total":12,"covered":3,"skipped":0,"pct":25},"statements":{"total":36,"covered":27,"skipped":0,"pct":75},"branches":{"total":6,"covered":6,"skipped":0,"pct":100}}
,"/home/user0/projects/selendra-biz/selendra/selendra-sdk/typescript/src/types/sdk-types.ts": {"lines":{"total":8,"covered":8,"skipped":0,"pct":100},"functions":{"total":2,"covered":2,"skipped":0,"pct":100},"statements":{"total":8,"covered":8,"skipped":0,"pct":100},"branches":{"total":4,"covered":4,"skipped":0,"pct":100}}
,"/home/user0/projects/selendra-biz/selendra/selendra-sdk/typescript/src/types/signature.ts": {"lines":{"total":81,"covered":38,"skipped":0,"pct":46.91},"functions":{"total":22,"covered":14,"skipped":0,"pct":63.63},"statements":{"total":84,"covered":40,"skipped":0,"pct":47.61},"branches":{"total":63,"covered":23,"skipped":0,"pct":36.5}}
,"/home/user0/projects/selendra-biz/selendra/selendra-sdk/typescript/src/unified/accounts.ts": {"lines":{"total":160,"covered":102,"skipped":0,"pct":63.75},"functions":{"total":35,"covered":24,"skipped":0,"pct":68.57},"statements":{"total":160,"covered":102,"skipped":0,"pct":63.75},"branches":{"total":99,"covered":63,"skipped":0,"pct":63.63}}
,"/home/user0/projects/selendra-biz/selendra/selendra-sdk/typescript/src/unified/index.ts": {"lines":{"total":1,"covered":1,"skipped":0,"pct":100},"functions":{"total":0,"covered":0,"skipped":0,"pct":100},"statements":{"total":1,"covered":1,"skipped":0,"pct":100},"branches":{"total":0,"covered":0,"skipped":0,"pct":100}}
}
