TN:
SF:src/sdk.ts
FN:44,(anonymous_0)
FN:60,(anonymous_1)
FN:88,(anonymous_2)
FN:112,(anonymous_3)
FN:120,(anonymous_4)
FN:133,(anonymous_5)
FN:150,(anonymous_6)
FN:170,(anonymous_7)
FN:192,(anonymous_8)
FN:198,(anonymous_9)
FN:211,(anonymous_10)
FN:245,(anonymous_11)
FN:264,(anonymous_12)
FN:272,(anonymous_13)
FN:278,(anonymous_14)
FN:289,(anonymous_15)
FN:295,(anonymous_16)
FN:308,(anonymous_17)
FN:314,(anonymous_18)
FN:334,(anonymous_19)
FN:339,(anonymous_20)
FN:344,(anonymous_21)
FN:349,(anonymous_22)
FN:357,(anonymous_23)
FN:372,(anonymous_24)
FN:373,(anonymous_25)
FN:374,(anonymous_26)
FN:380,(anonymous_27)
FN:389,(anonymous_28)
FN:390,(anonymous_29)
FN:391,(anonymous_30)
FN:397,(anonymous_31)
FN:407,createSDK
FNF:33
FNH:0
FNDA:0,(anonymous_0)
FNDA:0,(anonymous_1)
FNDA:0,(anonymous_2)
FNDA:0,(anonymous_3)
FNDA:0,(anonymous_4)
FNDA:0,(anonymous_5)
FNDA:0,(anonymous_6)
FNDA:0,(anonymous_7)
FNDA:0,(anonymous_8)
FNDA:0,(anonymous_9)
FNDA:0,(anonymous_10)
FNDA:0,(anonymous_11)
FNDA:0,(anonymous_12)
FNDA:0,(anonymous_13)
FNDA:0,(anonymous_14)
FNDA:0,(anonymous_15)
FNDA:0,(anonymous_16)
FNDA:0,(anonymous_17)
FNDA:0,(anonymous_18)
FNDA:0,(anonymous_19)
FNDA:0,(anonymous_20)
FNDA:0,(anonymous_21)
FNDA:0,(anonymous_22)
FNDA:0,(anonymous_23)
FNDA:0,(anonymous_24)
FNDA:0,(anonymous_25)
FNDA:0,(anonymous_26)
FNDA:0,(anonymous_27)
FNDA:0,(anonymous_28)
FNDA:0,(anonymous_29)
FNDA:0,(anonymous_30)
FNDA:0,(anonymous_31)
FNDA:0,createSDK
DA:38,0
DA:39,0
DA:41,0
DA:42,0
DA:45,0
DA:46,0
DA:61,0
DA:62,0
DA:65,0
DA:66,0
DA:68,0
DA:69,0
DA:70,0
DA:72,0
DA:75,0
DA:76,0
DA:78,0
DA:79,0
DA:81,0
DA:89,0
DA:90,0
DA:91,0
DA:92,0
DA:95,0
DA:96,0
DA:97,0
DA:100,0
DA:101,0
DA:103,0
DA:104,0
DA:113,0
DA:114,0
DA:121,0
DA:134,0
DA:136,0
DA:137,0
DA:138,0
DA:140,0
DA:144,0
DA:157,0
DA:159,0
DA:160,0
DA:164,0
DA:179,0
DA:181,0
DA:182,0
DA:186,0
DA:193,0
DA:195,0
DA:196,0
DA:198,0
DA:205,0
DA:219,0
DA:221,0
DA:222,0
DA:223,0
DA:225,0
DA:227,0
DA:239,0
DA:252,0
DA:254,0
DA:255,0
DA:258,0
DA:265,0
DA:267,0
DA:268,0
DA:272,0
DA:282,0
DA:284,0
DA:285,0
DA:289,0
DA:301,0
DA:303,0
DA:304,0
DA:308,0
DA:315,0
DA:317,0
DA:318,0
DA:320,0
DA:328,0
DA:335,0
DA:336,0
DA:340,0
DA:341,0
DA:345,0
DA:346,0
DA:350,0
DA:351,0
DA:358,0
DA:359,0
DA:362,0
DA:369,0
DA:372,0
DA:373,0
DA:374,0
DA:381,0
DA:382,0
DA:385,0
DA:386,0
DA:389,0
DA:390,0
DA:391,0
DA:398,0
DA:399,0
DA:408,0
DA:414,0
LF:106
LH:0
BRDA:44,0,0,0
BRDA:61,1,0,0
BRDA:61,1,1,0
BRDA:61,2,0,0
BRDA:61,2,1,0
BRDA:69,3,0,0
BRDA:69,3,1,0
BRDA:90,4,0,0
BRDA:90,4,1,0
BRDA:95,5,0,0
BRDA:95,5,1,0
BRDA:136,6,0,0
BRDA:136,6,1,0
BRDA:136,7,0,0
BRDA:136,7,1,0
BRDA:137,8,0,0
BRDA:137,8,1,0
BRDA:152,9,0,0
BRDA:159,10,0,0
BRDA:159,10,1,0
BRDA:159,11,0,0
BRDA:159,11,1,0
BRDA:172,12,0,0
BRDA:181,13,0,0
BRDA:181,13,1,0
BRDA:181,14,0,0
BRDA:181,14,1,0
BRDA:192,15,0,0
BRDA:195,16,0,0
BRDA:195,16,1,0
BRDA:195,17,0,0
BRDA:195,17,1,0
BRDA:200,18,0,0
BRDA:200,18,1,0
BRDA:213,19,0,0
BRDA:221,20,0,0
BRDA:221,20,1,0
BRDA:221,21,0,0
BRDA:221,21,1,0
BRDA:222,22,0,0
BRDA:222,22,1,0
BRDA:229,23,0,0
BRDA:229,23,1,0
BRDA:247,24,0,0
BRDA:254,25,0,0
BRDA:254,25,1,0
BRDA:254,26,0,0
BRDA:254,26,1,0
BRDA:267,27,0,0
BRDA:267,27,1,0
BRDA:267,28,0,0
BRDA:267,28,1,0
BRDA:284,29,0,0
BRDA:284,29,1,0
BRDA:284,30,0,0
BRDA:284,30,1,0
BRDA:303,31,0,0
BRDA:303,31,1,0
BRDA:303,32,0,0
BRDA:303,32,1,0
BRDA:317,33,0,0
BRDA:317,33,1,0
BRDA:317,34,0,0
BRDA:317,34,1,0
BRDA:358,35,0,0
BRDA:358,35,1,0
BRDA:363,36,0,0
BRDA:363,36,1,0
BRDA:381,37,0,0
BRDA:381,37,1,0
BRDA:398,38,0,0
BRDA:398,38,1,0
BRF:72
BRH:0
end_of_record
TN:
SF:src/evm/account.ts
FN:34,(anonymous_0)
FN:51,(anonymous_1)
FN:62,(anonymous_2)
FN:74,(anonymous_3)
FN:83,(anonymous_4)
FN:91,(anonymous_5)
FN:99,(anonymous_6)
FN:108,(anonymous_7)
FN:117,(anonymous_8)
FN:128,(anonymous_9)
FN:137,(anonymous_10)
FN:150,(anonymous_11)
FN:164,(anonymous_12)
FN:181,(anonymous_13)
FN:190,(anonymous_14)
FN:199,(anonymous_15)
FN:210,(anonymous_16)
FN:227,(anonymous_17)
FN:237,(anonymous_18)
FN:252,(anonymous_19)
FN:266,(anonymous_20)
FN:276,(anonymous_21)
FN:296,(anonymous_22)
FN:308,(anonymous_23)
FN:316,(anonymous_24)
FN:323,(anonymous_25)
FN:332,(anonymous_26)
FN:341,(anonymous_27)
FN:352,(anonymous_28)
FN:365,(anonymous_29)
FN:375,(anonymous_30)
FN:388,(anonymous_31)
FN:400,(anonymous_32)
FN:407,(anonymous_33)
FN:414,(anonymous_34)
FN:421,(anonymous_35)
FN:422,(anonymous_36)
FN:432,(anonymous_37)
FN:445,(anonymous_38)
FN:456,(anonymous_39)
FN:471,(anonymous_40)
FN:503,(anonymous_41)
FN:530,(anonymous_42)
FN:543,(anonymous_43)
FN:556,(anonymous_44)
FNF:45
FNH:0
FNDA:0,(anonymous_0)
FNDA:0,(anonymous_1)
FNDA:0,(anonymous_2)
FNDA:0,(anonymous_3)
FNDA:0,(anonymous_4)
FNDA:0,(anonymous_5)
FNDA:0,(anonymous_6)
FNDA:0,(anonymous_7)
FNDA:0,(anonymous_8)
FNDA:0,(anonymous_9)
FNDA:0,(anonymous_10)
FNDA:0,(anonymous_11)
FNDA:0,(anonymous_12)
FNDA:0,(anonymous_13)
FNDA:0,(anonymous_14)
FNDA:0,(anonymous_15)
FNDA:0,(anonymous_16)
FNDA:0,(anonymous_17)
FNDA:0,(anonymous_18)
FNDA:0,(anonymous_19)
FNDA:0,(anonymous_20)
FNDA:0,(anonymous_21)
FNDA:0,(anonymous_22)
FNDA:0,(anonymous_23)
FNDA:0,(anonymous_24)
FNDA:0,(anonymous_25)
FNDA:0,(anonymous_26)
FNDA:0,(anonymous_27)
FNDA:0,(anonymous_28)
FNDA:0,(anonymous_29)
FNDA:0,(anonymous_30)
FNDA:0,(anonymous_31)
FNDA:0,(anonymous_32)
FNDA:0,(anonymous_33)
FNDA:0,(anonymous_34)
FNDA:0,(anonymous_35)
FNDA:0,(anonymous_36)
FNDA:0,(anonymous_37)
FNDA:0,(anonymous_38)
FNDA:0,(anonymous_39)
FNDA:0,(anonymous_40)
FNDA:0,(anonymous_41)
FNDA:0,(anonymous_42)
FNDA:0,(anonymous_43)
FNDA:0,(anonymous_44)
DA:36,0
DA:37,0
DA:38,0
DA:40,0
DA:43,0
DA:44,0
DA:52,0
DA:53,0
DA:65,0
DA:76,0
DA:84,0
DA:92,0
DA:100,0
DA:109,0
DA:120,0
DA:129,0
DA:138,0
DA:139,0
DA:140,0
DA:142,0
DA:151,0
DA:152,0
DA:154,0
DA:169,0
DA:170,0
DA:172,0
DA:182,0
DA:191,0
DA:202,0
DA:212,0
DA:215,0
DA:216,0
DA:217,0
DA:219,0
DA:229,0
DA:238,0
DA:239,0
DA:240,0
DA:241,0
DA:242,0
DA:258,0
DA:268,0
DA:278,0
DA:298,0
DA:309,0
DA:310,0
DA:317,0
DA:324,0
DA:333,0
DA:342,0
DA:343,0
DA:353,0
DA:366,0
DA:376,0
DA:389,0
DA:390,0
DA:392,0
DA:393,0
DA:394,0
DA:401,0
DA:408,0
DA:415,0
DA:422,0
DA:434,0
DA:447,0
DA:458,0
DA:472,0
DA:473,0
DA:477,0
DA:480,0
DA:483,0
DA:484,0
DA:485,0
DA:487,0
DA:488,0
DA:490,0
DA:491,0
DA:495,0
DA:504,0
DA:505,0
DA:508,0
DA:509,0
DA:511,0
DA:512,0
DA:513,0
DA:514,0
DA:516,0
DA:517,0
DA:519,0
DA:523,0
DA:531,0
DA:532,0
DA:533,0
DA:534,0
DA:544,0
DA:545,0
DA:546,0
DA:547,0
DA:557,0
DA:558,0
DA:561,0
DA:562,0
DA:563,0
DA:566,0
LF:104
LH:0
BRDA:36,0,0,0
BRDA:36,0,1,0
BRDA:37,1,0,0
BRDA:37,1,1,0
BRDA:62,2,0,0
BRDA:117,3,0,0
BRDA:128,4,0,0
BRDA:212,5,0,0
BRDA:212,5,1,0
BRDA:238,6,0,0
BRDA:238,6,1,0
BRDA:279,7,0,0
BRDA:279,7,1,0
BRDA:280,8,0,0
BRDA:280,8,1,0
BRDA:281,9,0,0
BRDA:281,9,1,0
BRDA:282,10,0,0
BRDA:282,10,1,0
BRDA:283,11,0,0
BRDA:283,11,1,0
BRDA:284,12,0,0
BRDA:284,12,1,0
BRDA:285,13,0,0
BRDA:285,13,1,0
BRDA:286,14,0,0
BRDA:286,14,1,0
BRDA:316,15,0,0
BRDA:323,16,0,0
BRDA:389,17,0,0
BRDA:389,17,1,0
BRDA:432,18,0,0
BRDA:432,19,0,0
BRDA:472,20,0,0
BRDA:472,20,1,0
BRDA:485,21,0,0
BRDA:485,21,1,0
BRDA:487,22,0,0
BRDA:487,22,1,0
BRDA:487,23,0,0
BRDA:487,23,1,0
BRDA:487,23,2,0
BRDA:490,24,0,0
BRDA:490,24,1,0
BRDA:490,25,0,0
BRDA:490,25,1,0
BRDA:490,25,2,0
BRDA:504,26,0,0
BRDA:504,26,1,0
BRDA:514,27,0,0
BRDA:514,27,1,0
BRDA:516,28,0,0
BRDA:516,28,1,0
BRDA:516,29,0,0
BRDA:516,29,1,0
BRDA:516,29,2,0
BRDA:544,30,0,0
BRDA:544,30,1,0
BRDA:545,31,0,0
BRDA:545,31,1,0
BRDA:556,32,0,0
BRDA:557,33,0,0
BRDA:557,33,1,0
BRDA:562,34,0,0
BRDA:562,34,1,0
BRF:65
BRH:0
end_of_record
TN:
SF:src/evm/client.ts
FN:91,(anonymous_0)
FN:102,(anonymous_1)
FN:123,(anonymous_2)
FN:131,(anonymous_3)
FN:150,(anonymous_4)
FN:158,(anonymous_5)
FN:166,(anonymous_6)
FN:173,(anonymous_7)
FN:181,(anonymous_8)
FN:198,(anonymous_9)
FN:205,(anonymous_10)
FN:213,(anonymous_11)
FN:220,(anonymous_12)
FN:232,(anonymous_13)
FN:245,(anonymous_14)
FN:252,(anonymous_15)
FN:263,(anonymous_16)
FN:270,(anonymous_17)
FN:281,(anonymous_18)
FN:288,(anonymous_19)
FN:305,(anonymous_20)
FN:314,(anonymous_21)
FN:321,(anonymous_22)
FN:328,(anonymous_23)
FN:335,(anonymous_24)
FN:342,(anonymous_25)
FN:379,(anonymous_26)
FN:383,(anonymous_27)
FN:407,(anonymous_28)
FN:421,(anonymous_29)
FN:433,(anonymous_30)
FN:444,(anonymous_31)
FN:467,(anonymous_32)
FN:476,(anonymous_33)
FN:484,(anonymous_34)
FN:508,(anonymous_35)
FN:515,(anonymous_36)
FN:522,(anonymous_37)
FN:529,(anonymous_38)
FN:540,(anonymous_39)
FN:559,(anonymous_40)
FN:562,(anonymous_41)
FN:577,(anonymous_42)
FN:605,(anonymous_43)
FN:655,(anonymous_44)
FN:717,(anonymous_45)
FN:752,(anonymous_46)
FN:772,(anonymous_47)
FN:776,(anonymous_48)
FN:793,(anonymous_49)
FN:803,(anonymous_50)
FN:809,(anonymous_51)
FN:812,(anonymous_52)
FN:827,(anonymous_53)
FN:837,(anonymous_54)
FN:844,(anonymous_55)
FN:867,(anonymous_56)
FN:876,(anonymous_57)
FN:902,(anonymous_58)
FN:907,(anonymous_59)
FN:920,(anonymous_60)
FN:950,(anonymous_61)
FN:977,(anonymous_62)
FN:989,(anonymous_63)
FN:1009,(anonymous_64)
FN:1010,(anonymous_65)
FN:1014,(anonymous_66)
FN:1018,(anonymous_67)
FN:1023,(anonymous_68)
FN:1039,(anonymous_69)
FN:1054,(anonymous_70)
FN:1058,(anonymous_71)
FN:1063,(anonymous_72)
FN:1072,(anonymous_73)
FN:1077,(anonymous_74)
FN:1089,(anonymous_75)
FN:1105,(anonymous_76)
FN:1112,(anonymous_77)
FN:1125,(anonymous_78)
FN:1126,(anonymous_79)
FN:1139,(anonymous_80)
FN:1159,(anonymous_81)
FN:1170,(anonymous_82)
FN:1173,(anonymous_83)
FN:1176,(anonymous_84)
FN:1186,(anonymous_85)
FN:1197,createEvmClient
FN:1204,createWebSocketProvider
FN:1213,createHttpProvider
FNF:89
FNH:0
FNDA:0,(anonymous_0)
FNDA:0,(anonymous_1)
FNDA:0,(anonymous_2)
FNDA:0,(anonymous_3)
FNDA:0,(anonymous_4)
FNDA:0,(anonymous_5)
FNDA:0,(anonymous_6)
FNDA:0,(anonymous_7)
FNDA:0,(anonymous_8)
FNDA:0,(anonymous_9)
FNDA:0,(anonymous_10)
FNDA:0,(anonymous_11)
FNDA:0,(anonymous_12)
FNDA:0,(anonymous_13)
FNDA:0,(anonymous_14)
FNDA:0,(anonymous_15)
FNDA:0,(anonymous_16)
FNDA:0,(anonymous_17)
FNDA:0,(anonymous_18)
FNDA:0,(anonymous_19)
FNDA:0,(anonymous_20)
FNDA:0,(anonymous_21)
FNDA:0,(anonymous_22)
FNDA:0,(anonymous_23)
FNDA:0,(anonymous_24)
FNDA:0,(anonymous_25)
FNDA:0,(anonymous_26)
FNDA:0,(anonymous_27)
FNDA:0,(anonymous_28)
FNDA:0,(anonymous_29)
FNDA:0,(anonymous_30)
FNDA:0,(anonymous_31)
FNDA:0,(anonymous_32)
FNDA:0,(anonymous_33)
FNDA:0,(anonymous_34)
FNDA:0,(anonymous_35)
FNDA:0,(anonymous_36)
FNDA:0,(anonymous_37)
FNDA:0,(anonymous_38)
FNDA:0,(anonymous_39)
FNDA:0,(anonymous_40)
FNDA:0,(anonymous_41)
FNDA:0,(anonymous_42)
FNDA:0,(anonymous_43)
FNDA:0,(anonymous_44)
FNDA:0,(anonymous_45)
FNDA:0,(anonymous_46)
FNDA:0,(anonymous_47)
FNDA:0,(anonymous_48)
FNDA:0,(anonymous_49)
FNDA:0,(anonymous_50)
FNDA:0,(anonymous_51)
FNDA:0,(anonymous_52)
FNDA:0,(anonymous_53)
FNDA:0,(anonymous_54)
FNDA:0,(anonymous_55)
FNDA:0,(anonymous_56)
FNDA:0,(anonymous_57)
FNDA:0,(anonymous_58)
FNDA:0,(anonymous_59)
FNDA:0,(anonymous_60)
FNDA:0,(anonymous_61)
FNDA:0,(anonymous_62)
FNDA:0,(anonymous_63)
FNDA:0,(anonymous_64)
FNDA:0,(anonymous_65)
FNDA:0,(anonymous_66)
FNDA:0,(anonymous_67)
FNDA:0,(anonymous_68)
FNDA:0,(anonymous_69)
FNDA:0,(anonymous_70)
FNDA:0,(anonymous_71)
FNDA:0,(anonymous_72)
FNDA:0,(anonymous_73)
FNDA:0,(anonymous_74)
FNDA:0,(anonymous_75)
FNDA:0,(anonymous_76)
FNDA:0,(anonymous_77)
FNDA:0,(anonymous_78)
FNDA:0,(anonymous_79)
FNDA:0,(anonymous_80)
FNDA:0,(anonymous_81)
FNDA:0,(anonymous_82)
FNDA:0,(anonymous_83)
FNDA:0,(anonymous_84)
FNDA:0,(anonymous_85)
FNDA:0,createEvmClient
FNDA:0,createWebSocketProvider
FNDA:0,createHttpProvider
DA:88,0
DA:89,0
DA:92,0
DA:94,0
DA:95,0
DA:96,0
DA:103,0
DA:104,0
DA:109,0
DA:111,0
DA:117,0
DA:124,0
DA:125,0
DA:135,0
DA:140,0
DA:141,0
DA:144,0
DA:151,0
DA:152,0
DA:159,0
DA:160,0
DA:169,0
DA:171,0
DA:174,0
DA:175,0
DA:176,0
DA:178,0
DA:179,0
DA:180,0
DA:181,0
DA:182,0
DA:186,0
DA:187,0
DA:190,0
DA:199,0
DA:206,0
DA:207,0
DA:214,0
DA:221,0
DA:222,0
DA:225,0
DA:233,0
DA:234,0
DA:237,0
DA:238,0
DA:246,0
DA:256,0
DA:257,0
DA:264,0
DA:275,0
DA:282,0
DA:292,0
DA:293,0
DA:296,0
DA:297,0
DA:299,0
DA:306,0
DA:307,0
DA:308,0
DA:315,0
DA:322,0
DA:329,0
DA:336,0
DA:343,0
DA:344,0
DA:346,0
DA:353,0
DA:363,0
DA:364,0
DA:367,0
DA:369,0
DA:370,0
DA:373,0
DA:380,0
DA:381,0
DA:383,0
DA:390,0
DA:400,0
DA:401,0
DA:404,0
DA:406,0
DA:407,0
DA:408,0
DA:409,0
DA:411,0
DA:415,0
DA:425,0
DA:426,0
DA:428,0
DA:429,0
DA:430,0
DA:432,0
DA:433,0
DA:434,0
DA:438,0
DA:449,0
DA:451,0
DA:452,0
DA:454,0
DA:455,0
DA:456,0
DA:459,0
DA:460,0
DA:462,0
DA:463,0
DA:467,0
DA:470,0
DA:477,0
DA:478,0
DA:485,0
DA:493,0
DA:509,0
DA:516,0
DA:523,0
DA:530,0
DA:531,0
DA:532,0
DA:533,0
DA:541,0
DA:542,0
DA:545,0
DA:547,0
DA:548,0
DA:549,0
DA:551,0
DA:552,0
DA:561,0
DA:562,0
DA:566,0
DA:568,0
DA:569,0
DA:584,0
DA:590,0
DA:621,0
DA:622,0
DA:624,0
DA:633,0
DA:634,0
DA:642,0
DA:643,0
DA:646,0
DA:668,0
DA:669,0
DA:670,0
DA:672,0
DA:676,0
DA:681,0
DA:692,0
DA:693,0
DA:699,0
DA:700,0
DA:701,0
DA:702,0
DA:708,0
DA:743,0
DA:759,0
DA:760,0
DA:763,0
DA:773,0
DA:776,0
DA:777,0
DA:778,0
DA:779,0
DA:781,0
DA:782,0
DA:783,0
DA:786,0
DA:788,0
DA:793,0
DA:794,0
DA:804,0
DA:807,0
DA:809,0
DA:810,0
DA:811,0
DA:812,0
DA:813,0
DA:823,0
DA:827,0
DA:828,0
DA:841,0
DA:842,0
DA:844,0
DA:845,0
DA:846,0
DA:848,0
DA:849,0
DA:850,0
DA:851,0
DA:861,0
DA:863,0
DA:867,0
DA:868,0
DA:883,0
DA:884,0
DA:886,0
DA:887,0
DA:890,0
DA:903,0
DA:906,0
DA:907,0
DA:911,0
DA:913,0
DA:914,0
DA:921,0
DA:951,0
DA:978,0
DA:989,0
DA:1010,0
DA:1011,0
DA:1014,0
DA:1015,0
DA:1018,0
DA:1019,0
DA:1023,0
DA:1024,0
DA:1025,0
DA:1035,0
DA:1036,0
DA:1037,0
DA:1040,0
DA:1041,0
DA:1043,0
DA:1048,0
DA:1055,0
DA:1056,0
DA:1058,0
DA:1059,0
DA:1060,0
DA:1063,0
DA:1064,0
DA:1065,0
DA:1066,0
DA:1068,0
DA:1072,0
DA:1073,0
DA:1074,0
DA:1077,0
DA:1078,0
DA:1081,0
DA:1082,0
DA:1090,0
DA:1091,0
DA:1092,0
DA:1094,0
DA:1095,0
DA:1096,0
DA:1098,0
DA:1106,0
DA:1107,0
DA:1108,0
DA:1111,0
DA:1113,0
DA:1114,0
DA:1115,0
DA:1116,0
DA:1126,0
DA:1127,0
DA:1128,0
DA:1129,0
DA:1132,0
DA:1139,0
DA:1140,0
DA:1141,0
DA:1143,0
DA:1144,0
DA:1146,0
DA:1151,0
DA:1152,0
DA:1160,0
DA:1161,0
DA:1162,0
DA:1164,0
DA:1172,0
DA:1174,0
DA:1177,0
DA:1187,0
DA:1198,0
DA:1207,0
DA:1214,0
LF:280
LH:0
BRDA:91,0,0,0
BRDA:103,1,0,0
BRDA:103,1,1,0
BRDA:113,2,0,0
BRDA:113,2,1,0
BRDA:137,3,0,0
BRDA:137,3,1,0
BRDA:140,4,0,0
BRDA:140,4,1,0
BRDA:152,5,0,0
BRDA:152,5,1,0
BRDA:160,6,0,0
BRDA:160,6,1,0
BRDA:178,7,0,0
BRDA:178,7,1,0
BRDA:180,8,0,0
BRDA:180,8,1,0
BRDA:186,9,0,0
BRDA:186,9,1,0
BRDA:198,10,0,0
BRDA:245,11,0,0
BRDA:254,12,0,0
BRDA:263,13,0,0
BRDA:273,14,0,0
BRDA:292,15,0,0
BRDA:292,15,1,0
BRDA:342,16,0,0
BRDA:360,17,0,0
BRDA:360,17,1,0
BRDA:363,18,0,0
BRDA:363,18,1,0
BRDA:369,19,0,0
BRDA:369,19,1,0
BRDA:387,20,0,0
BRDA:387,20,1,0
BRDA:397,21,0,0
BRDA:397,21,1,0
BRDA:400,22,0,0
BRDA:400,22,1,0
BRDA:406,23,0,0
BRDA:406,23,1,0
BRDA:408,24,0,0
BRDA:408,24,1,0
BRDA:423,25,0,0
BRDA:428,26,0,0
BRDA:428,26,1,0
BRDA:446,27,0,0
BRDA:447,28,0,0
BRDA:454,29,0,0
BRDA:454,29,1,0
BRDA:455,30,0,0
BRDA:455,30,1,0
BRDA:462,31,0,0
BRDA:462,31,1,0
BRDA:478,32,0,0
BRDA:478,32,1,0
BRDA:498,33,0,0
BRDA:498,33,1,0
BRDA:499,34,0,0
BRDA:499,34,1,0
BRDA:500,35,0,0
BRDA:500,35,1,0
BRDA:541,36,0,0
BRDA:541,36,1,0
BRDA:607,37,0,0
BRDA:633,38,0,0
BRDA:633,38,1,0
BRDA:642,39,0,0
BRDA:642,39,1,0
BRDA:657,40,0,0
BRDA:668,41,0,0
BRDA:668,41,1,0
BRDA:683,42,0,0
BRDA:683,42,1,0
BRDA:685,43,0,0
BRDA:685,43,1,0
BRDA:687,44,0,0
BRDA:687,44,1,0
BRDA:692,45,0,0
BRDA:692,45,1,0
BRDA:692,46,0,0
BRDA:692,46,1,0
BRDA:695,47,0,0
BRDA:695,47,1,0
BRDA:699,48,0,0
BRDA:699,48,1,0
BRDA:701,49,0,0
BRDA:701,49,1,0
BRDA:703,50,0,0
BRDA:703,50,1,0
BRDA:719,51,0,0
BRDA:754,52,0,0
BRDA:759,53,0,0
BRDA:759,53,1,0
BRDA:781,54,0,0
BRDA:781,54,1,0
BRDA:781,55,0,0
BRDA:781,55,1,0
BRDA:811,56,0,0
BRDA:811,56,1,0
BRDA:848,57,0,0
BRDA:848,57,1,0
BRDA:848,58,0,0
BRDA:848,58,1,0
BRDA:850,59,0,0
BRDA:850,59,1,0
BRDA:856,60,0,0
BRDA:856,60,1,0
BRDA:886,61,0,0
BRDA:886,61,1,0
BRDA:953,62,0,0
BRDA:953,62,1,0
BRDA:955,63,0,0
BRDA:955,63,1,0
BRDA:965,64,0,0
BRDA:965,64,1,0
BRDA:966,65,0,0
BRDA:966,65,1,0
BRDA:969,66,0,0
BRDA:969,66,1,0
BRDA:994,67,0,0
BRDA:994,67,1,0
BRDA:996,68,0,0
BRDA:996,68,1,0
BRDA:1002,69,0,0
BRDA:1002,69,1,0
BRDA:1039,70,0,0
BRDA:1040,71,0,0
BRDA:1040,71,1,0
BRDA:1041,72,0,0
BRDA:1041,72,1,0
BRDA:1090,73,0,0
BRDA:1090,73,1,0
BRDA:1096,74,0,0
BRDA:1096,74,1,0
BRDA:1106,75,0,0
BRDA:1106,75,1,0
BRDA:1125,76,0,0
BRDA:1127,77,0,0
BRDA:1127,77,1,0
BRDA:1127,78,0,0
BRDA:1127,78,1,0
BRDA:1140,79,0,0
BRDA:1140,79,1,0
BRDA:1143,80,0,0
BRDA:1143,80,1,0
BRDA:1160,81,0,0
BRDA:1160,81,1,0
BRDA:1186,82,0,0
BRF:149
BRH:0
end_of_record
TN:
SF:src/evm/config.ts
FN:169,getSelendraEvmConfig
FN:231,createDefaultEvmClientConfig
FN:266,isValidEthereumAddress
FN:273,isValidPrivateKey
FN:280,isValidTransactionHash
FN:287,weiToEther
FN:296,etherToWei
FN:305,gweiToWei
FN:314,formatBalance
FN:327,parseBalance
FNF:10
FNH:0
FNDA:0,getSelendraEvmConfig
FNDA:0,createDefaultEvmClientConfig
FNDA:0,isValidEthereumAddress
FNDA:0,isValidPrivateKey
FNDA:0,isValidTransactionHash
FNDA:0,weiToEther
FNDA:0,etherToWei
FNDA:0,gweiToWei
FNDA:0,formatBalance
FNDA:0,parseBalance
DA:77,0
DA:171,0
DA:172,0
DA:173,0
DA:174,0
DA:179,0
DA:180,0
DA:181,0
DA:182,0
DA:186,0
DA:232,0
DA:233,0
DA:235,0
DA:267,0
DA:274,0
DA:281,0
DA:288,0
DA:289,0
DA:290,0
DA:297,0
DA:298,0
DA:299,0
DA:306,0
DA:307,0
DA:308,0
DA:315,0
DA:316,0
DA:317,0
DA:318,0
DA:320,0
DA:321,0
DA:328,0
DA:329,0
DA:330,0
DA:331,0
DA:332,0
DA:338,0
DA:354,0
LF:38
LH:0
BRDA:171,0,0,0
BRDA:171,0,1,0
BRDA:173,1,0,0
BRDA:173,1,1,0
BRDA:179,2,0,0
BRDA:179,2,1,0
BRDA:181,3,0,0
BRDA:181,3,1,0
BRDA:231,4,0,0
BRDA:232,5,0,0
BRDA:232,5,1,0
BRDA:288,6,0,0
BRDA:288,6,1,0
BRDA:288,7,0,0
BRDA:288,7,1,0
BRDA:297,8,0,0
BRDA:297,8,1,0
BRDA:306,9,0,0
BRDA:306,9,1,0
BRDA:314,10,0,0
BRDA:315,11,0,0
BRDA:315,11,1,0
BRDA:321,12,0,0
BRDA:321,12,1,0
BRDA:327,13,0,0
BRDA:328,14,0,0
BRF:26
BRH:0
end_of_record
TN:
SF:src/evm/contract.ts
FN:156,(anonymous_0)
FN:167,(anonymous_1)
FN:180,(anonymous_2)
FN:207,(anonymous_3)
FN:226,(anonymous_4)
FN:233,(anonymous_5)
FN:240,(anonymous_6)
FN:266,(anonymous_7)
FN:283,(anonymous_8)
FN:290,(anonymous_9)
FN:297,(anonymous_10)
FN:304,(anonymous_11)
FN:311,(anonymous_12)
FN:318,(anonymous_13)
FN:346,(anonymous_14)
FN:360,(anonymous_15)
FN:378,(anonymous_16)
FN:395,(anonymous_17)
FN:414,(anonymous_18)
FN:448,(anonymous_19)
FN:452,(anonymous_20)
FN:453,(anonymous_21)
FN:467,(anonymous_22)
FN:472,(anonymous_23)
FN:484,(anonymous_24)
FN:487,(anonymous_25)
FN:495,(anonymous_26)
FN:506,(anonymous_27)
FN:517,(anonymous_28)
FN:522,(anonymous_29)
FN:529,(anonymous_30)
FN:530,(anonymous_31)
FN:538,(anonymous_32)
FN:539,(anonymous_33)
FN:547,(anonymous_34)
FN:551,(anonymous_35)
FN:558,(anonymous_36)
FN:573,(anonymous_37)
FN:588,(anonymous_38)
FN:595,(anonymous_39)
FN:602,(anonymous_40)
FN:633,(anonymous_41)
FN:667,(anonymous_42)
FN:697,(anonymous_43)
FN:706,(anonymous_44)
FN:715,(anonymous_45)
FN:722,(anonymous_46)
FN:742,(anonymous_47)
FN:776,(anonymous_48)
FN:783,(anonymous_49)
FN:791,(anonymous_50)
FN:816,(anonymous_51)
FN:826,(anonymous_52)
FN:845,(anonymous_53)
FN:849,(anonymous_54)
FN:853,(anonymous_55)
FN:857,(anonymous_56)
FN:861,(anonymous_57)
FN:865,(anonymous_58)
FN:869,(anonymous_59)
FN:873,(anonymous_60)
FN:877,(anonymous_61)
FN:884,(anonymous_62)
FN:900,(anonymous_63)
FN:920,(anonymous_64)
FN:924,(anonymous_65)
FN:928,(anonymous_66)
FN:933,(anonymous_67)
FN:937,(anonymous_68)
FN:946,(anonymous_69)
FN:950,(anonymous_70)
FN:954,(anonymous_71)
FN:963,(anonymous_72)
FN:972,(anonymous_73)
FN:992,(anonymous_74)
FN:1003,(anonymous_75)
FN:1010,(anonymous_76)
FNF:77
FNH:0
FNDA:0,(anonymous_0)
FNDA:0,(anonymous_1)
FNDA:0,(anonymous_2)
FNDA:0,(anonymous_3)
FNDA:0,(anonymous_4)
FNDA:0,(anonymous_5)
FNDA:0,(anonymous_6)
FNDA:0,(anonymous_7)
FNDA:0,(anonymous_8)
FNDA:0,(anonymous_9)
FNDA:0,(anonymous_10)
FNDA:0,(anonymous_11)
FNDA:0,(anonymous_12)
FNDA:0,(anonymous_13)
FNDA:0,(anonymous_14)
FNDA:0,(anonymous_15)
FNDA:0,(anonymous_16)
FNDA:0,(anonymous_17)
FNDA:0,(anonymous_18)
FNDA:0,(anonymous_19)
FNDA:0,(anonymous_20)
FNDA:0,(anonymous_21)
FNDA:0,(anonymous_22)
FNDA:0,(anonymous_23)
FNDA:0,(anonymous_24)
FNDA:0,(anonymous_25)
FNDA:0,(anonymous_26)
FNDA:0,(anonymous_27)
FNDA:0,(anonymous_28)
FNDA:0,(anonymous_29)
FNDA:0,(anonymous_30)
FNDA:0,(anonymous_31)
FNDA:0,(anonymous_32)
FNDA:0,(anonymous_33)
FNDA:0,(anonymous_34)
FNDA:0,(anonymous_35)
FNDA:0,(anonymous_36)
FNDA:0,(anonymous_37)
FNDA:0,(anonymous_38)
FNDA:0,(anonymous_39)
FNDA:0,(anonymous_40)
FNDA:0,(anonymous_41)
FNDA:0,(anonymous_42)
FNDA:0,(anonymous_43)
FNDA:0,(anonymous_44)
FNDA:0,(anonymous_45)
FNDA:0,(anonymous_46)
FNDA:0,(anonymous_47)
FNDA:0,(anonymous_48)
FNDA:0,(anonymous_49)
FNDA:0,(anonymous_50)
FNDA:0,(anonymous_51)
FNDA:0,(anonymous_52)
FNDA:0,(anonymous_53)
FNDA:0,(anonymous_54)
FNDA:0,(anonymous_55)
FNDA:0,(anonymous_56)
FNDA:0,(anonymous_57)
FNDA:0,(anonymous_58)
FNDA:0,(anonymous_59)
FNDA:0,(anonymous_60)
FNDA:0,(anonymous_61)
FNDA:0,(anonymous_62)
FNDA:0,(anonymous_63)
FNDA:0,(anonymous_64)
FNDA:0,(anonymous_65)
FNDA:0,(anonymous_66)
FNDA:0,(anonymous_67)
FNDA:0,(anonymous_68)
FNDA:0,(anonymous_69)
FNDA:0,(anonymous_70)
FNDA:0,(anonymous_71)
FNDA:0,(anonymous_72)
FNDA:0,(anonymous_73)
FNDA:0,(anonymous_74)
FNDA:0,(anonymous_75)
FNDA:0,(anonymous_76)
DA:153,0
DA:161,0
DA:168,0
DA:169,0
DA:172,0
DA:173,0
DA:180,0
DA:181,0
DA:182,0
DA:183,0
DA:184,0
DA:190,0
DA:191,0
DA:196,0
DA:197,0
DA:199,0
DA:200,0
DA:208,0
DA:209,0
DA:212,0
DA:213,0
DA:214,0
DA:215,0
DA:216,0
DA:218,0
DA:219,0
DA:227,0
DA:234,0
DA:241,0
DA:242,0
DA:243,0
DA:246,0
DA:249,0
DA:250,0
DA:251,0
DA:252,0
DA:254,0
DA:255,0
DA:260,0
DA:269,0
DA:277,0
DA:278,0
DA:284,0
DA:291,0
DA:298,0
DA:305,0
DA:312,0
DA:323,0
DA:324,0
DA:325,0
DA:329,0
DA:330,0
DA:337,0
DA:338,0
DA:340,0
DA:347,0
DA:348,0
DA:349,0
DA:354,0
DA:361,0
DA:362,0
DA:363,0
DA:364,0
DA:372,0
DA:379,0
DA:380,0
DA:383,0
DA:384,0
DA:389,0
DA:396,0
DA:397,0
DA:399,0
DA:400,0
DA:401,0
DA:403,0
DA:406,0
DA:415,0
DA:417,0
DA:418,0
DA:419,0
DA:420,0
DA:423,0
DA:424,0
DA:425,0
DA:426,0
DA:429,0
DA:430,0
DA:433,0
DA:434,0
DA:437,0
DA:438,0
DA:441,0
DA:449,0
DA:452,0
DA:453,0
DA:468,0
DA:472,0
DA:485,0
DA:487,0
DA:496,0
DA:507,0
DA:518,0
DA:522,0
DA:530,0
DA:531,0
DA:532,0
DA:539,0
DA:540,0
DA:541,0
DA:550,0
DA:551,0
DA:561,0
DA:579,0
DA:580,0
DA:581,0
DA:582,0
DA:589,0
DA:596,0
DA:607,0
DA:608,0
DA:609,0
DA:612,0
DA:614,0
DA:615,0
DA:624,0
DA:626,0
DA:638,0
DA:639,0
DA:642,0
DA:643,0
DA:644,0
DA:647,0
DA:649,0
DA:661,0
DA:672,0
DA:673,0
DA:674,0
DA:677,0
DA:679,0
DA:680,0
DA:688,0
DA:690,0
DA:698,0
DA:705,0
DA:706,0
DA:707,0
DA:708,0
DA:716,0
DA:725,0
DA:727,0
DA:728,0
DA:729,0
DA:730,0
DA:731,0
DA:736,0
DA:749,0
DA:750,0
DA:752,0
DA:763,0
DA:764,0
DA:766,0
DA:767,0
DA:770,0
DA:777,0
DA:784,0
DA:785,0
DA:792,0
DA:793,0
DA:794,0
DA:797,0
DA:799,0
DA:800,0
DA:801,0
DA:802,0
DA:804,0
DA:805,0
DA:810,0
DA:818,0
DA:828,0
DA:842,0
DA:846,0
DA:850,0
DA:854,0
DA:858,0
DA:862,0
DA:866,0
DA:870,0
DA:874,0
DA:878,0
DA:885,0
DA:887,0
DA:888,0
DA:889,0
DA:890,0
DA:892,0
DA:902,0
DA:917,0
DA:921,0
DA:925,0
DA:929,0
DA:930,0
DA:934,0
DA:943,0
DA:947,0
DA:951,0
DA:955,0
DA:973,0
DA:975,0
DA:979,0
DA:980,0
DA:982,0
DA:983,0
DA:986,0
DA:993,0
DA:995,0
DA:1004,0
DA:1011,0
DA:1012,0
LF:218
LH:0
BRDA:159,0,0,0
BRDA:168,1,0,0
BRDA:168,1,1,0
BRDA:176,2,0,0
BRDA:176,2,1,0
BRDA:177,3,0,0
BRDA:177,3,1,0
BRDA:181,4,0,0
BRDA:181,4,1,0
BRDA:181,5,0,0
BRDA:181,5,1,0
BRDA:183,6,0,0
BRDA:183,6,1,0
BRDA:183,7,0,0
BRDA:183,7,1,0
BRDA:208,8,0,0
BRDA:208,8,1,0
BRDA:208,9,0,0
BRDA:208,9,1,0
BRDA:242,10,0,0
BRDA:242,10,1,0
BRDA:249,11,0,0
BRDA:249,11,1,0
BRDA:250,12,0,0
BRDA:250,12,1,0
BRDA:250,13,0,0
BRDA:250,13,1,0
BRDA:254,14,0,0
BRDA:254,14,1,0
BRDA:254,15,0,0
BRDA:254,15,1,0
BRDA:254,15,2,0
BRDA:269,16,0,0
BRDA:269,16,1,0
BRDA:291,17,0,0
BRDA:291,17,1,0
BRDA:298,18,0,0
BRDA:298,18,1,0
BRDA:320,19,0,0
BRDA:324,20,0,0
BRDA:324,20,1,0
BRDA:329,21,0,0
BRDA:329,21,1,0
BRDA:348,22,0,0
BRDA:348,22,1,0
BRDA:362,23,0,0
BRDA:362,23,1,0
BRDA:378,24,0,0
BRDA:379,25,0,0
BRDA:379,25,1,0
BRDA:383,26,0,0
BRDA:383,26,1,0
BRDA:397,27,0,0
BRDA:397,27,1,0
BRDA:415,28,0,0
BRDA:415,28,1,0
BRDA:415,28,2,0
BRDA:415,28,3,0
BRDA:415,28,4,0
BRDA:415,28,5,0
BRDA:452,29,0,0
BRDA:452,29,1,0
BRDA:453,30,0,0
BRDA:453,30,1,0
BRDA:454,31,0,0
BRDA:454,31,1,0
BRDA:455,32,0,0
BRDA:455,32,1,0
BRDA:457,33,0,0
BRDA:457,33,1,0
BRDA:457,33,2,0
BRDA:460,34,0,0
BRDA:460,34,1,0
BRDA:472,35,0,0
BRDA:472,35,1,0
BRDA:474,36,0,0
BRDA:474,36,1,0
BRDA:476,37,0,0
BRDA:476,37,1,0
BRDA:477,38,0,0
BRDA:477,38,1,0
BRDA:487,39,0,0
BRDA:487,39,1,0
BRDA:488,40,0,0
BRDA:488,40,1,0
BRDA:498,41,0,0
BRDA:498,41,1,0
BRDA:499,42,0,0
BRDA:499,42,1,0
BRDA:519,43,0,0
BRDA:519,43,1,0
BRDA:521,44,0,0
BRDA:521,44,1,0
BRDA:522,45,0,0
BRDA:522,45,1,0
BRDA:551,46,0,0
BRDA:551,46,1,0
BRDA:551,47,0,0
BRDA:551,47,1,0
BRDA:581,48,0,0
BRDA:581,48,1,0
BRDA:604,49,0,0
BRDA:605,50,0,0
BRDA:608,51,0,0
BRDA:608,51,1,0
BRDA:618,52,0,0
BRDA:618,52,1,0
BRDA:618,53,0,0
BRDA:618,53,1,0
BRDA:621,54,0,0
BRDA:621,54,1,0
BRDA:635,55,0,0
BRDA:636,56,0,0
BRDA:638,57,0,0
BRDA:638,57,1,0
BRDA:643,58,0,0
BRDA:643,58,1,0
BRDA:652,59,0,0
BRDA:652,59,1,0
BRDA:669,60,0,0
BRDA:670,61,0,0
BRDA:673,62,0,0
BRDA:673,62,1,0
BRDA:683,63,0,0
BRDA:683,63,1,0
BRDA:683,64,0,0
BRDA:683,64,1,0
BRDA:684,65,0,0
BRDA:684,65,1,0
BRDA:697,66,0,0
BRDA:701,67,0,0
BRDA:701,67,1,0
BRDA:702,68,0,0
BRDA:702,68,1,0
BRDA:708,69,0,0
BRDA:708,69,1,0
BRDA:715,70,0,0
BRDA:727,71,0,0
BRDA:727,71,1,0
BRDA:728,72,0,0
BRDA:728,72,1,0
BRDA:730,73,0,0
BRDA:730,73,1,0
BRDA:745,74,0,0
BRDA:747,75,0,0
BRDA:754,76,0,0
BRDA:754,76,1,0
BRDA:766,77,0,0
BRDA:766,77,1,0
BRDA:785,78,0,0
BRDA:785,78,1,0
BRDA:793,79,0,0
BRDA:793,79,1,0
BRDA:799,80,0,0
BRDA:799,80,1,0
BRDA:800,81,0,0
BRDA:800,81,1,0
BRDA:804,82,0,0
BRDA:804,82,1,0
BRDA:804,83,0,0
BRDA:804,83,1,0
BRDA:804,83,2,0
BRDA:818,84,0,0
BRDA:818,84,1,0
BRDA:887,85,0,0
BRDA:887,85,1,0
BRDA:943,86,0,0
BRDA:943,86,1,0
BRDA:982,87,0,0
BRDA:982,87,1,0
BRF:170
BRH:0
end_of_record
TN:
SF:src/evm/events.ts
FN:90,(anonymous_0)
FN:98,(anonymous_1)
FN:116,(anonymous_2)
FN:151,(anonymous_3)
FN:213,(anonymous_4)
FN:276,(anonymous_5)
FN:283,(anonymous_6)
FN:290,(anonymous_7)
FN:291,(anonymous_8)
FN:299,(anonymous_9)
FN:301,(anonymous_10)
FN:306,(anonymous_11)
FN:316,(anonymous_12)
FN:317,(anonymous_13)
FN:321,(anonymous_14)
FN:325,(anonymous_15)
FN:333,(anonymous_16)
FN:372,(anonymous_17)
FN:384,(anonymous_18)
FN:412,(anonymous_19)
FN:439,(anonymous_20)
FN:446,(anonymous_21)
FN:453,(anonymous_22)
FN:460,(anonymous_23)
FN:467,(anonymous_24)
FN:472,(anonymous_25)
FN:480,(anonymous_26)
FN:481,(anonymous_27)
FN:514,(anonymous_28)
FN:542,(anonymous_29)
FN:544,(anonymous_30)
FN:559,(anonymous_31)
FN:568,(anonymous_32)
FN:577,(anonymous_33)
FN:590,(anonymous_34)
FN:617,(anonymous_35)
FN:644,(anonymous_36)
FN:716,(anonymous_37)
FN:734,(anonymous_38)
FN:735,(anonymous_39)
FN:743,(anonymous_40)
FN:769,(anonymous_41)
FNF:42
FNH:0
FNDA:0,(anonymous_0)
FNDA:0,(anonymous_1)
FNDA:0,(anonymous_2)
FNDA:0,(anonymous_3)
FNDA:0,(anonymous_4)
FNDA:0,(anonymous_5)
FNDA:0,(anonymous_6)
FNDA:0,(anonymous_7)
FNDA:0,(anonymous_8)
FNDA:0,(anonymous_9)
FNDA:0,(anonymous_10)
FNDA:0,(anonymous_11)
FNDA:0,(anonymous_12)
FNDA:0,(anonymous_13)
FNDA:0,(anonymous_14)
FNDA:0,(anonymous_15)
FNDA:0,(anonymous_16)
FNDA:0,(anonymous_17)
FNDA:0,(anonymous_18)
FNDA:0,(anonymous_19)
FNDA:0,(anonymous_20)
FNDA:0,(anonymous_21)
FNDA:0,(anonymous_22)
FNDA:0,(anonymous_23)
FNDA:0,(anonymous_24)
FNDA:0,(anonymous_25)
FNDA:0,(anonymous_26)
FNDA:0,(anonymous_27)
FNDA:0,(anonymous_28)
FNDA:0,(anonymous_29)
FNDA:0,(anonymous_30)
FNDA:0,(anonymous_31)
FNDA:0,(anonymous_32)
FNDA:0,(anonymous_33)
FNDA:0,(anonymous_34)
FNDA:0,(anonymous_35)
FNDA:0,(anonymous_36)
FNDA:0,(anonymous_37)
FNDA:0,(anonymous_38)
FNDA:0,(anonymous_39)
FNDA:0,(anonymous_40)
FNDA:0,(anonymous_41)
DA:87,0
DA:88,0
DA:91,0
DA:92,0
DA:102,0
DA:103,0
DA:105,0
DA:106,0
DA:108,0
DA:110,0
DA:122,0
DA:123,0
DA:124,0
DA:127,0
DA:130,0
DA:131,0
DA:132,0
DA:133,0
DA:134,0
DA:139,0
DA:145,0
DA:152,0
DA:153,0
DA:155,0
DA:156,0
DA:159,0
DA:160,0
DA:161,0
DA:162,0
DA:163,0
DA:164,0
DA:176,0
DA:183,0
DA:184,0
DA:198,0
DA:201,0
DA:217,0
DA:218,0
DA:219,0
DA:222,0
DA:224,0
DA:225,0
DA:228,0
DA:229,0
DA:230,0
DA:231,0
DA:232,0
DA:233,0
DA:245,0
DA:252,0
DA:253,0
DA:267,0
DA:270,0
DA:277,0
DA:284,0
DA:291,0
DA:292,0
DA:293,0
DA:300,0
DA:301,0
DA:303,0
DA:306,0
DA:308,0
DA:317,0
DA:318,0
DA:321,0
DA:322,0
DA:325,0
DA:326,0
DA:334,0
DA:335,0
DA:338,0
DA:339,0
DA:342,0
DA:343,0
DA:344,0
DA:347,0
DA:348,0
DA:351,0
DA:352,0
DA:358,0
DA:359,0
DA:367,0
DA:369,0
DA:378,0
DA:385,0
DA:386,0
DA:389,0
DA:390,0
DA:392,0
DA:393,0
DA:396,0
DA:399,0
DA:400,0
DA:402,0
DA:404,0
DA:405,0
DA:413,0
DA:414,0
DA:417,0
DA:419,0
DA:420,0
DA:421,0
DA:424,0
DA:425,0
DA:426,0
DA:432,0
DA:433,0
DA:440,0
DA:447,0
DA:454,0
DA:461,0
DA:468,0
DA:469,0
DA:472,0
DA:473,0
DA:481,0
DA:482,0
DA:483,0
DA:486,0
DA:487,0
DA:488,0
DA:490,0
DA:496,0
DA:498,0
DA:499,0
DA:502,0
DA:505,0
DA:508,0
DA:515,0
DA:517,0
DA:530,0
DA:533,0
DA:534,0
DA:535,0
DA:543,0
DA:544,0
DA:545,0
DA:546,0
DA:560,0
DA:569,0
DA:581,0
DA:591,0
DA:593,0
DA:595,0
DA:596,0
DA:598,0
DA:601,0
DA:602,0
DA:604,0
DA:607,0
DA:609,0
DA:618,0
DA:620,0
DA:622,0
DA:623,0
DA:625,0
DA:628,0
DA:629,0
DA:631,0
DA:634,0
DA:636,0
DA:645,0
DA:647,0
DA:648,0
DA:649,0
DA:650,0
DA:651,0
DA:652,0
DA:653,0
DA:654,0
DA:655,0
DA:657,0
DA:660,0
DA:664,0
DA:665,0
DA:666,0
DA:669,0
DA:670,0
DA:671,0
DA:673,0
DA:675,0
DA:676,0
DA:677,0
DA:678,0
DA:679,0
DA:680,0
DA:681,0
DA:682,0
DA:683,0
DA:684,0
DA:686,0
DA:688,0
DA:689,0
DA:691,0
DA:696,0
DA:697,0
DA:700,0
DA:701,0
DA:705,0
DA:717,0
DA:735,0
DA:736,0
DA:737,0
DA:744,0
DA:745,0
DA:747,0
DA:748,0
DA:751,0
DA:752,0
DA:755,0
DA:756,0
DA:759,0
DA:760,0
DA:763,0
DA:770,0
DA:771,0
DA:774,0
DA:775,0
DA:776,0
DA:781,0
DA:782,0
DA:783,0
DA:786,0
DA:787,0
DA:792,0
DA:794,0
DA:795,0
DA:799,0
DA:800,0
LF:230
LH:0
BRDA:100,0,0,0
BRDA:119,1,0,0
BRDA:120,2,0,0
BRDA:123,3,0,0
BRDA:123,3,1,0
BRDA:130,4,0,0
BRDA:130,4,1,0
BRDA:131,5,0,0
BRDA:131,5,1,0
BRDA:133,6,0,0
BRDA:133,6,1,0
BRDA:133,7,0,0
BRDA:133,7,1,0
BRDA:133,7,2,0
BRDA:142,8,0,0
BRDA:142,8,1,0
BRDA:159,9,0,0
BRDA:159,9,1,0
BRDA:161,10,0,0
BRDA:161,10,1,0
BRDA:163,11,0,0
BRDA:163,11,1,0
BRDA:183,12,0,0
BRDA:183,12,1,0
BRDA:205,13,0,0
BRDA:205,13,1,0
BRDA:206,14,0,0
BRDA:206,14,1,0
BRDA:218,15,0,0
BRDA:218,15,1,0
BRDA:228,16,0,0
BRDA:228,16,1,0
BRDA:230,17,0,0
BRDA:230,17,1,0
BRDA:232,18,0,0
BRDA:232,18,1,0
BRDA:252,19,0,0
BRDA:252,19,1,0
BRDA:300,20,0,0
BRDA:300,20,1,0
BRDA:334,21,0,0
BRDA:334,21,1,0
BRDA:334,22,0,0
BRDA:334,22,1,0
BRDA:338,23,0,0
BRDA:338,23,1,0
BRDA:339,24,0,0
BRDA:339,24,1,0
BRDA:342,25,0,0
BRDA:342,25,1,0
BRDA:342,26,0,0
BRDA:342,26,1,0
BRDA:343,27,0,0
BRDA:343,27,1,0
BRDA:347,28,0,0
BRDA:347,28,1,0
BRDA:348,29,0,0
BRDA:348,29,1,0
BRDA:351,30,0,0
BRDA:351,30,1,0
BRDA:352,31,0,0
BRDA:352,31,1,0
BRDA:359,32,0,0
BRDA:359,32,1,0
BRDA:376,33,0,0
BRDA:385,34,0,0
BRDA:385,34,1,0
BRDA:390,35,0,0
BRDA:390,35,1,0
BRDA:413,36,0,0
BRDA:413,36,1,0
BRDA:419,37,0,0
BRDA:419,37,1,0
BRDA:424,38,0,0
BRDA:424,38,1,0
BRDA:424,39,0,0
BRDA:424,39,1,0
BRDA:468,40,0,0
BRDA:468,40,1,0
BRDA:482,41,0,0
BRDA:482,41,1,0
BRDA:488,42,0,0
BRDA:488,42,1,0
BRDA:492,43,0,0
BRDA:492,43,1,0
BRDA:533,44,0,0
BRDA:533,44,1,0
BRDA:533,45,0,0
BRDA:533,45,1,0
BRDA:543,46,0,0
BRDA:543,46,1,0
BRDA:595,47,0,0
BRDA:595,47,1,0
BRDA:596,48,0,0
BRDA:596,48,1,0
BRDA:596,49,0,0
BRDA:596,49,1,0
BRDA:601,50,0,0
BRDA:601,50,1,0
BRDA:602,51,0,0
BRDA:602,51,1,0
BRDA:602,52,0,0
BRDA:602,52,1,0
BRDA:622,53,0,0
BRDA:622,53,1,0
BRDA:623,54,0,0
BRDA:623,54,1,0
BRDA:623,55,0,0
BRDA:623,55,1,0
BRDA:628,56,0,0
BRDA:628,56,1,0
BRDA:629,57,0,0
BRDA:629,57,1,0
BRDA:629,58,0,0
BRDA:629,58,1,0
BRDA:648,59,0,0
BRDA:648,59,1,0
BRDA:649,60,0,0
BRDA:649,60,1,0
BRDA:650,61,0,0
BRDA:650,61,1,0
BRDA:650,62,0,0
BRDA:650,62,1,0
BRDA:652,63,0,0
BRDA:652,63,1,0
BRDA:654,64,0,0
BRDA:654,64,1,0
BRDA:664,65,0,0
BRDA:664,65,1,0
BRDA:665,66,0,0
BRDA:665,66,1,0
BRDA:673,67,0,0
BRDA:673,67,1,0
BRDA:673,68,0,0
BRDA:673,68,1,0
BRDA:675,69,0,0
BRDA:675,69,1,0
BRDA:675,70,0,0
BRDA:675,70,1,0
BRDA:677,71,0,0
BRDA:677,71,1,0
BRDA:679,72,0,0
BRDA:679,72,1,0
BRDA:680,73,0,0
BRDA:680,73,1,0
BRDA:682,74,0,0
BRDA:682,74,1,0
BRDA:683,75,0,0
BRDA:683,75,1,0
BRDA:686,76,0,0
BRDA:686,76,1,0
BRDA:689,77,0,0
BRDA:689,77,1,0
BRDA:696,78,0,0
BRDA:696,78,1,0
BRDA:700,79,0,0
BRDA:700,79,1,0
BRDA:744,80,0,0
BRDA:744,80,1,0
BRDA:747,81,0,0
BRDA:747,81,1,0
BRDA:751,82,0,0
BRDA:751,82,1,0
BRDA:751,83,0,0
BRDA:751,83,1,0
BRDA:755,84,0,0
BRDA:755,84,1,0
BRDA:759,85,0,0
BRDA:759,85,1,0
BRDA:770,86,0,0
BRDA:770,86,1,0
BRDA:770,87,0,0
BRDA:770,87,1,0
BRDA:774,88,0,0
BRDA:774,88,1,0
BRDA:775,89,0,0
BRDA:775,89,1,0
BRDA:776,90,0,0
BRDA:776,90,1,0
BRDA:781,91,0,0
BRDA:781,91,1,0
BRDA:781,92,0,0
BRDA:781,92,1,0
BRDA:782,93,0,0
BRDA:782,93,1,0
BRDA:786,94,0,0
BRDA:786,94,1,0
BRDA:787,95,0,0
BRDA:787,95,1,0
BRDA:792,96,0,0
BRDA:792,96,1,0
BRDA:794,97,0,0
BRDA:794,97,1,0
BRDA:794,98,0,0
BRDA:794,98,1,0
BRF:195
BRH:0
end_of_record
TN:
SF:src/evm/index.ts
FNF:0
FNH:0
LF:0
LH:0
BRF:0
BRH:0
end_of_record
TN:
SF:src/evm/transaction.ts
FN:92,(anonymous_0)
FN:106,(anonymous_1)
FN:114,(anonymous_2)
FN:122,(anonymous_3)
FN:130,(anonymous_4)
FN:138,(anonymous_5)
FN:146,(anonymous_6)
FN:156,(anonymous_7)
FN:167,(anonymous_8)
FN:175,(anonymous_9)
FN:183,(anonymous_10)
FN:194,(anonymous_11)
FN:208,(anonymous_12)
FN:218,(anonymous_13)
FN:227,(anonymous_14)
FN:244,(anonymous_15)
FN:251,(anonymous_16)
FN:291,(anonymous_17)
FN:369,(anonymous_18)
FN:397,(anonymous_19)
FN:404,(anonymous_20)
FN:411,(anonymous_21)
FN:441,(anonymous_22)
FN:473,(anonymous_23)
FN:491,(anonymous_24)
FN:514,(anonymous_25)
FN:533,(anonymous_26)
FN:545,(anonymous_27)
FN:546,(anonymous_28)
FN:555,(anonymous_29)
FN:567,(anonymous_30)
FN:589,(anonymous_31)
FN:606,(anonymous_32)
FN:613,(anonymous_33)
FN:620,(anonymous_34)
FN:627,(anonymous_35)
FN:634,(anonymous_36)
FN:641,(anonymous_37)
FN:652,(anonymous_38)
FN:659,(anonymous_39)
FN:672,(anonymous_40)
FN:689,(anonymous_41)
FN:690,(anonymous_42)
FN:701,(anonymous_43)
FN:716,(anonymous_44)
FN:717,(anonymous_45)
FN:730,(anonymous_46)
FN:731,(anonymous_47)
FN:744,(anonymous_48)
FN:790,(anonymous_49)
FN:799,(anonymous_50)
FN:815,(anonymous_51)
FN:824,(anonymous_52)
FN:853,(anonymous_53)
FNF:54
FNH:0
FNDA:0,(anonymous_0)
FNDA:0,(anonymous_1)
FNDA:0,(anonymous_2)
FNDA:0,(anonymous_3)
FNDA:0,(anonymous_4)
FNDA:0,(anonymous_5)
FNDA:0,(anonymous_6)
FNDA:0,(anonymous_7)
FNDA:0,(anonymous_8)
FNDA:0,(anonymous_9)
FNDA:0,(anonymous_10)
FNDA:0,(anonymous_11)
FNDA:0,(anonymous_12)
FNDA:0,(anonymous_13)
FNDA:0,(anonymous_14)
FNDA:0,(anonymous_15)
FNDA:0,(anonymous_16)
FNDA:0,(anonymous_17)
FNDA:0,(anonymous_18)
FNDA:0,(anonymous_19)
FNDA:0,(anonymous_20)
FNDA:0,(anonymous_21)
FNDA:0,(anonymous_22)
FNDA:0,(anonymous_23)
FNDA:0,(anonymous_24)
FNDA:0,(anonymous_25)
FNDA:0,(anonymous_26)
FNDA:0,(anonymous_27)
FNDA:0,(anonymous_28)
FNDA:0,(anonymous_29)
FNDA:0,(anonymous_30)
FNDA:0,(anonymous_31)
FNDA:0,(anonymous_32)
FNDA:0,(anonymous_33)
FNDA:0,(anonymous_34)
FNDA:0,(anonymous_35)
FNDA:0,(anonymous_36)
FNDA:0,(anonymous_37)
FNDA:0,(anonymous_38)
FNDA:0,(anonymous_39)
FNDA:0,(anonymous_40)
FNDA:0,(anonymous_41)
FNDA:0,(anonymous_42)
FNDA:0,(anonymous_43)
FNDA:0,(anonymous_44)
FNDA:0,(anonymous_45)
FNDA:0,(anonymous_46)
FNDA:0,(anonymous_47)
FNDA:0,(anonymous_48)
FNDA:0,(anonymous_49)
FNDA:0,(anonymous_50)
FNDA:0,(anonymous_51)
FNDA:0,(anonymous_52)
FNDA:0,(anonymous_53)
DA:93,0
DA:107,0
DA:108,0
DA:115,0
DA:116,0
DA:123,0
DA:124,0
DA:131,0
DA:132,0
DA:139,0
DA:140,0
DA:147,0
DA:148,0
DA:149,0
DA:150,0
DA:157,0
DA:158,0
DA:160,0
DA:161,0
DA:168,0
DA:169,0
DA:176,0
DA:177,0
DA:184,0
DA:185,0
DA:186,0
DA:188,0
DA:195,0
DA:198,0
DA:199,0
DA:202,0
DA:209,0
DA:219,0
DA:228,0
DA:239,0
DA:245,0
DA:252,0
DA:254,0
DA:257,0
DA:258,0
DA:259,0
DA:262,0
DA:263,0
DA:269,0
DA:270,0
DA:272,0
DA:275,0
DA:284,0
DA:295,0
DA:298,0
DA:299,0
DA:303,0
DA:304,0
DA:308,0
DA:309,0
DA:310,0
DA:314,0
DA:315,0
DA:316,0
DA:317,0
DA:318,0
DA:319,0
DA:323,0
DA:325,0
DA:330,0
DA:332,0
DA:333,0
DA:336,0
DA:337,0
DA:341,0
DA:344,0
DA:346,0
DA:347,0
DA:351,0
DA:352,0
DA:356,0
DA:357,0
DA:358,0
DA:359,0
DA:363,0
DA:374,0
DA:377,0
DA:380,0
DA:388,0
DA:389,0
DA:391,0
DA:398,0
DA:405,0
DA:412,0
DA:413,0
DA:414,0
DA:417,0
DA:418,0
DA:422,0
DA:423,0
DA:426,0
DA:435,0
DA:442,0
DA:443,0
DA:444,0
DA:447,0
DA:448,0
DA:451,0
DA:452,0
DA:454,0
DA:467,0
DA:474,0
DA:475,0
DA:476,0
DA:479,0
DA:480,0
DA:485,0
DA:492,0
DA:493,0
DA:494,0
DA:497,0
DA:498,0
DA:499,0
DA:501,0
DA:503,0
DA:508,0
DA:515,0
DA:516,0
DA:517,0
DA:520,0
DA:522,0
DA:527,0
DA:534,0
DA:535,0
DA:536,0
DA:538,0
DA:546,0
DA:547,0
DA:549,0
DA:550,0
DA:551,0
DA:555,0
DA:556,0
DA:557,0
DA:561,0
DA:569,0
DA:570,0
DA:572,0
DA:575,0
DA:583,0
DA:585,0
DA:600,0
DA:607,0
DA:614,0
DA:621,0
DA:628,0
DA:635,0
DA:642,0
DA:653,0
DA:660,0
DA:661,0
DA:664,0
DA:665,0
DA:666,0
DA:673,0
DA:675,0
DA:676,0
DA:677,0
DA:680,0
DA:681,0
DA:682,0
DA:690,0
DA:691,0
DA:692,0
DA:693,0
DA:696,0
DA:697,0
DA:698,0
DA:701,0
DA:702,0
DA:703,0
DA:704,0
DA:705,0
DA:709,0
DA:717,0
DA:718,0
DA:719,0
DA:721,0
DA:722,0
DA:731,0
DA:732,0
DA:733,0
DA:734,0
DA:735,0
DA:737,0
DA:745,0
DA:747,0
DA:749,0
DA:750,0
DA:753,0
DA:755,0
DA:756,0
DA:758,0
DA:759,0
DA:760,0
DA:761,0
DA:763,0
DA:764,0
DA:767,0
DA:768,0
DA:769,0
DA:775,0
DA:776,0
DA:777,0
DA:791,0
DA:792,0
DA:793,0
DA:804,0
DA:805,0
DA:806,0
DA:808,0
DA:809,0
DA:816,0
DA:817,0
DA:818,0
DA:825,0
DA:827,0
DA:828,0
DA:831,0
DA:832,0
DA:835,0
DA:836,0
DA:839,0
DA:840,0
DA:843,0
DA:844,0
DA:847,0
DA:855,0
LF:233
LH:0
BRDA:147,0,0,0
BRDA:147,0,1,0
BRDA:157,1,0,0
BRDA:157,1,1,0
BRDA:159,2,0,0
BRDA:159,2,1,0
BRDA:185,3,0,0
BRDA:185,3,1,0
BRDA:198,4,0,0
BRDA:198,4,1,0
BRDA:198,5,0,0
BRDA:198,5,1,0
BRDA:263,6,0,0
BRDA:263,6,1,0
BRDA:269,7,0,0
BRDA:269,7,1,0
BRDA:277,8,0,0
BRDA:277,8,1,0
BRDA:278,9,0,0
BRDA:278,9,1,0
BRDA:279,10,0,0
BRDA:279,10,1,0
BRDA:293,11,0,0
BRDA:298,12,0,0
BRDA:298,12,1,0
BRDA:303,13,0,0
BRDA:303,13,1,0
BRDA:308,14,0,0
BRDA:308,14,1,0
BRDA:314,15,0,0
BRDA:314,15,1,0
BRDA:314,16,0,0
BRDA:314,16,1,0
BRDA:317,17,0,0
BRDA:317,17,1,0
BRDA:325,18,0,0
BRDA:325,18,1,0
BRDA:326,19,0,0
BRDA:326,19,1,0
BRDA:326,19,2,0
BRDA:332,20,0,0
BRDA:332,20,1,0
BRDA:332,21,0,0
BRDA:332,21,1,0
BRDA:336,22,0,0
BRDA:336,22,1,0
BRDA:336,23,0,0
BRDA:336,23,1,0
BRDA:346,24,0,0
BRDA:346,24,1,0
BRDA:346,25,0,0
BRDA:346,25,1,0
BRDA:356,26,0,0
BRDA:356,26,1,0
BRDA:358,27,0,0
BRDA:358,27,1,0
BRDA:371,28,0,0
BRDA:381,29,0,0
BRDA:381,29,1,0
BRDA:382,30,0,0
BRDA:382,30,1,0
BRDA:383,31,0,0
BRDA:383,31,1,0
BRDA:384,32,0,0
BRDA:384,32,1,0
BRDA:413,33,0,0
BRDA:413,33,1,0
BRDA:417,34,0,0
BRDA:417,34,1,0
BRDA:443,35,0,0
BRDA:443,35,1,0
BRDA:447,36,0,0
BRDA:447,36,1,0
BRDA:456,37,0,0
BRDA:456,37,1,0
BRDA:459,38,0,0
BRDA:459,38,1,0
BRDA:462,39,0,0
BRDA:462,39,1,0
BRDA:475,40,0,0
BRDA:475,40,1,0
BRDA:475,41,0,0
BRDA:475,41,1,0
BRDA:493,42,0,0
BRDA:493,42,1,0
BRDA:493,43,0,0
BRDA:493,43,1,0
BRDA:498,44,0,0
BRDA:498,44,1,0
BRDA:516,45,0,0
BRDA:516,45,1,0
BRDA:516,46,0,0
BRDA:516,46,1,0
BRDA:549,47,0,0
BRDA:549,47,1,0
BRDA:621,48,0,0
BRDA:621,48,1,0
BRDA:643,49,0,0
BRDA:643,49,1,0
BRDA:643,49,2,0
BRDA:653,50,0,0
BRDA:653,50,1,0
BRDA:660,51,0,0
BRDA:660,51,1,0
BRDA:675,52,0,0
BRDA:675,52,1,0
BRDA:680,53,0,0
BRDA:680,53,1,0
BRDA:691,54,0,0
BRDA:691,54,1,0
BRDA:691,55,0,0
BRDA:691,55,1,0
BRDA:696,56,0,0
BRDA:696,56,1,0
BRDA:696,57,0,0
BRDA:696,57,1,0
BRDA:702,58,0,0
BRDA:702,58,1,0
BRDA:702,59,0,0
BRDA:702,59,1,0
BRDA:704,60,0,0
BRDA:704,60,1,0
BRDA:704,61,0,0
BRDA:704,61,1,0
BRDA:732,62,0,0
BRDA:732,62,1,0
BRDA:749,63,0,0
BRDA:749,63,1,0
BRDA:753,64,0,0
BRDA:753,64,1,0
BRDA:758,65,0,0
BRDA:758,65,1,0
BRDA:775,66,0,0
BRDA:775,66,1,0
BRDA:791,67,0,0
BRDA:791,67,1,0
BRDA:792,68,0,0
BRDA:792,68,1,0
BRDA:804,69,0,0
BRDA:804,69,1,0
BRDA:805,70,0,0
BRDA:805,70,1,0
BRDA:806,71,0,0
BRDA:806,71,1,0
BRDA:815,72,0,0
BRDA:816,73,0,0
BRDA:816,73,1,0
BRDA:827,74,0,0
BRDA:827,74,1,0
BRDA:831,75,0,0
BRDA:831,75,1,0
BRDA:831,76,0,0
BRDA:831,76,1,0
BRDA:835,77,0,0
BRDA:835,77,1,0
BRDA:835,78,0,0
BRDA:835,78,1,0
BRDA:835,79,0,0
BRDA:835,79,1,0
BRDA:839,80,0,0
BRDA:839,80,1,0
BRDA:839,81,0,0
BRDA:839,81,1,0
BRDA:843,82,0,0
BRDA:843,82,1,0
BRDA:843,83,0,0
BRDA:843,83,1,0
BRDA:843,84,0,0
BRDA:843,84,1,0
BRF:169
BRH:0
end_of_record
TN:
SF:src/evm/types.ts
FNF:0
FNH:0
LF:0
LH:0
BRF:0
BRH:0
end_of_record
TN:
SF:src/evm/examples/usage.ts
FN:25,basicClientSetup
FN:54,walletOperations
FN:81,transactionManagement
FN:110,contractInteraction
FN:171,eventManagement
FN:196,(anonymous_5)
FN:200,(anonymous_6)
FN:205,(anonymous_7)
FN:220,webSocketProvider
FN:231,(anonymous_9)
FN:235,(anonymous_10)
FN:239,(anonymous_11)
FN:246,(anonymous_12)
FN:253,(anonymous_13)
FN:258,(anonymous_14)
FN:272,advancedConfiguration
FN:308,batchOperations
FN:338,runAllExamples
FNF:18
FNH:0
FNDA:0,basicClientSetup
FNDA:0,walletOperations
FNDA:0,transactionManagement
FNDA:0,contractInteraction
FNDA:0,eventManagement
FNDA:0,(anonymous_5)
FNDA:0,(anonymous_6)
FNDA:0,(anonymous_7)
FNDA:0,webSocketProvider
FNDA:0,(anonymous_9)
FNDA:0,(anonymous_10)
FNDA:0,(anonymous_11)
FNDA:0,(anonymous_12)
FNDA:0,(anonymous_13)
FNDA:0,(anonymous_14)
FNDA:0,advancedConfiguration
FNDA:0,batchOperations
FNDA:0,runAllExamples
DA:26,0
DA:29,0
DA:35,0
DA:36,0
DA:39,0
DA:40,0
DA:43,0
DA:44,0
DA:45,0
DA:46,0
DA:47,0
DA:55,0
DA:58,0
DA:59,0
DA:64,0
DA:65,0
DA:66,0
DA:69,0
DA:70,0
DA:71,0
DA:74,0
DA:75,0
DA:82,0
DA:84,0
DA:85,0
DA:86,0
DA:89,0
DA:95,0
DA:96,0
DA:99,0
DA:100,0
DA:101,0
DA:104,0
DA:111,0
DA:113,0
DA:114,0
DA:115,0
DA:118,0
DA:131,0
DA:132,0
DA:133,0
DA:135,0
DA:137,0
DA:138,0
DA:139,0
DA:140,0
DA:142,0
DA:143,0
DA:144,0
DA:145,0
DA:151,0
DA:152,0
DA:158,0
DA:162,0
DA:164,0
DA:172,0
DA:174,0
DA:175,0
DA:178,0
DA:185,0
DA:187,0
DA:188,0
DA:191,0
DA:192,0
DA:196,0
DA:197,0
DA:200,0
DA:201,0
DA:205,0
DA:206,0
DA:207,0
DA:210,0
DA:213,0
DA:221,0
DA:223,0
DA:225,0
DA:231,0
DA:232,0
DA:235,0
DA:236,0
DA:239,0
DA:240,0
DA:244,0
DA:246,0
DA:247,0
DA:251,0
DA:253,0
DA:254,0
DA:258,0
DA:259,0
DA:260,0
DA:261,0
DA:262,0
DA:265,0
DA:273,0
DA:276,0
DA:292,0
DA:293,0
DA:295,0
DA:296,0
DA:298,0
DA:299,0
DA:301,0
DA:302,0
DA:309,0
DA:311,0
DA:314,0
DA:321,0
DA:323,0
DA:325,0
DA:326,0
DA:327,0
DA:328,0
DA:329,0
DA:331,0
DA:339,0
DA:340,0
DA:341,0
DA:342,0
DA:343,0
DA:344,0
DA:345,0
DA:346,0
DA:347,0
DA:349,0
DA:351,0
LF:126
LH:0
BRDA:44,0,0,0
BRDA:44,0,1,0
BRDA:64,1,0,0
BRDA:64,1,1,0
BRDA:191,2,0,0
BRDA:191,2,1,0
BRF:6
BRH:0
end_of_record
TN:
SF:src/react/hooks-substrate.ts
FN:95,useStaking
FN:105,(anonymous_1)
FN:118,(anonymous_2)
FN:119,(anonymous_3)
FN:120,(anonymous_4)
FN:121,(anonymous_5)
FN:122,(anonymous_6)
FN:138,(anonymous_7)
FN:144,(anonymous_8)
FN:147,(anonymous_9)
FN:152,(anonymous_10)
FN:163,(anonymous_11)
FN:173,(anonymous_12)
FN:182,(anonymous_13)
FN:192,(anonymous_14)
FN:268,useAleph
FN:282,(anonymous_16)
FN:295,(anonymous_17)
FN:296,(anonymous_18)
FN:299,(anonymous_19)
FN:300,(anonymous_20)
FN:301,(anonymous_21)
FN:317,(anonymous_22)
FN:323,(anonymous_23)
FN:326,(anonymous_24)
FN:331,(anonymous_25)
FN:340,(anonymous_26)
FN:349,(anonymous_27)
FN:422,useElections
FN:432,(anonymous_29)
FN:445,(anonymous_30)
FN:446,(anonymous_31)
FN:447,(anonymous_32)
FN:448,(anonymous_33)
FN:449,(anonymous_34)
FN:465,(anonymous_35)
FN:471,(anonymous_36)
FN:474,(anonymous_37)
FN:479,(anonymous_38)
FN:488,(anonymous_39)
FN:496,(anonymous_40)
FN:567,useUnifiedAccounts
FN:573,(anonymous_42)
FN:585,(anonymous_43)
FN:597,(anonymous_44)
FN:623,(anonymous_45)
FN:635,(anonymous_46)
FN:742,useGovernance
FN:753,(anonymous_48)
FN:766,(anonymous_49)
FN:767,(anonymous_50)
FN:768,(anonymous_51)
FN:769,(anonymous_52)
FN:770,(anonymous_53)
FN:798,(anonymous_54)
FN:804,(anonymous_55)
FN:807,(anonymous_56)
FN:812,(anonymous_57)
FN:821,(anonymous_58)
FN:830,(anonymous_59)
FN:841,(anonymous_60)
FN:852,(anonymous_61)
FN:875,(anonymous_62)
FN:886,(anonymous_63)
FN:897,(anonymous_64)
FNF:65
FNH:0
FNDA:0,useStaking
FNDA:0,(anonymous_1)
FNDA:0,(anonymous_2)
FNDA:0,(anonymous_3)
FNDA:0,(anonymous_4)
FNDA:0,(anonymous_5)
FNDA:0,(anonymous_6)
FNDA:0,(anonymous_7)
FNDA:0,(anonymous_8)
FNDA:0,(anonymous_9)
FNDA:0,(anonymous_10)
FNDA:0,(anonymous_11)
FNDA:0,(anonymous_12)
FNDA:0,(anonymous_13)
FNDA:0,(anonymous_14)
FNDA:0,useAleph
FNDA:0,(anonymous_16)
FNDA:0,(anonymous_17)
FNDA:0,(anonymous_18)
FNDA:0,(anonymous_19)
FNDA:0,(anonymous_20)
FNDA:0,(anonymous_21)
FNDA:0,(anonymous_22)
FNDA:0,(anonymous_23)
FNDA:0,(anonymous_24)
FNDA:0,(anonymous_25)
FNDA:0,(anonymous_26)
FNDA:0,(anonymous_27)
FNDA:0,useElections
FNDA:0,(anonymous_29)
FNDA:0,(anonymous_30)
FNDA:0,(anonymous_31)
FNDA:0,(anonymous_32)
FNDA:0,(anonymous_33)
FNDA:0,(anonymous_34)
FNDA:0,(anonymous_35)
FNDA:0,(anonymous_36)
FNDA:0,(anonymous_37)
FNDA:0,(anonymous_38)
FNDA:0,(anonymous_39)
FNDA:0,(anonymous_40)
FNDA:0,useUnifiedAccounts
FNDA:0,(anonymous_42)
FNDA:0,(anonymous_43)
FNDA:0,(anonymous_44)
FNDA:0,(anonymous_45)
FNDA:0,(anonymous_46)
FNDA:0,useGovernance
FNDA:0,(anonymous_48)
FNDA:0,(anonymous_49)
FNDA:0,(anonymous_50)
FNDA:0,(anonymous_51)
FNDA:0,(anonymous_52)
FNDA:0,(anonymous_53)
FNDA:0,(anonymous_54)
FNDA:0,(anonymous_55)
FNDA:0,(anonymous_56)
FNDA:0,(anonymous_57)
FNDA:0,(anonymous_58)
FNDA:0,(anonymous_59)
FNDA:0,(anonymous_60)
FNDA:0,(anonymous_61)
FNDA:0,(anonymous_62)
FNDA:0,(anonymous_63)
FNDA:0,(anonymous_64)
DA:96,0
DA:97,0
DA:98,0
DA:99,0
DA:100,0
DA:101,0
DA:102,0
DA:103,0
DA:105,0
DA:106,0
DA:108,0
DA:109,0
DA:110,0
DA:112,0
DA:113,0
DA:114,0
DA:117,0
DA:118,0
DA:119,0
DA:120,0
DA:121,0
DA:122,0
DA:125,0
DA:126,0
DA:127,0
DA:128,0
DA:129,0
DA:131,0
DA:132,0
DA:134,0
DA:138,0
DA:139,0
DA:140,0
DA:144,0
DA:145,0
DA:146,0
DA:147,0
DA:151,0
DA:153,0
DA:154,0
DA:155,0
DA:156,0
DA:157,0
DA:162,0
DA:164,0
DA:165,0
DA:166,0
DA:167,0
DA:168,0
DA:173,0
DA:174,0
DA:175,0
DA:176,0
DA:177,0
DA:178,0
DA:181,0
DA:183,0
DA:184,0
DA:185,0
DA:186,0
DA:187,0
DA:192,0
DA:193,0
DA:194,0
DA:195,0
DA:196,0
DA:197,0
DA:200,0
DA:269,0
DA:270,0
DA:271,0
DA:272,0
DA:273,0
DA:274,0
DA:279,0
DA:280,0
DA:282,0
DA:283,0
DA:285,0
DA:286,0
DA:287,0
DA:289,0
DA:290,0
DA:291,0
DA:294,0
DA:295,0
DA:296,0
DA:299,0
DA:300,0
DA:301,0
DA:304,0
DA:305,0
DA:306,0
DA:307,0
DA:308,0
DA:310,0
DA:311,0
DA:313,0
DA:317,0
DA:318,0
DA:319,0
DA:323,0
DA:324,0
DA:325,0
DA:326,0
DA:330,0
DA:332,0
DA:333,0
DA:334,0
DA:339,0
DA:341,0
DA:342,0
DA:343,0
DA:348,0
DA:350,0
DA:351,0
DA:352,0
DA:357,0
DA:423,0
DA:424,0
DA:425,0
DA:426,0
DA:427,0
DA:428,0
DA:429,0
DA:430,0
DA:432,0
DA:433,0
DA:435,0
DA:436,0
DA:437,0
DA:439,0
DA:440,0
DA:441,0
DA:444,0
DA:445,0
DA:446,0
DA:447,0
DA:448,0
DA:449,0
DA:452,0
DA:453,0
DA:454,0
DA:455,0
DA:456,0
DA:458,0
DA:459,0
DA:461,0
DA:465,0
DA:466,0
DA:467,0
DA:471,0
DA:472,0
DA:473,0
DA:474,0
DA:478,0
DA:480,0
DA:481,0
DA:482,0
DA:487,0
DA:489,0
DA:490,0
DA:491,0
DA:496,0
DA:497,0
DA:498,0
DA:499,0
DA:502,0
DA:568,0
DA:569,0
DA:570,0
DA:572,0
DA:574,0
DA:575,0
DA:576,0
DA:577,0
DA:579,0
DA:584,0
DA:586,0
DA:587,0
DA:588,0
DA:589,0
DA:591,0
DA:596,0
DA:598,0
DA:600,0
DA:601,0
DA:602,0
DA:604,0
DA:605,0
DA:606,0
DA:609,0
DA:610,0
DA:612,0
DA:613,0
DA:614,0
DA:616,0
DA:622,0
DA:624,0
DA:625,0
DA:626,0
DA:627,0
DA:629,0
DA:634,0
DA:636,0
DA:637,0
DA:638,0
DA:639,0
DA:641,0
DA:646,0
DA:743,0
DA:744,0
DA:745,0
DA:746,0
DA:747,0
DA:748,0
DA:749,0
DA:750,0
DA:751,0
DA:753,0
DA:754,0
DA:756,0
DA:757,0
DA:758,0
DA:760,0
DA:761,0
DA:762,0
DA:765,0
DA:766,0
DA:767,0
DA:768,0
DA:769,0
DA:770,0
DA:773,0
DA:774,0
DA:775,0
DA:776,0
DA:777,0
DA:780,0
DA:781,0
DA:782,0
DA:783,0
DA:784,0
DA:785,0
DA:788,0
DA:791,0
DA:792,0
DA:794,0
DA:798,0
DA:799,0
DA:800,0
DA:804,0
DA:805,0
DA:806,0
DA:807,0
DA:811,0
DA:813,0
DA:814,0
DA:815,0
DA:820,0
DA:822,0
DA:823,0
DA:824,0
DA:829,0
DA:831,0
DA:832,0
DA:833,0
DA:834,0
DA:835,0
DA:840,0
DA:842,0
DA:843,0
DA:844,0
DA:845,0
DA:846,0
DA:851,0
DA:859,0
DA:860,0
DA:861,0
DA:868,0
DA:869,0
DA:874,0
DA:876,0
DA:877,0
DA:878,0
DA:879,0
DA:880,0
DA:885,0
DA:887,0
DA:888,0
DA:889,0
DA:890,0
DA:891,0
DA:896,0
DA:898,0
DA:899,0
DA:900,0
DA:901,0
DA:902,0
DA:907,0
LF:300
LH:0
BRDA:95,0,0,0
BRDA:106,1,0,0
BRDA:106,1,1,0
BRDA:106,2,0,0
BRDA:106,2,1,0
BRDA:113,3,0,0
BRDA:113,3,1,0
BRDA:131,4,0,0
BRDA:131,4,1,0
BRDA:139,5,0,0
BRDA:139,5,1,0
BRDA:145,6,0,0
BRDA:145,6,1,0
BRDA:145,7,0,0
BRDA:145,7,1,0
BRDA:153,8,0,0
BRDA:153,8,1,0
BRDA:153,9,0,0
BRDA:153,9,1,0
BRDA:164,10,0,0
BRDA:164,10,1,0
BRDA:164,11,0,0
BRDA:164,11,1,0
BRDA:174,12,0,0
BRDA:174,12,1,0
BRDA:174,13,0,0
BRDA:174,13,1,0
BRDA:183,14,0,0
BRDA:183,14,1,0
BRDA:183,15,0,0
BRDA:183,15,1,0
BRDA:193,16,0,0
BRDA:193,16,1,0
BRDA:193,17,0,0
BRDA:193,17,1,0
BRDA:268,18,0,0
BRDA:283,19,0,0
BRDA:283,19,1,0
BRDA:283,20,0,0
BRDA:283,20,1,0
BRDA:290,21,0,0
BRDA:290,21,1,0
BRDA:310,22,0,0
BRDA:310,22,1,0
BRDA:318,23,0,0
BRDA:318,23,1,0
BRDA:324,24,0,0
BRDA:324,24,1,0
BRDA:324,25,0,0
BRDA:324,25,1,0
BRDA:332,26,0,0
BRDA:332,26,1,0
BRDA:332,27,0,0
BRDA:332,27,1,0
BRDA:340,28,0,0
BRDA:341,29,0,0
BRDA:341,29,1,0
BRDA:341,30,0,0
BRDA:341,30,1,0
BRDA:350,31,0,0
BRDA:350,31,1,0
BRDA:350,32,0,0
BRDA:350,32,1,0
BRDA:422,33,0,0
BRDA:433,34,0,0
BRDA:433,34,1,0
BRDA:433,35,0,0
BRDA:433,35,1,0
BRDA:440,36,0,0
BRDA:440,36,1,0
BRDA:458,37,0,0
BRDA:458,37,1,0
BRDA:466,38,0,0
BRDA:466,38,1,0
BRDA:472,39,0,0
BRDA:472,39,1,0
BRDA:472,40,0,0
BRDA:472,40,1,0
BRDA:480,41,0,0
BRDA:480,41,1,0
BRDA:480,42,0,0
BRDA:480,42,1,0
BRDA:489,43,0,0
BRDA:489,43,1,0
BRDA:489,44,0,0
BRDA:489,44,1,0
BRDA:497,45,0,0
BRDA:497,45,1,0
BRDA:497,46,0,0
BRDA:497,46,1,0
BRDA:574,47,0,0
BRDA:574,47,1,0
BRDA:576,48,0,0
BRDA:576,48,1,0
BRDA:586,49,0,0
BRDA:586,49,1,0
BRDA:588,50,0,0
BRDA:588,50,1,0
BRDA:598,51,0,0
BRDA:598,51,1,0
BRDA:598,52,0,0
BRDA:598,52,1,0
BRDA:605,53,0,0
BRDA:605,53,1,0
BRDA:612,54,0,0
BRDA:612,54,1,0
BRDA:624,55,0,0
BRDA:624,55,1,0
BRDA:626,56,0,0
BRDA:626,56,1,0
BRDA:636,57,0,0
BRDA:636,57,1,0
BRDA:638,58,0,0
BRDA:638,58,1,0
BRDA:742,59,0,0
BRDA:754,60,0,0
BRDA:754,60,1,0
BRDA:754,61,0,0
BRDA:754,61,1,0
BRDA:761,62,0,0
BRDA:761,62,1,0
BRDA:780,63,0,0
BRDA:780,63,1,0
BRDA:784,64,0,0
BRDA:784,64,1,0
BRDA:791,65,0,0
BRDA:791,65,1,0
BRDA:799,66,0,0
BRDA:799,66,1,0
BRDA:805,67,0,0
BRDA:805,67,1,0
BRDA:805,68,0,0
BRDA:805,68,1,0
BRDA:813,69,0,0
BRDA:813,69,1,0
BRDA:813,70,0,0
BRDA:813,70,1,0
BRDA:822,71,0,0
BRDA:822,71,1,0
BRDA:822,72,0,0
BRDA:822,72,1,0
BRDA:831,73,0,0
BRDA:831,73,1,0
BRDA:831,74,0,0
BRDA:831,74,1,0
BRDA:842,75,0,0
BRDA:842,75,1,0
BRDA:842,76,0,0
BRDA:842,76,1,0
BRDA:857,77,0,0
BRDA:859,78,0,0
BRDA:859,78,1,0
BRDA:859,79,0,0
BRDA:859,79,1,0
BRDA:876,80,0,0
BRDA:876,80,1,0
BRDA:876,81,0,0
BRDA:876,81,1,0
BRDA:887,82,0,0
BRDA:887,82,1,0
BRDA:887,83,0,0
BRDA:887,83,1,0
BRDA:898,84,0,0
BRDA:898,84,1,0
BRDA:898,85,0,0
BRDA:898,85,1,0
BRF:166
BRH:0
end_of_record
TN:
SF:src/react/hooks.ts
FN:40,useSelendraSDK
FN:172,useBalance
FN:187,(anonymous_2)
FN:209,(anonymous_3)
FN:214,(anonymous_4)
FN:218,(anonymous_5)
FN:227,(anonymous_6)
FN:233,(anonymous_7)
FN:241,(anonymous_8)
FN:248,(anonymous_9)
FN:298,useAccount
FN:314,(anonymous_11)
FN:337,(anonymous_12)
FN:342,(anonymous_13)
FN:346,(anonymous_14)
FN:391,useTransaction
FN:410,(anonymous_16)
FN:467,(anonymous_17)
FN:476,(anonymous_18)
FN:514,useContract
FN:523,(anonymous_20)
FN:552,(anonymous_21)
FN:559,(anonymous_22)
FN:570,(anonymous_23)
FN:581,(anonymous_24)
FN:592,(anonymous_25)
FN:640,useEvents
FN:650,(anonymous_27)
FN:652,(anonymous_28)
FN:659,(anonymous_29)
FN:661,(anonymous_30)
FN:670,(anonymous_31)
FN:681,(anonymous_32)
FN:682,(anonymous_33)
FN:686,(anonymous_34)
FN:691,(anonymous_35)
FN:693,(anonymous_36)
FN:739,useBlockSubscription
FN:760,(anonymous_38)
FN:762,(anonymous_39)
FN:775,(anonymous_40)
FN:784,(anonymous_41)
FN:795,(anonymous_42)
FN:804,(anonymous_43)
FN:806,(anonymous_44)
FN:813,(anonymous_45)
FN:814,(anonymous_46)
FN:843,useDebounce
FN:846,(anonymous_48)
FN:847,(anonymous_49)
FN:851,(anonymous_50)
FN:866,useLocalStorage
FN:870,(anonymous_52)
FN:881,(anonymous_53)
FN:902,usePrevious
FN:905,(anonymous_55)
FN:917,useIsMounted
FN:920,(anonymous_57)
FN:922,(anonymous_58)
FN:927,(anonymous_59)
FN:944,useMultiBalance
FN:950,(anonymous_61)
FN:964,useMultiContract
FN:969,(anonymous_63)
FN:984,useBatchTransactions
FN:999,(anonymous_65)
FNF:66
FNH:0
FNDA:0,useSelendraSDK
FNDA:0,useBalance
FNDA:0,(anonymous_2)
FNDA:0,(anonymous_3)
FNDA:0,(anonymous_4)
FNDA:0,(anonymous_5)
FNDA:0,(anonymous_6)
FNDA:0,(anonymous_7)
FNDA:0,(anonymous_8)
FNDA:0,(anonymous_9)
FNDA:0,useAccount
FNDA:0,(anonymous_11)
FNDA:0,(anonymous_12)
FNDA:0,(anonymous_13)
FNDA:0,(anonymous_14)
FNDA:0,useTransaction
FNDA:0,(anonymous_16)
FNDA:0,(anonymous_17)
FNDA:0,(anonymous_18)
FNDA:0,useContract
FNDA:0,(anonymous_20)
FNDA:0,(anonymous_21)
FNDA:0,(anonymous_22)
FNDA:0,(anonymous_23)
FNDA:0,(anonymous_24)
FNDA:0,(anonymous_25)
FNDA:0,useEvents
FNDA:0,(anonymous_27)
FNDA:0,(anonymous_28)
FNDA:0,(anonymous_29)
FNDA:0,(anonymous_30)
FNDA:0,(anonymous_31)
FNDA:0,(anonymous_32)
FNDA:0,(anonymous_33)
FNDA:0,(anonymous_34)
FNDA:0,(anonymous_35)
FNDA:0,(anonymous_36)
FNDA:0,useBlockSubscription
FNDA:0,(anonymous_38)
FNDA:0,(anonymous_39)
FNDA:0,(anonymous_40)
FNDA:0,(anonymous_41)
FNDA:0,(anonymous_42)
FNDA:0,(anonymous_43)
FNDA:0,(anonymous_44)
FNDA:0,(anonymous_45)
FNDA:0,(anonymous_46)
FNDA:0,useDebounce
FNDA:0,(anonymous_48)
FNDA:0,(anonymous_49)
FNDA:0,(anonymous_50)
FNDA:0,useLocalStorage
FNDA:0,(anonymous_52)
FNDA:0,(anonymous_53)
FNDA:0,usePrevious
FNDA:0,(anonymous_55)
FNDA:0,useIsMounted
FNDA:0,(anonymous_57)
FNDA:0,(anonymous_58)
FNDA:0,(anonymous_59)
FNDA:0,useMultiBalance
FNDA:0,(anonymous_61)
FNDA:0,useMultiContract
FNDA:0,(anonymous_63)
FNDA:0,useBatchTransactions
FNDA:0,(anonymous_65)
DA:41,0
DA:173,0
DA:179,0
DA:181,0
DA:182,0
DA:183,0
DA:185,0
DA:187,0
DA:188,0
DA:190,0
DA:191,0
DA:192,0
DA:194,0
DA:199,0
DA:201,0
DA:202,0
DA:204,0
DA:209,0
DA:210,0
DA:214,0
DA:215,0
DA:216,0
DA:218,0
DA:219,0
DA:220,0
DA:227,0
DA:228,0
DA:230,0
DA:232,0
DA:233,0
DA:234,0
DA:238,0
DA:241,0
DA:242,0
DA:243,0
DA:248,0
DA:249,0
DA:250,0
DA:257,0
DA:259,0
DA:270,0
DA:299,0
DA:305,0
DA:307,0
DA:308,0
DA:309,0
DA:310,0
DA:312,0
DA:314,0
DA:315,0
DA:317,0
DA:318,0
DA:319,0
DA:321,0
DA:322,0
DA:324,0
DA:325,0
DA:326,0
DA:329,0
DA:330,0
DA:332,0
DA:337,0
DA:338,0
DA:342,0
DA:343,0
DA:344,0
DA:346,0
DA:347,0
DA:348,0
DA:354,0
DA:356,0
DA:392,0
DA:399,0
DA:401,0
DA:404,0
DA:405,0
DA:406,0
DA:407,0
DA:409,0
DA:411,0
DA:412,0
DA:416,0
DA:419,0
DA:420,0
DA:422,0
DA:423,0
DA:424,0
DA:425,0
DA:427,0
DA:430,0
DA:438,0
DA:439,0
DA:440,0
DA:441,0
DA:443,0
DA:446,0
DA:449,0
DA:451,0
DA:454,0
DA:456,0
DA:457,0
DA:458,0
DA:459,0
DA:461,0
DA:467,0
DA:468,0
DA:469,0
DA:470,0
DA:472,0
DA:473,0
DA:476,0
DA:477,0
DA:478,0
DA:479,0
DA:482,0
DA:515,0
DA:516,0
DA:518,0
DA:519,0
DA:520,0
DA:521,0
DA:523,0
DA:524,0
DA:526,0
DA:527,0
DA:528,0
DA:530,0
DA:536,0
DA:541,0
DA:542,0
DA:544,0
DA:545,0
DA:547,0
DA:552,0
DA:553,0
DA:554,0
DA:558,0
DA:560,0
DA:561,0
DA:564,0
DA:569,0
DA:571,0
DA:572,0
DA:575,0
DA:580,0
DA:582,0
DA:583,0
DA:586,0
DA:591,0
DA:593,0
DA:594,0
DA:597,0
DA:602,0
DA:641,0
DA:642,0
DA:644,0
DA:645,0
DA:646,0
DA:647,0
DA:649,0
DA:651,0
DA:652,0
DA:655,0
DA:657,0
DA:660,0
DA:661,0
DA:662,0
DA:663,0
DA:668,0
DA:670,0
DA:671,0
DA:672,0
DA:673,0
DA:674,0
DA:681,0
DA:682,0
DA:683,0
DA:686,0
DA:687,0
DA:691,0
DA:692,0
DA:693,0
DA:695,0
DA:699,0
DA:700,0
DA:702,0
DA:742,0
DA:748,0
DA:750,0
DA:751,0
DA:752,0
DA:753,0
DA:754,0
DA:755,0
DA:756,0
DA:757,0
DA:759,0
DA:761,0
DA:762,0
DA:765,0
DA:766,0
DA:769,0
DA:771,0
DA:776,0
DA:777,0
DA:778,0
DA:779,0
DA:780,0
DA:784,0
DA:785,0
DA:786,0
DA:787,0
DA:788,0
DA:795,0
DA:796,0
DA:797,0
DA:798,0
DA:799,0
DA:804,0
DA:805,0
DA:806,0
DA:808,0
DA:813,0
DA:814,0
DA:815,0
DA:819,0
DA:844,0
DA:846,0
DA:847,0
DA:848,0
DA:851,0
DA:852,0
DA:856,0
DA:870,0
DA:871,0
DA:872,0
DA:873,0
DA:875,0
DA:876,0
DA:880,0
DA:882,0
DA:883,0
DA:884,0
DA:885,0
DA:887,0
DA:893,0
DA:903,0
DA:905,0
DA:906,0
DA:909,0
DA:918,0
DA:920,0
DA:921,0
DA:922,0
DA:923,0
DA:927,0
DA:948,0
DA:950,0
DA:951,0
DA:952,0
DA:955,0
DA:967,0
DA:969,0
DA:970,0
DA:971,0
DA:974,0
DA:994,0
DA:995,0
DA:996,0
DA:997,0
DA:999,0
DA:1000,0
DA:1001,0
DA:1004,0
DA:1005,0
DA:1006,0
DA:1007,0
DA:1009,0
DA:1010,0
DA:1012,0
DA:1013,0
DA:1015,0
DA:1017,0
DA:1018,0
DA:1020,0
DA:1023,0
DA:1026,0
DA:1027,0
DA:1029,0
DA:1030,0
DA:1031,0
DA:1033,0
DA:1034,0
DA:1038,0
LF:294
LH:0
BRDA:172,0,0,0
BRDA:175,1,0,0
BRDA:176,2,0,0
BRDA:177,3,0,0
BRDA:178,4,0,0
BRDA:188,5,0,0
BRDA:188,5,1,0
BRDA:188,6,0,0
BRDA:188,6,1,0
BRDA:188,6,2,0
BRDA:201,7,0,0
BRDA:201,7,1,0
BRDA:215,8,0,0
BRDA:215,8,1,0
BRDA:215,9,0,0
BRDA:215,9,1,0
BRDA:219,10,0,0
BRDA:219,10,1,0
BRDA:228,11,0,0
BRDA:228,11,1,0
BRDA:228,12,0,0
BRDA:228,12,1,0
BRDA:228,12,2,0
BRDA:228,12,3,0
BRDA:242,13,0,0
BRDA:242,13,1,0
BRDA:249,14,0,0
BRDA:249,14,1,0
BRDA:262,15,0,0
BRDA:262,15,1,0
BRDA:262,16,0,0
BRDA:262,16,1,0
BRDA:265,17,0,0
BRDA:265,17,1,0
BRDA:276,18,0,0
BRDA:276,18,1,0
BRDA:298,19,0,0
BRDA:301,20,0,0
BRDA:302,21,0,0
BRDA:303,22,0,0
BRDA:304,23,0,0
BRDA:315,24,0,0
BRDA:315,24,1,0
BRDA:315,25,0,0
BRDA:315,25,1,0
BRDA:324,26,0,0
BRDA:324,26,1,0
BRDA:324,27,0,0
BRDA:324,27,1,0
BRDA:329,28,0,0
BRDA:329,28,1,0
BRDA:343,29,0,0
BRDA:343,29,1,0
BRDA:347,30,0,0
BRDA:347,30,1,0
BRDA:354,31,0,0
BRDA:354,31,1,0
BRDA:354,31,2,0
BRDA:391,32,0,0
BRDA:394,33,0,0
BRDA:395,34,0,0
BRDA:396,35,0,0
BRDA:397,36,0,0
BRDA:398,37,0,0
BRDA:410,38,0,0
BRDA:411,39,0,0
BRDA:411,39,1,0
BRDA:431,40,0,0
BRDA:431,40,1,0
BRDA:432,41,0,0
BRDA:432,41,1,0
BRDA:433,42,0,0
BRDA:433,42,1,0
BRDA:434,43,0,0
BRDA:434,43,1,0
BRDA:438,44,0,0
BRDA:438,44,1,0
BRDA:440,45,0,0
BRDA:440,45,1,0
BRDA:449,46,0,0
BRDA:449,46,1,0
BRDA:456,47,0,0
BRDA:456,47,1,0
BRDA:468,48,0,0
BRDA:468,48,1,0
BRDA:514,49,0,0
BRDA:516,50,0,0
BRDA:516,51,0,0
BRDA:524,52,0,0
BRDA:524,52,1,0
BRDA:524,53,0,0
BRDA:524,53,1,0
BRDA:524,53,2,0
BRDA:544,54,0,0
BRDA:544,54,1,0
BRDA:553,55,0,0
BRDA:553,55,1,0
BRDA:560,56,0,0
BRDA:560,56,1,0
BRDA:571,57,0,0
BRDA:571,57,1,0
BRDA:582,58,0,0
BRDA:582,58,1,0
BRDA:593,59,0,0
BRDA:593,59,1,0
BRDA:640,60,0,0
BRDA:642,61,0,0
BRDA:642,62,0,0
BRDA:642,63,0,0
BRDA:642,64,0,0
BRDA:651,65,0,0
BRDA:651,65,1,0
BRDA:651,66,0,0
BRDA:651,66,1,0
BRDA:663,67,0,0
BRDA:663,67,1,0
BRDA:672,68,0,0
BRDA:672,68,1,0
BRDA:692,69,0,0
BRDA:692,69,1,0
BRDA:700,70,0,0
BRDA:700,70,1,0
BRDA:740,71,0,0
BRDA:744,72,0,0
BRDA:745,73,0,0
BRDA:746,74,0,0
BRDA:747,75,0,0
BRDA:761,76,0,0
BRDA:761,76,1,0
BRDA:761,77,0,0
BRDA:761,77,1,0
BRDA:765,78,0,0
BRDA:765,78,1,0
BRDA:785,79,0,0
BRDA:785,79,1,0
BRDA:796,80,0,0
BRDA:796,80,1,0
BRDA:805,81,0,0
BRDA:805,81,1,0
BRDA:873,82,0,0
BRDA:873,82,1,0
BRDA:883,83,0,0
BRDA:883,83,1,0
BRDA:946,84,0,0
BRDA:969,85,0,0
BRDA:985,86,0,0
BRDA:986,87,0,0
BRDA:1000,88,0,0
BRDA:1000,88,1,0
BRDA:1029,89,0,0
BRDA:1029,89,1,0
BRF:151
BRH:0
end_of_record
TN:
SF:src/react/index.ts
FNF:0
FNH:0
LF:0
LH:0
BRF:0
BRH:0
end_of_record
TN:
SF:src/react/types.ts
FNF:0
FNH:0
LF:0
LH:0
BRF:0
BRH:0
end_of_record
TN:
SF:src/react/utils.ts
FN:36,formatBalance
FN:86,formatAddress
FN:109,formatTxHash
FN:126,formatTimestamp
FN:171,formatGasPrice
FN:200,validateAddress
FN:260,validateAmount
FN:320,validateSecret
FN:381,formatErrorMessage
FN:422,getErrorSeverity
FN:454,calculateTransactionFee
FN:482,getTransactionStatusColor
FN:508,isTransactionConfirmed
FN:545,getChainDisplayName
FN:567,getChainColors
FN:599,getExplorerUrl
FN:619,isToday
FN:630,isYesterday
FN:648,formatDuration
FN:680,truncateString
FN:716,copyToClipboard
FN:753,safeLocalStorageSet
FN:774,safeLocalStorageGet
FN:797,safeLocalStorageRemove
FN:818,debounce
FN:824,executedFunction
FN:825,(anonymous_26)
FN:848,throttle
FN:854,executedFunction
FN:858,(anonymous_29)
FN:875,generateRandomId
FN:900,isEmpty
FN:931,deepClone
FN:941,(anonymous_33)
FN:967,retry
FN:986,(anonymous_35)
FN:998,isDevelopment
FN:1007,isProduction
FN:1016,getNetworkEnvironment
FNF:39
FNH:0
FNDA:0,formatBalance
FNDA:0,formatAddress
FNDA:0,formatTxHash
FNDA:0,formatTimestamp
FNDA:0,formatGasPrice
FNDA:0,validateAddress
FNDA:0,validateAmount
FNDA:0,validateSecret
FNDA:0,formatErrorMessage
FNDA:0,getErrorSeverity
FNDA:0,calculateTransactionFee
FNDA:0,getTransactionStatusColor
FNDA:0,isTransactionConfirmed
FNDA:0,getChainDisplayName
FNDA:0,getChainColors
FNDA:0,getExplorerUrl
FNDA:0,isToday
FNDA:0,isYesterday
FNDA:0,formatDuration
FNDA:0,truncateString
FNDA:0,copyToClipboard
FNDA:0,safeLocalStorageSet
FNDA:0,safeLocalStorageGet
FNDA:0,safeLocalStorageRemove
FNDA:0,debounce
FNDA:0,executedFunction
FNDA:0,(anonymous_26)
FNDA:0,throttle
FNDA:0,executedFunction
FNDA:0,(anonymous_29)
FNDA:0,generateRandomId
FNDA:0,isEmpty
FNDA:0,deepClone
FNDA:0,(anonymous_33)
FNDA:0,retry
FNDA:0,(anonymous_35)
FNDA:0,isDevelopment
FNDA:0,isProduction
FNDA:0,getNetworkEnvironment
DA:44,0
DA:46,0
DA:47,0
DA:50,0
DA:51,0
DA:52,0
DA:53,0
DA:57,0
DA:58,0
DA:59,0
DA:60,0
DA:61,0
DA:62,0
DA:63,0
DA:67,0
DA:68,0
DA:70,0
DA:87,0
DA:88,0
DA:91,0
DA:92,0
DA:93,0
DA:110,0
DA:130,0
DA:132,0
DA:134,0
DA:135,0
DA:136,0
DA:137,0
DA:138,0
DA:139,0
DA:140,0
DA:142,0
DA:143,0
DA:144,0
DA:145,0
DA:148,0
DA:172,0
DA:173,0
DA:175,0
DA:176,0
DA:179,0
DA:201,0
DA:202,0
DA:205,0
DA:206,0
DA:207,0
DA:210,0
DA:211,0
DA:212,0
DA:216,0
DA:218,0
DA:219,0
DA:221,0
DA:222,0
DA:224,0
DA:225,0
DA:227,0
DA:230,0
DA:231,0
DA:233,0
DA:234,0
DA:236,0
DA:239,0
DA:265,0
DA:266,0
DA:269,0
DA:270,0
DA:271,0
DA:274,0
DA:275,0
DA:276,0
DA:279,0
DA:280,0
DA:281,0
DA:285,0
DA:286,0
DA:288,0
DA:289,0
DA:293,0
DA:294,0
DA:295,0
DA:296,0
DA:300,0
DA:321,0
DA:322,0
DA:324,0
DA:325,0
DA:326,0
DA:329,0
DA:331,0
DA:332,0
DA:333,0
DA:335,0
DA:336,0
DA:339,0
DA:340,0
DA:342,0
DA:343,0
DA:346,0
DA:347,0
DA:350,0
DA:351,0
DA:352,0
DA:354,0
DA:355,0
DA:358,0
DA:382,0
DA:384,0
DA:385,0
DA:387,0
DA:388,0
DA:390,0
DA:391,0
DA:393,0
DA:394,0
DA:396,0
DA:397,0
DA:400,0
DA:403,0
DA:404,0
DA:407,0
DA:424,0
DA:426,0
DA:427,0
DA:430,0
DA:431,0
DA:434,0
DA:455,0
DA:456,0
DA:458,0
DA:459,0
DA:460,0
DA:464,0
DA:466,0
DA:483,0
DA:491,0
DA:513,0
DA:514,0
DA:517,0
DA:518,0
DA:521,0
DA:522,0
DA:523,0
DA:526,0
DA:546,0
DA:552,0
DA:568,0
DA:583,0
DA:600,0
DA:606,0
DA:620,0
DA:621,0
DA:631,0
DA:632,0
DA:633,0
DA:649,0
DA:650,0
DA:651,0
DA:653,0
DA:655,0
DA:656,0
DA:657,0
DA:659,0
DA:685,0
DA:686,0
DA:689,0
DA:691,0
DA:693,0
DA:695,0
DA:698,0
DA:699,0
DA:700,0
DA:717,0
DA:718,0
DA:719,0
DA:722,0
DA:723,0
DA:724,0
DA:725,0
DA:726,0
DA:727,0
DA:728,0
DA:729,0
DA:730,0
DA:731,0
DA:734,0
DA:754,0
DA:755,0
DA:756,0
DA:758,0
DA:775,0
DA:776,0
DA:777,0
DA:778,0
DA:780,0
DA:782,0
DA:783,0
DA:798,0
DA:799,0
DA:801,0
DA:824,0
DA:825,0
DA:826,0
DA:827,0
DA:830,0
DA:831,0
DA:854,0
DA:855,0
DA:856,0
DA:857,0
DA:858,0
DA:876,0
DA:877,0
DA:879,0
DA:880,0
DA:883,0
DA:901,0
DA:902,0
DA:905,0
DA:906,0
DA:909,0
DA:910,0
DA:913,0
DA:914,0
DA:917,0
DA:932,0
DA:933,0
DA:936,0
DA:937,0
DA:940,0
DA:941,0
DA:944,0
DA:945,0
DA:946,0
DA:947,0
DA:951,0
DA:974,0
DA:975,0
DA:976,0
DA:978,0
DA:980,0
DA:981,0
DA:985,0
DA:986,0
DA:990,0
DA:999,0
DA:1008,0
DA:1017,0
DA:1019,0
DA:1020,0
DA:1023,0
DA:1024,0
DA:1027,0
LF:254
LH:0
BRDA:36,0,0,0
BRDA:38,1,0,0
BRDA:39,2,0,0
BRDA:40,3,0,0
BRDA:41,4,0,0
BRDA:42,5,0,0
BRDA:43,6,0,0
BRDA:50,7,0,0
BRDA:50,7,1,0
BRDA:57,8,0,0
BRDA:57,8,1,0
BRDA:57,9,0,0
BRDA:57,9,1,0
BRDA:58,10,0,0
BRDA:58,10,1,0
BRDA:60,11,0,0
BRDA:60,11,1,0
BRDA:62,12,0,0
BRDA:62,12,1,0
BRDA:67,13,0,0
BRDA:67,13,1,0
BRDA:68,14,0,0
BRDA:68,14,1,0
BRDA:68,15,0,0
BRDA:68,15,1,0
BRDA:70,16,0,0
BRDA:70,16,1,0
BRDA:86,17,0,0
BRDA:87,18,0,0
BRDA:87,18,1,0
BRDA:87,19,0,0
BRDA:87,19,1,0
BRDA:109,20,0,0
BRDA:128,21,0,0
BRDA:130,22,0,0
BRDA:130,23,0,0
BRDA:134,24,0,0
BRDA:134,24,1,0
BRDA:142,25,0,0
BRDA:142,25,1,0
BRDA:142,26,0,0
BRDA:142,26,1,0
BRDA:143,27,0,0
BRDA:143,27,1,0
BRDA:143,28,0,0
BRDA:143,28,1,0
BRDA:144,29,0,0
BRDA:144,29,1,0
BRDA:144,30,0,0
BRDA:144,30,1,0
BRDA:171,31,0,0
BRDA:175,32,0,0
BRDA:175,32,1,0
BRDA:205,33,0,0
BRDA:205,33,1,0
BRDA:210,34,0,0
BRDA:210,34,1,0
BRDA:216,35,0,0
BRDA:216,35,1,0
BRDA:218,36,0,0
BRDA:218,36,1,0
BRDA:221,37,0,0
BRDA:221,37,1,0
BRDA:224,38,0,0
BRDA:224,38,1,0
BRDA:230,39,0,0
BRDA:230,39,1,0
BRDA:233,40,0,0
BRDA:233,40,1,0
BRDA:269,41,0,0
BRDA:269,41,1,0
BRDA:274,42,0,0
BRDA:274,42,1,0
BRDA:279,43,0,0
BRDA:279,43,1,0
BRDA:288,44,0,0
BRDA:288,44,1,0
BRDA:293,45,0,0
BRDA:293,45,1,0
BRDA:294,46,0,0
BRDA:294,46,1,0
BRDA:295,47,0,0
BRDA:295,47,1,0
BRDA:324,48,0,0
BRDA:324,48,1,0
BRDA:329,49,0,0
BRDA:329,49,1,0
BRDA:331,50,0,0
BRDA:331,50,1,0
BRDA:332,51,0,0
BRDA:332,51,1,0
BRDA:335,52,0,0
BRDA:335,52,1,0
BRDA:339,53,0,0
BRDA:339,53,1,0
BRDA:342,54,0,0
BRDA:342,54,1,0
BRDA:351,55,0,0
BRDA:351,55,1,0
BRDA:382,56,0,0
BRDA:382,56,1,0
BRDA:384,57,0,0
BRDA:384,57,1,0
BRDA:387,58,0,0
BRDA:387,58,1,0
BRDA:390,59,0,0
BRDA:390,59,1,0
BRDA:393,60,0,0
BRDA:393,60,1,0
BRDA:396,61,0,0
BRDA:396,61,1,0
BRDA:403,62,0,0
BRDA:403,62,1,0
BRDA:424,63,0,0
BRDA:424,63,1,0
BRDA:426,64,0,0
BRDA:426,64,1,0
BRDA:426,65,0,0
BRDA:426,65,1,0
BRDA:430,66,0,0
BRDA:430,66,1,0
BRDA:430,67,0,0
BRDA:430,67,1,0
BRDA:456,68,0,0
BRDA:456,68,1,0
BRDA:456,69,0,0
BRDA:456,69,1,0
BRDA:458,70,0,0
BRDA:458,70,1,0
BRDA:491,71,0,0
BRDA:491,71,1,0
BRDA:510,72,0,0
BRDA:513,73,0,0
BRDA:513,73,1,0
BRDA:513,74,0,0
BRDA:513,74,1,0
BRDA:517,75,0,0
BRDA:517,75,1,0
BRDA:521,76,0,0
BRDA:521,76,1,0
BRDA:521,77,0,0
BRDA:521,77,1,0
BRDA:552,78,0,0
BRDA:552,78,1,0
BRDA:583,79,0,0
BRDA:583,79,1,0
BRDA:606,80,0,0
BRDA:606,80,1,0
BRDA:655,81,0,0
BRDA:655,81,1,0
BRDA:656,82,0,0
BRDA:656,82,1,0
BRDA:657,83,0,0
BRDA:657,83,1,0
BRDA:657,84,0,0
BRDA:657,84,1,0
BRDA:683,85,0,0
BRDA:685,86,0,0
BRDA:685,86,1,0
BRDA:691,87,0,0
BRDA:691,87,1,0
BRDA:691,87,2,0
BRDA:691,87,3,0
BRDA:718,88,0,0
BRDA:718,88,1,0
BRDA:718,89,0,0
BRDA:718,89,1,0
BRDA:777,90,0,0
BRDA:777,90,1,0
BRDA:855,91,0,0
BRDA:855,91,1,0
BRDA:875,92,0,0
BRDA:901,93,0,0
BRDA:901,93,1,0
BRDA:901,94,0,0
BRDA:901,94,1,0
BRDA:905,95,0,0
BRDA:905,95,1,0
BRDA:909,96,0,0
BRDA:909,96,1,0
BRDA:913,97,0,0
BRDA:913,97,1,0
BRDA:932,98,0,0
BRDA:932,98,1,0
BRDA:932,99,0,0
BRDA:932,99,1,0
BRDA:936,100,0,0
BRDA:936,100,1,0
BRDA:940,101,0,0
BRDA:940,101,1,0
BRDA:946,102,0,0
BRDA:946,102,1,0
BRDA:969,103,0,0
BRDA:970,104,0,0
BRDA:978,105,0,0
BRDA:978,105,1,0
BRDA:980,106,0,0
BRDA:980,106,1,0
BRDA:1017,107,0,0
BRDA:1017,107,1,0
BRDA:1019,108,0,0
BRDA:1019,108,1,0
BRDA:1019,109,0,0
BRDA:1019,109,1,0
BRDA:1023,110,0,0
BRDA:1023,110,1,0
BRDA:1023,111,0,0
BRDA:1023,111,1,0
BRF:208
BRH:0
end_of_record
TN:
SF:src/react/examples/index.ts
FNF:0
FNH:0
LF:0
LH:0
BRF:0
BRH:0
end_of_record
TN:
SF:src/sdk/connection.ts
FN:19,(anonymous_0)
FN:26,(anonymous_1)
FN:48,(anonymous_2)
FN:60,(anonymous_3)
FN:70,(anonymous_4)
FN:80,(anonymous_5)
FN:84,(anonymous_6)
FN:124,(anonymous_7)
FN:162,(anonymous_8)
FN:168,(anonymous_9)
FNF:10
FNH:0
FNDA:0,(anonymous_0)
FNDA:0,(anonymous_1)
FNDA:0,(anonymous_2)
FNDA:0,(anonymous_3)
FNDA:0,(anonymous_4)
FNDA:0,(anonymous_5)
FNDA:0,(anonymous_6)
FNDA:0,(anonymous_7)
FNDA:0,(anonymous_8)
FNDA:0,(anonymous_9)
DA:20,0
DA:28,0
DA:29,0
DA:31,0
DA:34,0
DA:39,0
DA:42,0
DA:49,0
DA:50,0
DA:51,0
DA:54,0
DA:61,0
DA:62,0
DA:64,0
DA:71,0
DA:72,0
DA:74,0
DA:81,0
DA:85,0
DA:87,0
DA:93,0
DA:95,0
DA:97,0
DA:100,0
DA:101,0
DA:105,0
DA:106,0
DA:107,0
DA:108,0
DA:111,0
DA:113,0
DA:121,0
DA:125,0
DA:127,0
DA:130,0
DA:132,0
DA:134,0
DA:137,0
DA:138,0
DA:142,0
DA:143,0
DA:144,0
DA:145,0
DA:148,0
DA:155,0
DA:156,0
DA:158,0
DA:164,0
DA:165,0
DA:169,0
DA:171,0
DA:172,0
DA:176,0
DA:182,0
DA:185,0
DA:190,0
LF:56
LH:0
BRDA:28,0,0,0
BRDA:28,0,1,0
BRDA:29,1,0,0
BRDA:29,1,1,0
BRDA:49,2,0,0
BRDA:49,2,1,0
BRDA:61,3,0,0
BRDA:61,3,1,0
BRDA:71,4,0,0
BRDA:71,4,1,0
BRDA:85,5,0,0
BRDA:85,5,1,0
BRDA:95,6,0,0
BRDA:95,6,1,0
BRDA:95,7,0,0
BRDA:95,7,1,0
BRDA:97,8,0,0
BRDA:97,8,1,0
BRDA:100,9,0,0
BRDA:100,9,1,0
BRDA:105,10,0,0
BRDA:105,10,1,0
BRDA:107,11,0,0
BRDA:107,11,1,0
BRDA:125,12,0,0
BRDA:125,12,1,0
BRDA:132,13,0,0
BRDA:132,13,1,0
BRDA:132,14,0,0
BRDA:132,14,1,0
BRDA:137,15,0,0
BRDA:137,15,1,0
BRDA:142,16,0,0
BRDA:142,16,1,0
BRDA:144,17,0,0
BRDA:144,17,1,0
BRDA:150,18,0,0
BRDA:150,18,1,0
BRDA:169,19,0,0
BRDA:169,19,1,0
BRDA:171,20,0,0
BRDA:171,20,1,0
BRDA:182,21,0,0
BRDA:182,21,1,0
BRF:44
BRH:0
end_of_record
TN:
SF:src/sdk/evm.ts
FN:16,(anonymous_0)
FN:24,(anonymous_1)
FN:44,(anonymous_2)
FN:56,(anonymous_3)
FN:110,(anonymous_4)
FN:144,(anonymous_5)
FN:181,(anonymous_6)
FN:188,(anonymous_7)
FN:206,(anonymous_8)
FN:215,(anonymous_9)
FN:240,(anonymous_10)
FN:248,(anonymous_11)
FN:265,(anonymous_12)
FN:282,(anonymous_13)
FN:294,(anonymous_14)
FN:301,(anonymous_15)
FN:332,(anonymous_16)
FN:349,(anonymous_17)
FNF:18
FNH:0
FNDA:0,(anonymous_0)
FNDA:0,(anonymous_1)
FNDA:0,(anonymous_2)
FNDA:0,(anonymous_3)
FNDA:0,(anonymous_4)
FNDA:0,(anonymous_5)
FNDA:0,(anonymous_6)
FNDA:0,(anonymous_7)
FNDA:0,(anonymous_8)
FNDA:0,(anonymous_9)
FNDA:0,(anonymous_10)
FNDA:0,(anonymous_11)
FNDA:0,(anonymous_12)
FNDA:0,(anonymous_13)
FNDA:0,(anonymous_14)
FNDA:0,(anonymous_15)
FNDA:0,(anonymous_16)
FNDA:0,(anonymous_17)
DA:17,0
DA:18,0
DA:25,0
DA:30,0
DA:45,0
DA:46,0
DA:47,0
DA:49,0
DA:68,0
DA:69,0
DA:72,0
DA:75,0
DA:78,0
DA:88,0
DA:90,0
DA:103,0
DA:118,0
DA:119,0
DA:124,0
DA:125,0
DA:128,0
DA:137,0
DA:155,0
DA:156,0
DA:161,0
DA:162,0
DA:165,0
DA:174,0
DA:182,0
DA:195,0
DA:197,0
DA:198,0
DA:201,0
DA:207,0
DA:221,0
DA:222,0
DA:224,0
DA:231,0
DA:233,0
DA:241,0
DA:242,0
DA:253,0
DA:255,0
DA:266,0
DA:267,0
DA:273,0
DA:275,0
DA:283,0
DA:284,0
DA:285,0
DA:287,0
DA:295,0
DA:311,0
DA:313,0
DA:314,0
DA:317,0
DA:338,0
DA:339,0
DA:340,0
DA:342,0
DA:350,0
LF:61
LH:0
BRDA:31,0,0,0
BRDA:31,0,1,0
BRDA:75,1,0,0
BRDA:75,1,1,0
BRDA:82,2,0,0
BRDA:82,2,1,0
BRDA:83,3,0,0
BRDA:83,3,1,0
BRDA:84,4,0,0
BRDA:84,4,1,0
BRDA:124,5,0,0
BRDA:124,5,1,0
BRDA:129,6,0,0
BRDA:129,6,1,0
BRDA:146,7,0,0
BRDA:161,8,0,0
BRDA:161,8,1,0
BRDA:166,9,0,0
BRDA:166,9,1,0
BRDA:169,10,0,0
BRDA:169,10,1,0
BRDA:170,11,0,0
BRDA:170,11,1,0
BRDA:171,12,0,0
BRDA:171,12,1,0
BRDA:197,13,0,0
BRDA:197,13,1,0
BRDA:203,14,0,0
BRDA:203,14,1,0
BRDA:204,15,0,0
BRDA:204,15,1,0
BRDA:207,16,0,0
BRDA:207,16,1,0
BRDA:207,17,0,0
BRDA:207,17,1,0
BRDA:228,18,0,0
BRDA:228,18,1,0
BRDA:242,19,0,0
BRDA:242,19,1,0
BRDA:256,20,0,0
BRDA:256,20,1,0
BRDA:257,21,0,0
BRDA:257,21,1,0
BRDA:258,22,0,0
BRDA:258,22,1,0
BRDA:313,23,0,0
BRDA:313,23,1,0
BRDA:320,24,0,0
BRDA:320,24,1,0
BRDA:322,25,0,0
BRDA:322,25,1,0
BRDA:323,26,0,0
BRDA:323,26,1,0
BRDA:325,27,0,0
BRDA:325,27,1,0
BRF:55
BRH:0
end_of_record
TN:
SF:src/sdk/index.ts
FN:70,(anonymous_0)
FN:84,(anonymous_1)
FN:92,(anonymous_2)
FN:100,(anonymous_3)
FN:108,(anonymous_4)
FN:129,(anonymous_5)
FN:137,(anonymous_6)
FN:144,(anonymous_7)
FN:154,(anonymous_8)
FN:162,(anonymous_9)
FN:170,(anonymous_10)
FN:178,(anonymous_11)
FN:186,(anonymous_12)
FN:210,(anonymous_13)
FN:224,(anonymous_14)
FN:232,(anonymous_15)
FN:249,(anonymous_16)
FN:263,(anonymous_17)
FN:280,(anonymous_18)
FN:288,(anonymous_19)
FN:296,(anonymous_20)
FN:304,(anonymous_21)
FN:317,(anonymous_22)
FN:325,(anonymous_23)
FN:336,(anonymous_24)
FN:346,createSDK
FNF:26
FNH:0
FNDA:0,(anonymous_0)
FNDA:0,(anonymous_1)
FNDA:0,(anonymous_2)
FNDA:0,(anonymous_3)
FNDA:0,(anonymous_4)
FNDA:0,(anonymous_5)
FNDA:0,(anonymous_6)
FNDA:0,(anonymous_7)
FNDA:0,(anonymous_8)
FNDA:0,(anonymous_9)
FNDA:0,(anonymous_10)
FNDA:0,(anonymous_11)
FNDA:0,(anonymous_12)
FNDA:0,(anonymous_13)
FNDA:0,(anonymous_14)
FNDA:0,(anonymous_15)
FNDA:0,(anonymous_16)
FNDA:0,(anonymous_17)
FNDA:0,(anonymous_18)
FNDA:0,(anonymous_19)
FNDA:0,(anonymous_20)
FNDA:0,(anonymous_21)
FNDA:0,(anonymous_22)
FNDA:0,(anonymous_23)
FNDA:0,(anonymous_24)
FNDA:0,createSDK
DA:68,0
DA:71,0
DA:78,0
DA:85,0
DA:86,0
DA:93,0
DA:94,0
DA:101,0
DA:102,0
DA:109,0
DA:110,0
DA:113,0
DA:116,0
DA:117,0
DA:119,0
DA:120,0
DA:121,0
DA:123,0
DA:130,0
DA:131,0
DA:138,0
DA:145,0
DA:146,0
DA:148,0
DA:155,0
DA:156,0
DA:163,0
DA:164,0
DA:171,0
DA:172,0
DA:179,0
DA:180,0
DA:191,0
DA:194,0
DA:195,0
DA:197,0
DA:200,0
DA:214,0
DA:215,0
DA:225,0
DA:226,0
DA:242,0
DA:243,0
DA:256,0
DA:257,0
DA:273,0
DA:274,0
DA:281,0
DA:282,0
DA:289,0
DA:290,0
DA:297,0
DA:298,0
DA:310,0
DA:311,0
DA:318,0
DA:319,0
DA:332,0
DA:333,0
DA:337,0
DA:338,0
DA:347,0
DA:353,0
LF:63
LH:0
BRDA:70,0,0,0
BRDA:109,1,0,0
BRDA:109,1,1,0
BRDA:145,2,0,0
BRDA:145,2,1,0
BRDA:194,3,0,0
BRDA:194,3,1,0
BRDA:203,4,0,0
BRDA:203,4,1,0
BRDA:203,4,2,0
BRDA:337,5,0,0
BRDA:337,5,1,0
BRF:12
BRH:0
end_of_record
TN:
SF:src/sdk/substrate.ts
FN:35,(anonymous_0)
FN:47,(anonymous_1)
FN:57,(anonymous_2)
FN:67,(anonymous_3)
FN:77,(anonymous_4)
FN:87,(anonymous_5)
FN:114,(anonymous_6)
FN:134,(anonymous_7)
FN:185,(anonymous_8)
FN:233,(anonymous_9)
FN:242,(anonymous_10)
FN:246,(anonymous_11)
FN:281,(anonymous_12)
FN:289,(anonymous_13)
FN:311,(anonymous_14)
FN:318,(anonymous_15)
FN:339,(anonymous_16)
FN:350,(anonymous_17)
FN:364,(anonymous_18)
FN:376,(anonymous_19)
FN:377,(anonymous_20)
FN:393,(anonymous_21)
FNF:22
FNH:0
FNDA:0,(anonymous_0)
FNDA:0,(anonymous_1)
FNDA:0,(anonymous_2)
FNDA:0,(anonymous_3)
FNDA:0,(anonymous_4)
FNDA:0,(anonymous_5)
FNDA:0,(anonymous_6)
FNDA:0,(anonymous_7)
FNDA:0,(anonymous_8)
FNDA:0,(anonymous_9)
FNDA:0,(anonymous_10)
FNDA:0,(anonymous_11)
FNDA:0,(anonymous_12)
FNDA:0,(anonymous_13)
FNDA:0,(anonymous_14)
FNDA:0,(anonymous_15)
FNDA:0,(anonymous_16)
FNDA:0,(anonymous_17)
FNDA:0,(anonymous_18)
FNDA:0,(anonymous_19)
FNDA:0,(anonymous_20)
FNDA:0,(anonymous_21)
DA:36,0
DA:37,0
DA:38,0
DA:48,0
DA:49,0
DA:51,0
DA:58,0
DA:59,0
DA:61,0
DA:68,0
DA:69,0
DA:71,0
DA:78,0
DA:79,0
DA:81,0
DA:88,0
DA:94,0
DA:95,0
DA:97,0
DA:115,0
DA:116,0
DA:117,0
DA:119,0
DA:127,0
DA:145,0
DA:147,0
DA:150,0
DA:153,0
DA:165,0
DA:167,0
DA:178,0
DA:191,0
DA:192,0
DA:193,0
DA:195,0
DA:196,0
DA:199,0
DA:200,0
DA:202,0
DA:203,0
DA:205,0
DA:206,0
DA:207,0
DA:213,0
DA:214,0
DA:219,0
DA:226,0
DA:242,0
DA:243,0
DA:244,0
DA:246,0
DA:247,0
DA:249,0
DA:251,0
DA:252,0
DA:253,0
DA:254,0
DA:258,0
DA:259,0
DA:260,0
DA:262,0
DA:263,0
DA:264,0
DA:267,0
DA:282,0
DA:283,0
DA:297,0
DA:298,0
DA:300,0
DA:303,0
DA:304,0
DA:306,0
DA:311,0
DA:325,0
DA:327,0
DA:343,0
DA:345,0
DA:346,0
DA:349,0
DA:350,0
DA:355,0
DA:369,0
DA:375,0
DA:376,0
DA:377,0
DA:383,0
DA:394,0
LF:87
LH:0
BRDA:40,0,0,0
BRDA:40,0,1,0
BRDA:48,1,0,0
BRDA:48,1,1,0
BRDA:58,2,0,0
BRDA:58,2,1,0
BRDA:59,3,0,0
BRDA:59,3,1,0
BRDA:68,4,0,0
BRDA:68,4,1,0
BRDA:78,5,0,0
BRDA:78,5,1,0
BRDA:103,6,0,0
BRDA:103,6,1,0
BRDA:105,7,0,0
BRDA:105,7,1,0
BRDA:107,8,0,0
BRDA:107,8,1,0
BRDA:154,9,0,0
BRDA:154,9,1,0
BRDA:156,10,0,0
BRDA:156,10,1,0
BRDA:159,11,0,0
BRDA:159,11,1,0
BRDA:195,12,0,0
BRDA:195,12,1,0
BRDA:205,13,0,0
BRDA:205,13,1,0
BRDA:213,14,0,0
BRDA:213,14,1,0
BRDA:213,15,0,0
BRDA:213,15,1,0
BRDA:235,16,0,0
BRDA:249,17,0,0
BRDA:249,17,1,0
BRDA:251,18,0,0
BRDA:251,18,1,0
BRDA:253,19,0,0
BRDA:253,19,1,0
BRDA:258,20,0,0
BRDA:258,20,1,0
BRDA:258,21,0,0
BRDA:258,21,1,0
BRDA:262,22,0,0
BRDA:262,22,1,0
BRDA:271,23,0,0
BRDA:271,23,1,0
BRDA:297,24,0,0
BRDA:297,24,1,0
BRDA:345,25,0,0
BRDA:345,25,1,0
BRF:51
BRH:0
end_of_record
TN:
SF:src/sdk/unified.ts
FN:23,(anonymous_0)
FN:31,(anonymous_1)
FN:56,(anonymous_2)
FN:69,(anonymous_3)
FN:121,(anonymous_4)
FN:158,(anonymous_5)
FN:198,(anonymous_6)
FN:212,(anonymous_7)
FN:238,(anonymous_8)
FN:251,(anonymous_9)
FN:269,(anonymous_10)
FN:288,(anonymous_11)
FN:296,(anonymous_12)
FN:303,(anonymous_13)
FN:317,(anonymous_14)
FN:332,(anonymous_15)
FNF:16
FNH:0
FNDA:0,(anonymous_0)
FNDA:0,(anonymous_1)
FNDA:0,(anonymous_2)
FNDA:0,(anonymous_3)
FNDA:0,(anonymous_4)
FNDA:0,(anonymous_5)
FNDA:0,(anonymous_6)
FNDA:0,(anonymous_7)
FNDA:0,(anonymous_8)
FNDA:0,(anonymous_9)
FNDA:0,(anonymous_10)
FNDA:0,(anonymous_11)
FNDA:0,(anonymous_12)
FNDA:0,(anonymous_13)
FNDA:0,(anonymous_14)
FNDA:0,(anonymous_15)
DA:24,0
DA:25,0
DA:32,0
DA:38,0
DA:57,0
DA:58,0
DA:59,0
DA:60,0
DA:62,0
DA:80,0
DA:81,0
DA:84,0
DA:85,0
DA:86,0
DA:95,0
DA:97,0
DA:98,0
DA:100,0
DA:110,0
DA:115,0
DA:129,0
DA:134,0
DA:135,0
DA:142,0
DA:143,0
DA:152,0
DA:169,0
DA:170,0
DA:171,0
DA:180,0
DA:181,0
DA:182,0
DA:190,0
DA:199,0
DA:200,0
DA:201,0
DA:202,0
DA:205,0
DA:218,0
DA:219,0
DA:221,0
DA:222,0
DA:231,0
DA:239,0
DA:245,0
DA:259,0
DA:260,0
DA:262,0
DA:282,0
DA:290,0
DA:297,0
DA:304,0
DA:305,0
DA:306,0
DA:307,0
DA:309,0
DA:320,0
DA:325,0
DA:335,0
DA:336,0
DA:341,0
LF:61
LH:0
BRDA:39,0,0,0
BRDA:39,0,1,0
BRDA:39,0,2,0
BRDA:40,1,0,0
BRDA:40,1,1,0
BRDA:41,2,0,0
BRDA:41,2,1,0
BRDA:41,2,2,0
BRDA:42,3,0,0
BRDA:42,3,1,0
BRDA:42,4,0,0
BRDA:42,4,1,0
BRDA:46,5,0,0
BRDA:46,5,1,0
BRDA:47,6,0,0
BRDA:47,6,1,0
BRDA:47,6,2,0
BRDA:48,7,0,0
BRDA:48,7,1,0
BRDA:48,7,2,0
BRDA:57,8,0,0
BRDA:57,8,1,0
BRDA:59,9,0,0
BRDA:59,9,1,0
BRDA:84,10,0,0
BRDA:84,10,1,0
BRDA:85,11,0,0
BRDA:85,11,1,0
BRDA:97,12,0,0
BRDA:97,12,1,0
BRDA:134,13,0,0
BRDA:134,13,1,0
BRDA:134,14,0,0
BRDA:134,14,1,0
BRDA:142,15,0,0
BRDA:142,15,1,0
BRDA:142,16,0,0
BRDA:142,16,1,0
BRDA:160,17,0,0
BRDA:199,18,0,0
BRDA:199,18,1,0
BRDA:199,19,0,0
BRDA:199,19,1,0
BRDA:201,20,0,0
BRDA:201,20,1,0
BRDA:201,21,0,0
BRDA:201,21,1,0
BRDA:221,22,0,0
BRDA:221,22,1,0
BRDA:221,23,0,0
BRDA:221,23,1,0
BRDA:290,24,0,0
BRDA:290,24,1,0
BRDA:304,25,0,0
BRDA:304,25,1,0
BRDA:306,26,0,0
BRDA:306,26,1,0
BRF:57
BRH:0
end_of_record
TN:
SF:src/substrate/aleph.ts
FN:79,(anonymous_0)
FN:88,(anonymous_1)
FN:102,(anonymous_2)
FN:104,(anonymous_3)
FN:117,(anonymous_4)
FN:129,(anonymous_5)
FN:133,(anonymous_6)
FN:146,(anonymous_7)
FN:168,(anonymous_8)
FN:180,(anonymous_9)
FN:191,(anonymous_10)
FN:216,(anonymous_11)
FN:226,(anonymous_12)
FN:237,(anonymous_13)
FN:255,(anonymous_14)
FN:263,(anonymous_15)
FN:281,(anonymous_16)
FN:291,(anonymous_17)
FN:313,(anonymous_18)
FN:335,(anonymous_19)
FN:357,(anonymous_20)
FN:385,(anonymous_21)
FN:409,(anonymous_22)
FN:423,(anonymous_23)
FN:424,(anonymous_24)
FN:465,(anonymous_25)
FN:480,(anonymous_26)
FN:481,(anonymous_27)
FN:522,(anonymous_28)
FN:537,(anonymous_29)
FN:538,(anonymous_30)
FNF:31
FNH:24
FNDA:26,(anonymous_0)
FNDA:1,(anonymous_1)
FNDA:2,(anonymous_2)
FNDA:6,(anonymous_3)
FNDA:5,(anonymous_4)
FNDA:6,(anonymous_5)
FNDA:0,(anonymous_6)
FNDA:2,(anonymous_7)
FNDA:1,(anonymous_8)
FNDA:1,(anonymous_9)
FNDA:1,(anonymous_10)
FNDA:2,(anonymous_11)
FNDA:1,(anonymous_12)
FNDA:0,(anonymous_13)
FNDA:1,(anonymous_14)
FNDA:0,(anonymous_15)
FNDA:2,(anonymous_16)
FNDA:1,(anonymous_17)
FNDA:2,(anonymous_18)
FNDA:2,(anonymous_19)
FNDA:2,(anonymous_20)
FNDA:0,(anonymous_21)
FNDA:1,(anonymous_22)
FNDA:1,(anonymous_23)
FNDA:1,(anonymous_24)
FNDA:1,(anonymous_25)
FNDA:1,(anonymous_26)
FNDA:1,(anonymous_27)
FNDA:0,(anonymous_28)
FNDA:0,(anonymous_29)
FNDA:0,(anonymous_30)
DA:80,26
DA:89,1
DA:90,1
DA:103,2
DA:104,6
DA:106,2
DA:118,5
DA:119,5
DA:131,6
DA:133,0
DA:147,2
DA:149,2
DA:150,1
DA:153,1
DA:154,1
DA:169,1
DA:170,1
DA:171,1
DA:181,1
DA:182,1
DA:192,1
DA:199,1
DA:200,1
DA:202,1
DA:217,2
DA:218,2
DA:227,1
DA:228,1
DA:229,1
DA:238,0
DA:239,0
DA:240,0
DA:241,0
DA:244,0
DA:256,1
DA:257,1
DA:259,1
DA:260,1
DA:261,6
DA:262,6
DA:263,0
DA:264,0
DA:265,0
DA:269,6
DA:273,1
DA:282,2
DA:283,2
DA:292,1
DA:297,1
DA:298,1
DA:300,1
DA:314,2
DA:315,0
DA:318,2
DA:319,2
DA:320,1
DA:323,1
DA:324,1
DA:327,0
DA:336,2
DA:337,0
DA:340,2
DA:341,2
DA:342,1
DA:345,1
DA:346,1
DA:349,0
DA:358,2
DA:359,0
DA:362,2
DA:363,2
DA:364,1
DA:368,1
DA:369,1
DA:371,0
DA:374,1
DA:386,0
DA:393,0
DA:417,1
DA:418,0
DA:421,1
DA:423,1
DA:424,1
DA:425,1
DA:426,0
DA:427,0
DA:428,0
DA:429,0
DA:431,0
DA:434,0
DA:435,0
DA:441,0
DA:443,0
DA:446,1
DA:447,1
DA:474,1
DA:475,0
DA:478,1
DA:480,1
DA:481,1
DA:482,1
DA:483,0
DA:484,0
DA:485,0
DA:486,0
DA:488,0
DA:491,0
DA:492,0
DA:498,0
DA:500,0
DA:503,1
DA:504,1
DA:531,0
DA:532,0
DA:535,0
DA:537,0
DA:538,0
DA:539,0
DA:540,0
DA:541,0
DA:542,0
DA:543,0
DA:545,0
DA:548,0
DA:549,0
DA:555,0
DA:557,0
DA:560,0
DA:561,0
LF:129
LH:75
BRDA:149,0,0,1
BRDA:149,0,1,1
BRDA:200,1,0,1
BRDA:200,1,1,0
BRDA:255,2,0,0
BRDA:264,3,0,0
BRDA:264,3,1,0
BRDA:314,4,0,0
BRDA:314,4,1,2
BRDA:319,5,0,1
BRDA:319,5,1,1
BRDA:319,6,0,2
BRDA:319,6,1,2
BRDA:319,6,2,1
BRDA:323,7,0,1
BRDA:323,7,1,0
BRDA:336,8,0,0
BRDA:336,8,1,2
BRDA:341,9,0,1
BRDA:341,9,1,1
BRDA:341,10,0,2
BRDA:341,10,1,2
BRDA:341,10,2,1
BRDA:345,11,0,1
BRDA:345,11,1,0
BRDA:358,12,0,0
BRDA:358,12,1,2
BRDA:363,13,0,1
BRDA:363,13,1,1
BRDA:363,14,0,2
BRDA:363,14,1,2
BRDA:363,14,2,1
BRDA:368,15,0,1
BRDA:368,15,1,0
[...]
FN:434,(anonymous_25)
FN:443,(anonymous_26)
FN:465,(anonymous_27)
FN:474,(anonymous_28)
FN:483,(anonymous_29)
FN:493,(anonymous_30)
FN:501,(anonymous_31)
FN:510,(anonymous_32)
FN:516,(anonymous_33)
FN:525,(anonymous_34)
FNF:35
FNH:19
FNDA:4,isOptionNone
FNDA:8,unwrapOption
FNDA:1,isOptionSome
FNDA:10,codecToNumber
FNDA:22,(anonymous_4)
FNDA:4,(anonymous_5)
FNDA:0,(anonymous_6)
FNDA:0,(anonymous_7)
FNDA:0,(anonymous_8)
FNDA:0,(anonymous_9)
FNDA:0,(anonymous_10)
FNDA:2,(anonymous_11)
FNDA:0,(anonymous_12)
FNDA:1,(anonymous_13)
FNDA:0,(anonymous_14)
FNDA:1,(anonymous_15)
FNDA:0,(anonymous_16)
FNDA:0,(anonymous_17)
FNDA:0,(anonymous_18)
FNDA:0,(anonymous_19)
FNDA:0,(anonymous_20)
FNDA:2,(anonymous_21)
FNDA:0,(anonymous_22)
FNDA:0,(anonymous_23)
FNDA:0,(anonymous_24)
FNDA:4,(anonymous_25)
FNDA:2,(anonymous_26)
FNDA:1,(anonymous_27)
FNDA:1,(anonymous_28)
FNDA:1,(anonymous_29)
FNDA:1,(anonymous_30)
FNDA:2,(anonymous_31)
FNDA:1,(anonymous_32)
FNDA:3,(anonymous_33)
FNDA:0,(anonymous_34)
DA:17,4
DA:24,8
DA:25,6
DA:27,2
DA:34,1
DA:41,10
DA:42,0
DA:44,10
DA:45,8
DA:47,2
DA:48,2
DA:49,2
DA:51,0
DA:157,22
DA:168,4
DA:170,4
DA:172,4
DA:173,3
DA:176,0
DA:179,0
DA:183,0
DA:185,0
DA:186,0
DA:187,0
DA:190,0
DA:192,0
DA:193,0
DA:194,0
DA:197,0
DA:199,0
DA:200,0
DA:201,0
DA:205,0
DA:206,0
DA:207,0
DA:212,0
DA:232,2
DA:233,2
DA:246,0
DA:247,0
DA:260,1
DA:261,1
DA:274,0
DA:275,0
DA:288,1
DA:289,1
DA:298,0
DA:299,0
DA:314,0
DA:318,0
DA:319,0
DA:332,0
DA:333,0
DA:346,0
DA:347,0
DA:362,0
DA:363,0
DA:373,2
DA:380,2
DA:381,1
DA:384,1
DA:385,1
DA:386,1
DA:388,1
DA:411,0
DA:413,0
DA:414,0
DA:417,0
DA:418,0
DA:422,0
DA:426,0
DA:435,4
DA:436,4
DA:444,2
DA:446,2
DA:447,1
DA:450,1
DA:451,1
DA:452,0
DA:455,1
DA:466,1
DA:467,1
DA:475,1
DA:476,1
DA:484,1
DA:485,1
DA:494,1
DA:495,1
DA:496,1
DA:501,2
DA:511,1
DA:512,0
DA:515,1
DA:516,3
DA:528,0
DA:529,0
DA:531,0
DA:532,0
DA:537,0
LF:99
LH:50
BRDA:17,0,0,4
BRDA:17,0,1,2
BRDA:24,1,0,6
BRDA:24,1,1,2
BRDA:34,2,0,1
BRDA:34,2,1,0
BRDA:41,3,0,0
BRDA:41,3,1,10
BRDA:44,4,0,8
BRDA:44,4,1,2
BRDA:44,5,0,10
BRDA:44,5,1,8
BRDA:47,6,0,2
BRDA:47,6,1,0
BRDA:49,7,0,2
BRDA:49,7,1,0
BRDA:166,8,0,0
BRDA:170,9,0,4
BRDA:170,9,1,0
BRDA:181,10,0,0
BRDA:181,10,1,0
BRDA:185,11,0,0
BRDA:185,11,1,0
BRDA:185,12,0,0
BRDA:185,12,1,0
BRDA:186,13,0,0
BRDA:186,13,1,0
BRDA:192,14,0,0
BRDA:192,14,1,0
BRDA:192,15,0,0
BRDA:192,15,1,0
BRDA:192,15,2,0
BRDA:193,16,0,0
BRDA:193,16,1,0
BRDA:199,17,0,0
BRDA:199,17,1,0
BRDA:199,18,0,0
BRDA:199,18,1,0
BRDA:199,18,2,0
BRDA:200,19,0,0
BRDA:200,19,1,0
BRDA:205,20,0,0
BRDA:205,20,1,0
BRDA:205,21,0,0
BRDA:205,21,1,0
BRDA:205,21,2,0
BRDA:206,22,0,0
BRDA:206,22,1,0
BRDA:230,23,0,2
BRDA:244,24,0,0
BRDA:258,25,0,0
BRDA:272,26,0,0
BRDA:286,27,0,0
BRDA:297,28,0,0
BRDA:311,29,0,0
BRDA:312,30,0,0
BRDA:330,31,0,0
BRDA:344,32,0,0
BRDA:360,33,0,0
BRDA:380,34,0,1
BRDA:380,34,1,1
BRDA:393,35,0,0
BRDA:393,35,1,1
BRDA:413,36,0,0
BRDA:413,36,1,0
BRDA:446,37,0,1
BRDA:446,37,1,1
BRDA:451,38,0,0
BRDA:451,38,1,1
BRDA:511,39,0,0
BRDA:511,39,1,1
BRDA:531,40,0,0
BRDA:531,40,1,0
BRF:73
BRH:21
end_of_record
TN:
SF:src/types/address.ts
FN:195,(anonymous_0)
FN:250,(anonymous_1)
FN:292,(anonymous_2)
FN:305,(anonymous_3)
FN:319,(anonymous_4)
FNF:5
FNH:0
FNDA:0,(anonymous_0)
FNDA:0,(anonymous_1)
FNDA:0,(anonymous_2)
FNDA:0,(anonymous_3)
FNDA:0,(anonymous_4)
DA:157,0
DA:169,0
DA:196,0
DA:197,0
DA:204,0
DA:205,0
DA:214,0
DA:215,0
DA:224,0
DA:225,0
DA:227,0
DA:234,0
DA:241,0
DA:254,0
DA:256,0
DA:257,0
DA:260,0
DA:262,0
DA:264,0
DA:265,0
DA:268,0
DA:271,0
DA:272,0
DA:275,0
DA:278,0
DA:279,0
DA:282,0
DA:285,0
DA:293,0
DA:294,0
DA:295,0
DA:296,0
DA:298,0
DA:306,0
DA:308,0
DA:323,0
DA:325,0
DA:326,0
DA:329,0
DA:330,0
DA:331,0
LF:41
LH:0
BRDA:196,0,0,0
BRDA:196,0,1,0
BRDA:196,1,0,0
BRDA:196,1,1,0
BRDA:204,2,0,0
BRDA:204,2,1,0
BRDA:214,3,0,0
BRDA:214,3,1,0
BRDA:224,4,0,0
BRDA:224,4,1,0
BRDA:252,5,0,0
BRDA:256,6,0,0
BRDA:256,6,1,0
BRDA:257,7,0,0
BRDA:257,7,1,0
BRDA:260,8,0,0
BRDA:262,9,0,0
BRDA:262,9,1,0
BRDA:262,9,2,0
BRDA:262,9,3,0
BRDA:264,10,0,0
BRDA:264,10,1,0
BRDA:271,11,0,0
BRDA:271,11,1,0
BRDA:278,12,0,0
BRDA:278,12,1,0
BRDA:285,13,0,0
BRDA:285,13,1,0
BRDA:310,14,0,0
BRDA:310,14,1,0
BRDA:311,15,0,0
BRDA:311,15,1,0
BRDA:321,16,0,0
BRDA:323,17,0,0
BRDA:323,18,0,0
BRDA:323,19,0,0
BRDA:325,20,0,0
BRDA:325,20,1,0
BRF:38
BRH:0
end_of_record
TN:
SF:src/types/balance.ts
FN:183,(anonymous_0)
FN:214,(anonymous_1)
FN:253,(anonymous_2)
FN:273,(anonymous_3)
FN:299,(anonymous_4)
FN:315,(anonymous_5)
FN:327,(anonymous_6)
FN:336,(anonymous_7)
FN:345,(anonymous_8)
FN:353,(anonymous_9)
FNF:10
FNH:0
FNDA:0,(anonymous_0)
FNDA:0,(anonymous_1)
FNDA:0,(anonymous_2)
FNDA:0,(anonymous_3)
FNDA:0,(anonymous_4)
FNDA:0,(anonymous_5)
FNDA:0,(anonymous_6)
FNDA:0,(anonymous_7)
FNDA:0,(anonymous_8)
FNDA:0,(anonymous_9)
DA:166,0
DA:184,0
DA:185,0
DA:186,0
DA:190,0
DA:191,0
DA:193,0
DA:196,0
DA:197,0
DA:198,0
DA:199,0
DA:202,0
DA:221,0
DA:224,0
DA:225,0
DA:228,0
DA:229,0
DA:232,0
DA:235,0
DA:236,0
DA:237,0
DA:238,0
DA:242,0
DA:243,0
DA:244,0
DA:247,0
DA:255,0
DA:258,0
DA:261,0
DA:262,0
DA:264,0
DA:265,0
DA:267,0
DA:280,0
DA:281,0
DA:282,0
DA:284,0
DA:285,0
DA:287,0
DA:300,0
DA:301,0
DA:303,0
DA:304,0
DA:305,0
DA:306,0
DA:308,0
DA:316,0
DA:318,0
DA:319,0
DA:321,0
DA:328,0
DA:329,0
DA:330,0
DA:337,0
DA:338,0
DA:339,0
DA:346,0
DA:347,0
DA:354,0
DA:355,0
LF:60
LH:0
BRDA:190,0,0,0
BRDA:190,0,1,0
BRDA:196,1,0,0
BRDA:196,1,1,0
BRDA:198,2,0,0
BRDA:198,2,1,0
BRDA:214,3,0,0
BRDA:216,4,0,0
BRDA:217,5,0,0
BRDA:218,6,0,0
BRDA:219,7,0,0
BRDA:235,8,0,0
BRDA:235,8,1,0
BRDA:242,9,0,0
BRDA:242,9,1,0
BRDA:243,10,0,0
BRDA:243,10,1,0
BRDA:253,11,0,0
BRDA:262,12,0,0
BRDA:278,13,0,0
BRDA:300,14,0,0
BRDA:300,14,1,0
BRDA:301,15,0,0
BRDA:301,15,1,0
BRDA:303,16,0,0
BRDA:303,16,1,0
BRDA:305,17,0,0
BRDA:305,17,1,0
BRDA:315,18,0,0
BRDA:316,19,0,0
BRDA:316,19,1,0
BRDA:318,20,0,0
BRDA:318,20,1,0
BRDA:319,21,0,0
BRDA:319,21,1,0
BRDA:328,22,0,0
BRDA:328,22,1,0
BRDA:329,23,0,0
BRDA:329,23,1,0
BRDA:337,24,0,0
BRDA:337,24,1,0
BRDA:338,25,0,0
BRDA:338,25,1,0
BRDA:346,26,0,0
BRDA:346,26,1,0
BRDA:354,27,0,0
BRDA:354,27,1,0
BRF:47
BRH:0
end_of_record
TN:
SF:src/types/chain-info.ts
FN:342,(anonymous_0)
FN:349,(anonymous_1)
FN:356,(anonymous_2)
FN:363,(anonymous_3)
FN:370,(anonymous_4)
FN:378,(anonymous_5)
FN:391,(anonymous_6)
FN:413,(anonymous_7)
FN:435,(anonymous_8)
FNF:9
FNH:0
FNDA:0,(anonymous_0)
FNDA:0,(anonymous_1)
FNDA:0,(anonymous_2)
FNDA:0,(anonymous_3)
FNDA:0,(anonymous_4)
FNDA:0,(anonymous_5)
FNDA:0,(anonymous_6)
FNDA:0,(anonymous_7)
FNDA:0,(anonymous_8)
DA:343,0
DA:350,0
DA:357,0
DA:364,0
DA:371,0
DA:372,0
DA:379,0
DA:380,0
DA:381,0
DA:382,0
DA:384,0
DA:395,0
DA:396,0
DA:399,0
DA:403,0
DA:404,0
DA:406,0
DA:417,0
DA:418,0
DA:421,0
DA:425,0
DA:426,0
DA:428,0
DA:439,0
DA:440,0
DA:443,0
DA:447,0
DA:448,0
DA:450,0
LF:29
LH:0
BRDA:364,0,0,0
BRDA:364,0,1,0
BRDA:364,0,2,0
BRDA:379,1,0,0
BRDA:379,1,1,0
BRDA:381,2,0,0
BRDA:381,2,1,0
BRDA:395,3,0,0
BRDA:395,3,1,0
BRDA:399,4,0,0
BRDA:399,4,1,0
BRDA:403,5,0,0
BRDA:403,5,1,0
BRDA:417,6,0,0
BRDA:417,6,1,0
BRDA:421,7,0,0
BRDA:421,7,1,0
BRDA:425,8,0,0
BRDA:425,8,1,0
BRDA:439,9,0,0
BRDA:439,9,1,0
BRDA:443,10,0,0
BRDA:443,10,1,0
BRDA:447,11,0,0
BRDA:447,11,1,0
BRF:25
BRH:0
end_of_record
TN:
SF:src/types/common.ts
FNF:0
FNH:0
LF:0
LH:0
BRF:0
BRH:0
end_of_record
TN:
SF:src/types/connection.ts
FN:270,(anonymous_0)
FN:285,(anonymous_1)
FN:299,(anonymous_2)
FN:314,(anonymous_3)
FN:328,(anonymous_4)
FNF:5
FNH:0
FNDA:0,(anonymous_0)
FNDA:0,(anonymous_1)
FNDA:0,(anonymous_2)
FNDA:0,(anonymous_3)
FNDA:0,(anonymous_4)
DA:276,0
DA:277,0
DA:290,0
DA:291,0
DA:305,0
DA:306,0
DA:319,0
DA:320,0
DA:333,0
DA:334,0
DA:341,0
DA:352,0
DA:357,0
DA:366,0
LF:14
LH:0
BRF:0
BRH:0
end_of_record
TN:
SF:src/types/error.ts
FN:89,(anonymous_0)
FN:108,(anonymous_1)
FN:123,(anonymous_2)
FN:138,(anonymous_3)
FN:154,(anonymous_4)
FN:172,(anonymous_5)
FN:192,(anonymous_6)
FN:210,(anonymous_7)
FN:228,(anonymous_8)
FN:246,(anonymous_9)
FN:264,(anonymous_10)
FN:282,(anonymous_11)
FN:298,(anonymous_12)
FN:310,(anonymous_13)
FN:381,(anonymous_14)
FN:415,(anonymous_15)
FNF:16
FNH:0
FNDA:0,(anonymous_0)
FNDA:0,(anonymous_1)
FNDA:0,(anonymous_2)
FNDA:0,(anonymous_3)
FNDA:0,(anonymous_4)
FNDA:0,(anonymous_5)
FNDA:0,(anonymous_6)
FNDA:0,(anonymous_7)
FNDA:0,(anonymous_8)
FNDA:0,(anonymous_9)
FNDA:0,(anonymous_10)
FNDA:0,(anonymous_11)
FNDA:0,(anonymous_12)
FNDA:0,(anonymous_13)
FNDA:0,(anonymous_14)
FNDA:0,(anonymous_15)
DA:96,0
DA:97,0
DA:100,0
DA:101,0
DA:109,0
DA:124,0
DA:132,0
DA:139,0
DA:146,0
DA:160,0
DA:164,0
DA:179,0
DA:184,0
DA:198,0
DA:202,0
DA:216,0
DA:220,0
DA:234,0
DA:238,0
DA:252,0
DA:256,0
DA:270,0
DA:274,0
DA:288,0
DA:292,0
DA:299,0
DA:316,0
DA:318,0
DA:323,0
DA:326,0
DA:340,0
DA:352,0
DA:358,0
DA:366,0
DA:374,0
DA:382,0
DA:383,0
DA:387,0
DA:388,0
DA:390,0
DA:391,0
DA:394,0
DA:395,0
DA:398,0
DA:399,0
DA:403,0
DA:416,0
DA:464,0
LF:48
LH:0
BRDA:92,0,0,0
BRDA:100,1,0,0
BRDA:100,1,1,0
BRDA:299,2,0,0
BRDA:299,2,1,0
BRDA:316,3,0,0
BRDA:316,3,1,0
BRDA:318,4,0,0
BRDA:318,4,1,0
BRDA:318,4,2,0
BRDA:318,4,3,0
BRDA:318,4,4,0
BRDA:318,4,5,0
BRDA:318,4,6,0
BRDA:318,4,7,0
BRDA:318,4,8,0
BRDA:318,4,9,0
BRDA:318,4,10,0
BRDA:318,4,11,0
BRDA:318,4,12,0
BRDA:318,4,13,0
BRDA:318,4,14,0
BRDA:318,4,15,0
BRDA:318,4,16,0
BRDA:318,4,17,0
BRDA:318,4,18,0
BRDA:318,4,19,0
BRDA:318,4,20,0
BRDA:318,4,21,0
BRDA:328,5,0,0
BRDA:328,5,1,0
BRDA:368,6,0,0
BRDA:368,6,1,0
BRDA:382,7,0,0
BRDA:382,7,1,0
BRDA:390,8,0,0
BRDA:390,8,1,0
BRDA:390,9,0,0
BRDA:390,9,1,0
BRDA:394,10,0,0
BRDA:394,10,1,0
BRDA:394,11,0,0
BRDA:394,11,1,0
BRDA:394,11,2,0
BRDA:398,12,0,0
BRDA:398,12,1,0
BRDA:398,13,0,0
BRDA:398,13,1,0
BRDA:464,14,0,0
BRDA:464,14,1,0
BRF:50
BRH:0
end_of_record
TN:
SF:src/types/evm.ts
FNF:0
FNH:0
LF:0
LH:0
BRF:0
BRH:0
end_of_record
TN:
SF:src/types/hash.ts
FN:111,(anonymous_0)
FN:156,(anonymous_1)
FN:176,(anonymous_2)
FN:180,(anonymous_3)
FN:216,(anonymous_4)
FN:233,(anonymous_5)
FN:247,(anonymous_6)
FN:255,(anonymous_7)
FN:263,(anonymous_8)
FN:272,(anonymous_9)
FN:317,(anonymous_10)
FN:319,(anonymous_11)
FN:353,(anonymous_12)
FN:369,(anonymous_13)
FN:374,(anonymous_14)
FN:379,(anonymous_15)
FNF:16
FNH:0
FNDA:0,(anonymous_0)
FNDA:0,(anonymous_1)
FNDA:0,(anonymous_2)
FNDA:0,(anonymous_3)
FNDA:0,(anonymous_4)
FNDA:0,(anonymous_5)
FNDA:0,(anonymous_6)
FNDA:0,(anonymous_7)
FNDA:0,(anonymous_8)
FNDA:0,(anonymous_9)
FNDA:0,(anonymous_10)
FNDA:0,(anonymous_11)
FNDA:0,(anonymous_12)
FNDA:0,(anonymous_13)
FNDA:0,(anonymous_14)
FNDA:0,(anonymous_15)
DA:91,0
DA:112,0
DA:113,0
DA:120,0
DA:123,0
DA:124,0
DA:133,0
DA:134,0
DA:135,0
DA:136,0
DA:137,0
DA:138,0
DA:140,0
DA:146,0
DA:165,0
DA:169,0
DA:170,0
DA:172,0
DA:176,0
DA:178,0
DA:180,0
DA:181,0
DA:183,0
DA:184,0
DA:187,0
DA:195,0
DA:198,0
DA:199,0
DA:202,0
DA:203,0
DA:206,0
DA:207,0
DA:209,0
DA:214,0
DA:215,0
DA:216,0
DA:219,0
DA:223,0
DA:224,0
DA:227,0
DA:234,0
DA:235,0
DA:237,0
DA:238,0
DA:241,0
DA:248,0
DA:249,0
DA:256,0
DA:257,0
DA:267,0
DA:268,0
DA:272,0
DA:278,0
DA:279,0
DA:282,0
DA:283,0
DA:285,0
DA:286,0
DA:287,0
DA:290,0
DA:291,0
DA:293,0
DA:301,0
DA:304,0
DA:305,0
DA:308,0
DA:319,0
DA:320,0
DA:321,0
DA:324,0
DA:325,0
DA:328,0
DA:329,0
DA:330,0
DA:332,0
DA:333,0
DA:339,0
DA:342,0
DA:354,0
DA:356,0
DA:357,0
DA:362,0
DA:365,0
DA:371,0
DA:376,0
DA:381,0
LF:86
LH:0
BRDA:112,0,0,0
BRDA:112,0,1,0
BRDA:112,1,0,0
BRDA:112,1,1,0
BRDA:120,2,0,0
BRDA:120,2,1,0
BRDA:123,3,0,0
BRDA:123,3,1,0
BRDA:133,4,0,0
BRDA:133,4,1,0
BRDA:135,5,0,0
BRDA:135,5,1,0
BRDA:137,6,0,0
BRDA:137,6,1,0
BRDA:158,7,0,0
BRDA:161,8,0,0
BRDA:162,9,0,0
BRDA:163,10,0,0
BRDA:164,11,0,0
BRDA:169,12,0,0
BRDA:169,12,1,0
BRDA:170,13,0,0
BRDA:170,13,1,0
BRDA:170,13,2,0
BRDA:173,14,0,0
BRDA:173,14,1,0
BRDA:195,15,0,0
BRDA:195,15,1,0
BRDA:195,15,2,0
BRDA:195,15,3,0
BRDA:214,16,0,0
BRDA:214,16,1,0
BRDA:223,17,0,0
BRDA:223,17,1,0
BRDA:223,18,0,0
BRDA:223,18,1,0
BRDA:237,19,0,0
BRDA:237,19,1,0
BRDA:237,20,0,0
BRDA:237,20,1,0
BRDA:249,21,0,0
BRDA:249,21,1,0
BRDA:257,22,0,0
BRDA:257,22,1,0
BRDA:267,23,0,0
BRDA:267,23,1,0
BRDA:287,24,0,0
BRDA:287,24,1,0
BRDA:320,25,0,0
BRDA:320,25,1,0
BRDA:330,26,0,0
BRDA:330,26,1,0
BRDA:332,27,0,0
BRDA:332,27,1,0
BRDA:357,28,0,0
BRDA:357,28,1,0
BRF:56
BRH:0
end_of_record
TN:
SF:src/types/index.ts
FNF:0
FNH:0
LF:0
LH:0
BRF:0
BRH:0
end_of_record
TN:
SF:src/types/network.ts
FN:223,getNetworkConfig
FN:230,getMainnetNetworks
FN:231,(anonymous_2)
FN:237,getTestnetNetworks
FN:238,(anonymous_4)
FN:244,getEvmNetworks
FN:245,(anonymous_6)
FN:253,getSubstrateNetworks
FN:254,(anonymous_8)
FNF:9
FNH:0
FNDA:0,getNetworkConfig
FNDA:0,getMainnetNetworks
FNDA:0,(anonymous_2)
FNDA:0,getTestnetNetworks
FNDA:0,(anonymous_4)
FNDA:0,getEvmNetworks
FNDA:0,(anonymous_6)
FNDA:0,getSubstrateNetworks
FNDA:0,(anonymous_8)
DA:108,0
DA:224,0
DA:231,0
DA:238,0
DA:245,0
DA:246,0
DA:254,0
DA:255,0
LF:8
LH:0
BRF:0
BRH:0
end_of_record
TN:
SF:src/types/sdk-types.ts
FNF:0
FNH:0
LF:0
LH:0
BRF:0
BRH:0
end_of_record
TN:
SF:src/types/signature.ts
FN:173,(anonymous_0)
FN:207,(anonymous_1)
FN:237,(anonymous_2)
FN:284,(anonymous_3)
FN:313,(anonymous_4)
FN:336,(anonymous_5)
FN:356,(anonymous_6)
FN:391,(anonymous_7)
FN:395,(anonymous_8)
FN:408,(anonymous_9)
FN:419,(anonymous_10)
FN:428,(anonymous_11)
FN:432,(anonymous_12)
FN:441,(anonymous_13)
FN:443,(anonymous_14)
FN:446,(anonymous_15)
FN:448,(anonymous_16)
FN:452,(anonymous_17)
FN:453,(anonymous_18)
FN:456,(anonymous_19)
FNF:20
FNH:0
FNDA:0,(anonymous_0)
FNDA:0,(anonymous_1)
FNDA:0,(anonymous_2)
FNDA:0,(anonymous_3)
FNDA:0,(anonymous_4)
FNDA:0,(anonymous_5)
FNDA:0,(anonymous_6)
FNDA:0,(anonymous_7)
FNDA:0,(anonymous_8)
FNDA:0,(anonymous_9)
FNDA:0,(anonymous_10)
FNDA:0,(anonymous_11)
FNDA:0,(anonymous_12)
FNDA:0,(anonymous_13)
FNDA:0,(anonymous_14)
FNDA:0,(anonymous_15)
FNDA:0,(anonymous_16)
FNDA:0,(anonymous_17)
FNDA:0,(anonymous_18)
FNDA:0,(anonymous_19)
DA:174,0
DA:175,0
DA:178,0
DA:181,0
DA:185,0
DA:189,0
DA:193,0
DA:197,0
DA:200,0
DA:212,0
DA:215,0
DA:217,0
DA:231,0
DA:242,0
DA:245,0
DA:253,0
DA:255,0
DA:259,0
DA:260,0
DA:267,0
DA:273,0
DA:288,0
DA:289,0
DA:293,0
DA:294,0
DA:295,0
DA:300,0
DA:302,0
DA:317,0
DA:319,0
DA:320,0
DA:322,0
DA:323,0
DA:325,0
DA:326,0
DA:327,0
DA:332,0
DA:335,0
DA:336,0
DA:338,0
DA:344,0
DA:361,0
DA:362,0
DA:368,0
DA:370,0
DA:371,0
DA:373,0
DA:374,0
DA:376,0
DA:380,0
DA:382,0
DA:384,0
DA:386,0
DA:392,0
DA:396,0
DA:398,0
DA:402,0
DA:404,0
DA:416,0
DA:425,0
DA:429,0
DA:438,0
DA:442,0
DA:443,0
DA:447,0
DA:448,0
DA:453,0
DA:457,0
LF:68
LH:0
BRDA:174,0,0,0
BRDA:174,0,1,0
BRDA:174,1,0,0
BRDA:174,1,1,0
BRDA:178,2,0,0
BRDA:178,2,1,0
BRDA:178,2,2,0
BRDA:178,2,3,0
BRDA:178,2,4,0
BRDA:178,2,5,0
BRDA:197,3,0,0
BRDA:197,3,1,0
BRDA:210,4,0,0
BRDA:212,5,0,0
BRDA:212,6,0,0
BRDA:221,7,0,0
BRDA:221,7,1,0
BRDA:253,8,0,0
BRDA:253,8,1,0
BRDA:253,9,0,0
BRDA:253,9,1,0
BRDA:259,10,0,0
BRDA:259,10,1,0
BRDA:259,11,0,0
BRDA:259,11,1,0
BRDA:259,11,2,0
BRDA:275,12,0,0
BRDA:275,12,1,0
BRDA:288,13,0,0
BRDA:288,13,1,0
BRDA:294,14,0,0
BRDA:294,14,1,0
BRDA:325,15,0,0
BRDA:325,15,1,0
BRDA:325,16,0,0
BRDA:325,16,1,0
BRDA:339,17,0,0
BRDA:339,17,1,0
BRDA:347,18,0,0
BRDA:347,18,1,0
BRDA:361,19,0,0
BRDA:361,19,1,0
BRDA:368,20,0,0
BRDA:368,20,1,0
BRDA:368,20,2,0
BRDA:380,21,0,0
BRDA:380,21,1,0
BRDA:380,21,2,0
BRDA:392,22,0,0
BRDA:392,22,1,0
BRDA:396,23,0,0
BRDA:396,23,1,0
BRDA:396,23,2,0
BRDA:398,24,0,0
BRDA:398,24,1,0
BRDA:442,25,0,0
BRDA:442,25,1,0
BRDA:443,26,0,0
BRDA:443,26,1,0
BRF:59
BRH:0
end_of_record
TN:
SF:src/types/substrate.ts
FNF:0
FNH:0
LF:0
LH:0
BRF:0
BRH:0
end_of_record
TN:
SF:src/unified/accounts.ts
FN:23,(anonymous_0)
FN:36,(anonymous_1)
FN:44,(anonymous_2)
FN:59,(anonymous_3)
FN:84,(anonymous_4)
FN:91,(anonymous_5)
FN:98,(anonymous_6)
FN:108,(anonymous_7)
FN:115,(anonymous_8)
FN:128,(anonymous_9)
FN:136,(anonymous_10)
FN:143,(anonymous_11)
FN:151,(anonymous_12)
FN:161,(anonymous_13)
FN:209,(anonymous_14)
FN:222,(anonymous_15)
FN:245,(anonymous_16)
FN:246,(anonymous_17)
FN:257,(anonymous_18)
FN:280,(anonymous_19)
FN:303,(anonymous_20)
FN:320,(anonymous_21)
FN:327,(anonymous_22)
FN:328,(anonymous_23)
FN:341,(anonymous_24)
FN:377,(anonymous_25)
FN:390,(anonymous_26)
FN:391,(anonymous_27)
FN:404,(anonymous_28)
FN:430,(anonymous_29)
FN:489,(anonymous_30)
FN:496,(anonymous_31)
FN:503,(anonymous_32)
FN:510,(anonymous_33)
FN:522,(anonymous_34)
FNF:35
FNH:24
FNDA:12,(anonymous_0)
FNDA:12,(anonymous_1)
FNDA:12,(anonymous_2)
FNDA:0,(anonymous_3)
FNDA:8,(anonymous_4)
FNDA:10,(anonymous_5)
FNDA:0,(anonymous_6)
FNDA:0,(anonymous_7)
FNDA:0,(anonymous_8)
FNDA:28,(anonymous_9)
FNDA:0,(anonymous_10)
FNDA:1,(anonymous_11)
FNDA:1,(anonymous_12)
FNDA:3,(anonymous_13)
FNDA:0,(anonymous_14)
FNDA:6,(anonymous_15)
FNDA:3,(anonymous_16)
FNDA:5,(anonymous_17)
FNDA:2,(anonymous_18)
FNDA:5,(anonymous_19)
FNDA:3,(anonymous_20)
FNDA:1,(anonymous_21)
FNDA:1,(anonymous_22)
FNDA:1,(anonymous_23)
FNDA:1,(anonymous_24)
FNDA:1,(anonymous_25)
FNDA:1,(anonymous_26)
FNDA:1,(anonymous_27)
FNDA:1,(anonymous_28)
FNDA:1,(anonymous_29)
FNDA:0,(anonymous_30)
FNDA:0,(anonymous_31)
FNDA:0,(anonymous_32)
FNDA:0,(anonymous_33)
FNDA:0,(anonymous_34)
DA:24,12
DA:25,0
DA:26,0
DA:28,12
DA:29,12
DA:37,12
DA:45,12
DA:46,12
DA:48,12
DA:49,12
DA:51,0
DA:60,0
DA:61,0
DA:62,0
DA:66,0
DA:70,0
DA:71,0
DA:75,0
DA:77,0
DA:85,8
DA:92,10
DA:99,0
DA:109,0
DA:116,0
DA:129,28
DA:130,28
DA:137,0
DA:144,1
DA:145,1
DA:152,1
DA:153,1
DA:166,3
DA:169,3
DA:170,3
DA:172,3
DA:173,3
DA:174,3
DA:177,3
DA:178,3
DA:179,3
DA:180,3
DA:181,3
DA:182,3
DA:183,3
DA:188,0
DA:192,3
DA:193,3
DA:195,3
DA:210,0
DA:211,0
DA:213,0
DA:214,0
DA:216,0
DA:224,6
DA:225,3
DA:229,3
DA:230,0
DA:234,3
DA:235,3
DA:236,2
DA:238,1
DA:246,3
DA:247,5
DA:248,5
DA:258,2
DA:259,2
DA:260,0
DA:261,0
DA:264,2
DA:265,2
DA:266,1
DA:268,1
DA:270,0
DA:271,0
DA:281,5
DA:282,5
DA:283,0
DA:284,0
DA:287,5
DA:288,5
DA:289,3
DA:290,3
DA:292,2
DA:294,0
DA:295,0
DA:304,3
DA:306,3
DA:307,0
DA:308,0
DA:310,3
DA:311,3
DA:321,1
DA:322,0
DA:325,1
DA:327,1
DA:328,1
DA:329,1
DA:330,0
DA:331,0
DA:332,0
DA:333,0
DA:335,0
DA:339,1
DA:340,1
DA:342,1
DA:345,1
DA:346,1
DA:347,1
DA:353,0
DA:378,1
DA:379,0
DA:383,1
DA:384,1
DA:385,0
DA:388,1
DA:390,1
DA:391,1
DA:392,1
DA:393,0
DA:394,0
DA:395,0
DA:396,0
DA:398,0
DA:402,1
DA:403,1
DA:405,1
DA:408,1
DA:409,1
DA:410,1
DA:416,0
DA:433,1
DA:434,1
DA:435,1
DA:438,1
DA:445,1
DA:463,1
DA:466,1
DA:467,1
DA:472,1
DA:478,1
DA:485,1
DA:490,0
DA:497,0
DA:504,0
DA:511,0
DA:512,0
DA:513,0
DA:515,0
DA:523,0
DA:524,0
DA:527,0
DA:528,0
LF:152
LH:94
BRDA:23,0,0,2
BRDA:24,1,0,0
BRDA:24,1,1,12
BRDA:61,2,0,0
BRDA:61,2,1,0
BRDA:61,3,0,0
BRDA:61,3,1,0
BRDA:128,4,0,28
BRDA:172,5,0,3
BRDA:172,5,1,0
BRDA:173,6,0,3
BRDA:173,6,1,0
BRDA:174,7,0,3
BRDA:174,7,1,0
BRDA:179,8,0,3
BRDA:179,8,1,0
BRDA:179,9,0,3
BRDA:179,9,1,3
BRDA:181,10,0,3
BRDA:181,10,1,0
BRDA:181,11,0,3
BRDA:181,11,1,3
BRDA:183,12,0,3
BRDA:183,12,1,0
BRDA:216,13,0,0
BRDA:216,13,1,0
BRDA:224,14,0,3
BRDA:224,14,1,3
BRDA:224,15,0,6
BRDA:224,15,1,3
BRDA:229,16,0,0
BRDA:229,16,1,3
BRDA:248,17,0,3
BRDA:248,17,1,2
BRDA:259,18,0,0
BRDA:259,18,1,2
BRDA:259,19,0,2
BRDA:259,19,1,2
BRDA:265,20,0,1
BRDA:265,20,1,1
BRDA:265,21,0,2
BRDA:265,21,1,2
BRDA:265,21,2,1
BRDA:282,22,0,0
BRDA:282,22,1,5
BRDA:282,23,0,5
BRDA:282,23,1,5
BRDA:288,24,0,3
BRDA:288,24,1,2
BRDA:288,25,0,5
BRDA:288,25,1,5
BRDA:288,25,2,3
BRDA:306,26,0,0
BRDA:306,26,1,3
BRDA:321,27,0,0
BRDA:321,27,1,1
BRDA:321,28,0,1
BRDA:321,28,1,1
BRDA:329,29,0,0
BRDA:329,29,1,1
BRDA:330,30,0,0
BRDA:330,30,1,0
BRDA:339,31,0,1
BRDA:339,31,1,0
BRDA:339,32,0,1
BRDA:339,32,1,1
BRDA:342,33,0,1
BRDA:342,33,1,1
BRDA:345,34,0,1
BRDA:345,34,1,0
BRDA:350,35,0,1
BRDA:350,35,1,1
BRDA:378,36,0,0
BRDA:378,36,1,1
BRDA:378,37,0,1
BRDA:378,37,1,1
BRDA:383,38,0,1
BRDA:383,38,1,0
BRDA:384,39,0,0
BRDA:384,39,1,1
BRDA:392,40,0,0
BRDA:392,40,1,1
BRDA:393,41,0,0
BRDA:393,41,1,0
BRDA:402,42,0,1
BRDA:402,42,1,0
BRDA:402,43,0,1
BRDA:402,43,1,1
BRDA:405,44,0,1
BRDA:405,44,1,1
BRDA:408,45,0,1
BRDA:408,45,1,0
BRDA:413,46,0,1
BRDA:413,46,1,1
BRDA:489,47,0,0
BRDA:496,48,0,0
BRDA:522,49,0,0
BRDA:523,50,0,0
BRDA:523,50,1,0
BRF:99
BRH:63
end_of_record
TN:
SF:src/unified/index.ts
FNF:0
FNH:0
LF:0
LH:0
BRF:0
BRH:0
end_of_record
